Started by user [8mha:AAAAmR+LCAAAAAAAAP9b85aBtbiIQTGjNKU4P08vOT+vOD8nVc83PyU1x6OyILUoJzMv2y+/JJUBAhiZGBgqihhk0NSjKDWzXb3RdlLBUSYGJk8GtpzUvPSSDB8G5tKinBIGIZ+sxLJE/ZzEvHT94JKizLx0a6BxUmjGOUNodHsLgAz2EgZe/dLi1CJ9r9S87My8YgBaj5+swgAAAA==[0mJenkins
Building in workspace /Users/Shared/Jenkins/Home/workspace/game-of-life-default
 > git rev-parse --is-inside-work-tree # timeout=10
Fetching changes from the remote Git repository
 > git config remote.origin.url https://github.com/vinhpham1/game-of-life.git # timeout=10
Fetching upstream changes from https://github.com/vinhpham1/game-of-life.git
 > git --version # timeout=10
 > git fetch --tags --progress https://github.com/vinhpham1/game-of-life.git +refs/heads/*:refs/remotes/origin/*
 > git rev-parse refs/remotes/origin/master^{commit} # timeout=10
 > git rev-parse refs/remotes/origin/origin/master^{commit} # timeout=10
Checking out Revision ce7a8345329907ef9596bb7b51887602277763c6 (refs/remotes/origin/master)
 > git config core.sparsecheckout # timeout=10
 > git checkout -f ce7a8345329907ef9596bb7b51887602277763c6
 > git rev-list ce7a8345329907ef9596bb7b51887602277763c6 # timeout=10
[game-of-life-default] $ /Users/Shared/Jenkins/Home/tools/hudson.tasks.Maven_MavenInstallation/3.3.9/bin/mvn clean package
[INFO] Scanning for projects...
[INFO] ------------------------------------------------------------------------
[INFO] Reactor Build Order:
[INFO] 
[INFO] gameoflife
[INFO] gameoflife-build
[INFO] gameoflife-core
[INFO] gameoflife-web
[INFO]                                                                         
[INFO] ------------------------------------------------------------------------
[INFO] Building gameoflife 1.0-SNAPSHOT
[INFO] ------------------------------------------------------------------------
[INFO] 
[8mha:AAAAYB+LCAAAAAAAAP9b85aBtbiIQSmjNKU4P0+vJLE4u1gvPjexLDVPzxdEGvvmZ+X75ZekLlOVfvTjc8FPJgaGiiIGKaiG5Py84vycVD1nCA1SyAABjCCFBQCV27OjYAAAAA==[0m[INFO] --- maven-clean-plugin:2.5:clean (default-clean) @ gameoflife ---
[INFO] Deleting /Users/Shared/Jenkins/Home/workspace/game-of-life-default/target
[INFO] 
[8mha:AAAAYB+LCAAAAAAAAP9b85aBtbiIQSmjNKU4P0+vJLE4u1gvPjexLDVPzxdEGvvmZ+X75ZekLlOVfvTjc8FPJgaGiiIGKaiG5Py84vycVD1nCA1SyAABjCCFBQCV27OjYAAAAA==[0m[INFO] --- maven-enforcer-plugin:1.0:enforce (enforce-versions) @ gameoflife ---
[INFO] 
[8mha:AAAAYB+LCAAAAAAAAP9b85aBtbiIQSmjNKU4P0+vJLE4u1gvPjexLDVPzxdEGvvmZ+X75ZekLlOVfvTjc8FPJgaGiiIGKaiG5Py84vycVD1nCA1SyAABjCCFBQCV27OjYAAAAA==[0m[INFO] --- jacoco-maven-plugin:0.7.2.201409121644:prepare-agent (jacoco-initialize) @ gameoflife ---
[INFO] argLine set to -javaagent:/Users/Shared/Jenkins/.m2/repository/org/jacoco/org.jacoco.agent/0.7.2.201409121644/org.jacoco.agent-0.7.2.201409121644-runtime.jar=destfile=/Users/Shared/Jenkins/Home/workspace/game-of-life-default/target/jacoco.exec
[INFO] 
[8mha:AAAAYB+LCAAAAAAAAP9b85aBtbiIQSmjNKU4P0+vJLE4u1gvPjexLDVPzxdEGvvmZ+X75ZekLlOVfvTjc8FPJgaGiiIGKaiG5Py84vycVD1nCA1SyAABjCCFBQCV27OjYAAAAA==[0m[INFO] --- maven-surefire-plugin:2.11:test (unit-tests) @ gameoflife ---
[INFO] No tests to run.
[INFO] Surefire report directory: /Users/Shared/Jenkins/Home/workspace/game-of-life-default/target/surefire-reports

-------------------------------------------------------
 T E S T S
-------------------------------------------------------
objc[781]: Class JavaLaunchHelper is implemented in both /Users/Shared/Jenkins/Home/tools/hudson.model.JDK/8u102/jre/bin/java and /Users/Shared/Jenkins/Home/tools/hudson.model.JDK/8u102/jre/lib/libinstrument.dylib. One of the two will be used. Which one is undefined.

Results :

Tests run: 0, Failures: 0, Errors: 0, Skipped: 0

[INFO] 
[8mha:AAAAYB+LCAAAAAAAAP9b85aBtbiIQSmjNKU4P0+vJLE4u1gvPjexLDVPzxdEGvvmZ+X75ZekLlOVfvTjc8FPJgaGiiIGKaiG5Py84vycVD1nCA1SyAABjCCFBQCV27OjYAAAAA==[0m[INFO] --- maven-easyb-plugin:1.4:test (default) @ gameoflife ---
[INFO] /Users/Shared/Jenkins/Home/workspace/game-of-life-default/src/test/stories does not exists.  Skipping easyb testing
[INFO]                                                                         
[INFO] ------------------------------------------------------------------------
[INFO] Building gameoflife-build 1.0-SNAPSHOT
[INFO] ------------------------------------------------------------------------
[INFO] 
[8mha:AAAAYB+LCAAAAAAAAP9b85aBtbiIQSmjNKU4P0+vJLE4u1gvPjexLDVPzxdEGvvmZ+X75ZekLlOVfvTjc8FPJgaGiiIGKaiG5Py84vycVD1nCA1SyAABjCCFBQCV27OjYAAAAA==[0m[INFO] --- maven-clean-plugin:2.5:clean (default-clean) @ gameoflife-build ---
[INFO] Deleting /Users/Shared/Jenkins/Home/workspace/game-of-life-default/gameoflife-build/target
[INFO] 
[8mha:AAAAYB+LCAAAAAAAAP9b85aBtbiIQSmjNKU4P0+vJLE4u1gvPjexLDVPzxdEGvvmZ+X75ZekLlOVfvTjc8FPJgaGiiIGKaiG5Py84vycVD1nCA1SyAABjCCFBQCV27OjYAAAAA==[0m[INFO] --- maven-enforcer-plugin:1.0:enforce (enforce-versions) @ gameoflife-build ---
[INFO] 
[8mha:AAAAYB+LCAAAAAAAAP9b85aBtbiIQSmjNKU4P0+vJLE4u1gvPjexLDVPzxdEGvvmZ+X75ZekLlOVfvTjc8FPJgaGiiIGKaiG5Py84vycVD1nCA1SyAABjCCFBQCV27OjYAAAAA==[0m[INFO] --- maven-resources-plugin:2.6:resources (default-resources) @ gameoflife-build ---
[INFO] Using 'UTF-8' encoding to copy filtered resources.
[INFO] Copying 2 resources
[INFO] 
[8mha:AAAAYB+LCAAAAAAAAP9b85aBtbiIQSmjNKU4P0+vJLE4u1gvPjexLDVPzxdEGvvmZ+X75ZekLlOVfvTjc8FPJgaGiiIGKaiG5Py84vycVD1nCA1SyAABjCCFBQCV27OjYAAAAA==[0m[INFO] --- jacoco-maven-plugin:0.7.2.201409121644:prepare-agent (jacoco-initialize) @ gameoflife-build ---
[INFO] argLine set to -javaagent:/Users/Shared/Jenkins/.m2/repository/org/jacoco/org.jacoco.agent/0.7.2.201409121644/org.jacoco.agent-0.7.2.201409121644-runtime.jar=destfile=/Users/Shared/Jenkins/Home/workspace/game-of-life-default/gameoflife-build/target/jacoco.exec
[INFO] 
[8mha:AAAAYB+LCAAAAAAAAP9b85aBtbiIQSmjNKU4P0+vJLE4u1gvPjexLDVPzxdEGvvmZ+X75ZekLlOVfvTjc8FPJgaGiiIGKaiG5Py84vycVD1nCA1SyAABjCCFBQCV27OjYAAAAA==[0m[INFO] --- maven-compiler-plugin:3.1:compile (default-compile) @ gameoflife-build ---
Downloading: https://repo.maven.apache.org/maven2/org/sonatype/plexus/plexus-cipher/1.4/plexus-cipher-1.4.pom
3/3 KB            Downloaded: https://repo.maven.apache.org/maven2/org/sonatype/plexus/plexus-cipher/1.4/plexus-cipher-1.4.pom (3 KB at 0.6 KB/sec)
Downloading: https://repo.maven.apache.org/maven2/org/codehaus/plexus/plexus-component-annotations/1.5.5/plexus-component-annotations-1.5.5.pom
815/815 B               Downloaded: https://repo.maven.apache.org/maven2/org/codehaus/plexus/plexus-component-annotations/1.5.5/plexus-component-annotations-1.5.5.pom (815 B at 1.1 KB/sec)
Downloading: https://repo.maven.apache.org/maven2/org/codehaus/plexus/plexus-containers/1.5.5/plexus-containers-1.5.5.pom
3/5 KB      5/5 KB            Downloaded: https://repo.maven.apache.org/maven2/org/codehaus/plexus/plexus-containers/1.5.5/plexus-containers-1.5.5.pom (5 KB at 6.8 KB/sec)
Downloading: https://repo.maven.apache.org/maven2/org/codehaus/plexus/plexus/2.0.7/plexus-2.0.7.pom
3/17 KB   5/17 KB   8/17 KB   11/17 KB   13/17 KB   16/17 KB   17/17 KB              Downloaded: https://repo.maven.apache.org/maven2/org/codehaus/plexus/plexus/2.0.7/plexus-2.0.7.pom (17 KB at 13.8 KB/sec)
Downloading: https://repo.maven.apache.org/maven2/org/codehaus/plexus/plexus-compiler-api/2.2/plexus-compiler-api-2.2.pom
865/865 B               Downloaded: https://repo.maven.apache.org/maven2/org/codehaus/plexus/plexus-compiler-api/2.2/plexus-compiler-api-2.2.pom (865 B at 0.9 KB/sec)
Downloading: https://repo.maven.apache.org/maven2/org/codehaus/plexus/plexus-compiler/2.2/plexus-compiler-2.2.pom
3/4 KB      4/4 KB            Downloaded: https://repo.maven.apache.org/maven2/org/codehaus/plexus/plexus-compiler/2.2/plexus-compiler-2.2.pom (4 KB at 6.4 KB/sec)
Downloading: https://repo.maven.apache.org/maven2/org/codehaus/plexus/plexus-components/1.3.1/plexus-components-1.3.1.pom
3/3 KB   3/3 KB            Downloaded: https://repo.maven.apache.org/maven2/org/codehaus/plexus/plexus-components/1.3.1/plexus-components-1.3.1.pom (3 KB at 5.4 KB/sec)
Downloading: https://repo.maven.apache.org/maven2/org/codehaus/plexus/plexus/3.3.1/plexus-3.3.1.pom
3/20 KB   5/20 KB   8/20 KB   11/20 KB   13/20 KB   16/20 KB   19/20 KB   20/20 KB              Downloaded: https://repo.maven.apache.org/maven2/org/codehaus/plexus/plexus/3.3.1/plexus-3.3.1.pom (20 KB at 27.4 KB/sec)
Downloading: https://repo.maven.apache.org/maven2/org/sonatype/spice/spice-parent/17/spice-parent-17.pom
3/7 KB     5/7 KB   7/7 KB            Downloaded: https://repo.maven.apache.org/maven2/org/sonatype/spice/spice-parent/17/spice-parent-17.pom (7 KB at 10.8 KB/sec)
Downloading: https://repo.maven.apache.org/maven2/org/sonatype/forge/forge-parent/10/forge-parent-10.pom
3/14 KB   5/14 KB   8/14 KB   11/14 KB   13/14 KB   14/14 KB              Downloaded: https://repo.maven.apache.org/maven2/org/sonatype/forge/forge-parent/10/forge-parent-10.pom (14 KB at 10.8 KB/sec)
Downloading: https://repo.maven.apache.org/maven2/org/codehaus/plexus/plexus-utils/3.0.8/plexus-utils-3.0.8.pom
3/4 KB     4/4 KB            Downloaded: https://repo.maven.apache.org/maven2/org/codehaus/plexus/plexus-utils/3.0.8/plexus-utils-3.0.8.pom (4 KB at 2.5 KB/sec)
Downloading: https://repo.maven.apache.org/maven2/org/codehaus/plexus/plexus/3.2/plexus-3.2.pom
3/19 KB   5/19 KB   8/19 KB   11/19 KB   13/19 KB   16/19 KB   19/19 KB   19/19 KB              Downloaded: https://repo.maven.apache.org/maven2/org/codehaus/plexus/plexus/3.2/plexus-3.2.pom (19 KB at 19.9 KB/sec)
Downloading: https://repo.maven.apache.org/maven2/org/codehaus/plexus/plexus-compiler-manager/2.2/plexus-compiler-manager-2.2.pom
690/690 B               Downloaded: https://repo.maven.apache.org/maven2/org/codehaus/plexus/plexus-compiler-manager/2.2/plexus-compiler-manager-2.2.pom (690 B at 0.6 KB/sec)
Downloading: https://repo.maven.apache.org/maven2/org/codehaus/plexus/plexus-compiler-javac/2.2/plexus-compiler-javac-2.2.pom
769/769 B               Downloaded: https://repo.maven.apache.org/maven2/org/codehaus/plexus/plexus-compiler-javac/2.2/plexus-compiler-javac-2.2.pom (769 B at 0.6 KB/sec)
Downloading: https://repo.maven.apache.org/maven2/org/codehaus/plexus/plexus-compilers/2.2/plexus-compilers-2.2.pom
2/2 KB               Downloaded: https://repo.maven.apache.org/maven2/org/codehaus/plexus/plexus-compilers/2.2/plexus-compilers-2.2.pom (2 KB at 1.0 KB/sec)
Downloading: https://repo.maven.apache.org/maven2/org/codehaus/plexus/plexus-container-default/1.5.5/plexus-container-default-1.5.5.pom
3/3 KB   3/3 KB            Downloaded: https://repo.maven.apache.org/maven2/org/codehaus/plexus/plexus-container-default/1.5.5/plexus-container-default-1.5.5.pom (3 KB at 2.2 KB/sec)
Downloading: https://repo.maven.apache.org/maven2/org/codehaus/plexus/plexus-classworlds/2.2.2/plexus-classworlds-2.2.2.pom
3/4 KB   4/4 KB            Downloaded: https://repo.maven.apache.org/maven2/org/codehaus/plexus/plexus-classworlds/2.2.2/plexus-classworlds-2.2.2.pom (4 KB at 3.2 KB/sec)
Downloading: https://repo.maven.apache.org/maven2/org/apache/xbean/xbean-reflect/3.4/xbean-reflect-3.4.pom
3/3 KB   3/3 KB            Downloaded: https://repo.maven.apache.org/maven2/org/apache/xbean/xbean-reflect/3.4/xbean-reflect-3.4.pom (3 KB at 2.2 KB/sec)
Downloading: https://repo.maven.apache.org/maven2/org/apache/xbean/xbean/3.4/xbean-3.4.pom
3/19 KB   5/19 KB   8/19 KB   11/19 KB   13/19 KB   16/19 KB   19/19 KB              Downloaded: https://repo.maven.apache.org/maven2/org/apache/xbean/xbean/3.4/xbean-3.4.pom (19 KB at 14.7 KB/sec)
Downloading: https://repo.maven.apache.org/maven2/log4j/log4j/1.2.12/log4j-1.2.12.pom
145/145 B               Downloaded: https://repo.maven.apache.org/maven2/log4j/log4j/1.2.12/log4j-1.2.12.pom (145 B at 0.1 KB/sec)
Downloading: https://repo.maven.apache.org/maven2/commons-logging/commons-logging-api/1.1/commons-logging-api-1.1.pom
3/6 KB      5/6 KB   6/6 KB            Downloaded: https://repo.maven.apache.org/maven2/commons-logging/commons-logging-api/1.1/commons-logging-api-1.1.pom (6 KB at 4.3 KB/sec)
Downloading: https://repo.maven.apache.org/maven2/com/google/collections/google-collections/1.0/google-collections-1.0.pom
3/3 KB   3/3 KB            Downloaded: https://repo.maven.apache.org/maven2/com/google/collections/google-collections/1.0/google-collections-1.0.pom (3 KB at 2.0 KB/sec)
Downloading: https://repo.maven.apache.org/maven2/com/google/google/1/google-1.pom
2/2 KB            Downloaded: https://repo.maven.apache.org/maven2/com/google/google/1/google-1.pom (2 KB at 1.2 KB/sec)
Downloading: https://repo.maven.apache.org/maven2/org/codehaus/plexus/plexus-utils/1.5.1/plexus-utils-1.5.1.jar
Downloading: https://repo.maven.apache.org/maven2/org/apache/maven/maven-toolchain/1.0/maven-toolchain-1.0.jar
Downloading: https://repo.maven.apache.org/maven2/org/apache/maven/shared/maven-shared-utils/0.1/maven-shared-utils-0.1.jar
Downloading: https://repo.maven.apache.org/maven2/com/google/code/findbugs/jsr305/2.0.1/jsr305-2.0.1.jar
Downloading: https://repo.maven.apache.org/maven2/org/apache/maven/shared/maven-shared-incremental/1.1/maven-shared-incremental-1.1.jar
3/206 KB   5/206 KB   8/206 KB   11/206 KB   13/206 KB   16/206 KB   19/206 KB   21/206 KB   24/206 KB   27/206 KB   29/206 KB   32/206 KB   36/206 KB   40/206 KB   44/206 KB   48/206 KB   52/206 KB   56/206 KB   60/206 KB   64/206 KB   68/206 KB   72/206 KB   76/206 KB   80/206 KB   3/151 KB   80/206 KB   5/151 KB   80/206 KB   8/151 KB   80/206 KB   11/151 KB   80/206 KB   13/151 KB   80/206 KB   13/151 KB   80/206 KB   3/14 KB   13/151 KB   80/206 KB   5/14 KB   13/151 KB   80/206 KB   8/14 KB   13/151 KB   80/206 KB   11/14 KB   13/151 KB   80/206 KB   13/14 KB   13/151 KB   80/206 KB   13/14 KB   3/32 KB   13/151 KB   80/206 KB   13/14 KB   5/32 KB   13/151 KB   80/206 KB   13/14 KB   8/32 KB   13/151 KB   80/206 KB   13/14 KB   11/32 KB   13/151 KB   80/206 KB   13/14 KB   13/32 KB   13/151 KB   84/206 KB   13/14 KB   13/32 KB   13/151 KB   88/206 KB   13/14 KB   13/32 KB   13/151 KB   92/206 KB   13/14 KB   13/32 KB   13/151 KB   96/206 KB   13/14 KB   13/32 KB   13/151 KB   100/206 KB   13/14 KB   13/32 KB   13/151 KB   104/206 KB   13/14 KB   13/32 KB   13/151 KB   108/206 KB   13/14 KB   13/32 KB   13/151 KB   112/206 KB   13/14 KB   13/32 KB   16/151 KB   112/206 KB   13/14 KB   13/32 KB   19/151 KB   112/206 KB   13/14 KB   13/32 KB   19/151 KB   112/206 KB   14/14 KB   13/32 KB   19/151 KB   116/206 KB   14/14 KB   13/32 KB   19/151 KB   120/206 KB   14/14 KB   13/32 KB   19/151 KB   124/206 KB   14/14 KB   13/32 KB   19/151 KB   128/206 KB   14/14 KB   13/32 KB   19/151 KB   128/206 KB   14/14 KB   16/32 KB   19/151 KB   128/206 KB   14/14 KB   19/32 KB   21/151 KB   128/206 KB   14/14 KB   19/32 KB   21/151 KB   128/206 KB   14/14 KB   21/32 KB   24/151 KB   128/206 KB   14/14 KB   21/32 KB   27/151 KB   128/206 KB   14/14 KB   21/32 KB   27/151 KB   128/206 KB   14/14 KB   24/32 KB   27/151 KB   3/33 KB   128/206 KB   14/14 KB   24/32 KB   27/151 KB   5/33 KB   128/206 KB   14/14 KB   24/32 KB   27/151 KB   8/33 KB   128/206 KB   14/14 KB   24/32 KB   27/151 KB   11/33 KB   128/206 KB   14/14 KB   24/32 KB   27/151 KB   13/33 KB   128/206 KB   14/14 KB   24/32 KB   29/151 KB   13/33 KB   128/206 KB   14/14 KB   24/32 KB   29/151 KB   13/33 KB   128/206 KB   14/14 KB   27/32 KB   32/151 KB   13/33 KB   128/206 KB   14/14 KB   27/32 KB   32/151 KB   13/33 KB   128/206 KB   14/14 KB   29/32 KB   32/151 KB   13/33 KB   132/206 KB   14/14 KB   29/32 KB   32/151 KB   13/33 KB   136/206 KB   14/14 KB   29/32 KB   32/151 KB   13/33 KB   140/206 KB   14/14 KB   29/32 KB   32/151 KB   13/33 KB   144/206 KB   14/14 KB   29/32 KB   32/151 KB   13/33 KB   144/206 KB   14/14 KB   32/32 KB   32/151 KB   13/33 KB   148/206 KB   14/14 KB   32/32 KB   32/151 KB   13/33 KB   152/206 KB   14/14 KB   32/32 KB   32/151 KB   13/33 KB   156/206 KB   14/14 KB   32/32 KB   32/151 KB   13/33 KB   160/206 KB   14/14 KB   32/32 KB   32/151 KB   13/33 KB   164/206 KB   14/14 KB   32/32 KB   32/151 KB   13/33 KB   168/206 KB   14/14 KB   32/32 KB   32/151 KB   13/33 KB   172/206 KB   14/14 KB   32/32 KB   32/151 KB   13/33 KB   176/206 KB   14/14 KB   32/32 KB   36/151 KB   13/33 KB   176/206 KB   14/14 KB   32/32 KB   40/151 KB   13/33 KB   176/206 KB   14/14 KB   32/32 KB   44/151 KB   13/33 KB   176/206 KB   14/14 KB   32/32 KB   48/151 KB   13/33 KB   176/206 KB   14/14 KB   32/32 KB                                                             Downloaded: https://repo.maven.apache.org/maven2/org/apache/maven/shared/maven-shared-incremental/1.1/maven-shared-incremental-1.1.jar (14 KB at 6.0 KB/sec)
Downloading: https://repo.maven.apache.org/maven2/org/codehaus/plexus/plexus-component-annotations/1.5.5/plexus-component-annotations-1.5.5.jar
48/151 KB   16/33 KB   176/206 KB   32/32 KB              48/151 KB   19/33 KB   176/206 KB   32/32 KB   52/151 KB   19/33 KB   176/206 KB   32/32 KB   56/151 KB   19/33 KB   176/206 KB   32/32 KB   60/151 KB   19/33 KB   176/206 KB   32/32 KB   64/151 KB   19/33 KB   176/206 KB   32/32 KB   64/151 KB   19/33 KB   180/206 KB   32/32 KB   64/151 KB   19/33 KB   184/206 KB   32/32 KB   64/151 KB   19/33 KB   188/206 KB   32/32 KB   64/151 KB   19/33 KB   192/206 KB   32/32 KB   64/151 KB   21/33 KB   192/206 KB   32/32 KB                                                  Downloaded: https://repo.maven.apache.org/maven2/com/google/code/findbugs/jsr305/2.0.1/jsr305-2.0.1.jar (32 KB at 13.2 KB/sec)
Downloading: https://repo.maven.apache.org/maven2/org/codehaus/plexus/plexus-compiler-api/2.2/plexus-compiler-api-2.2.jar
64/151 KB   24/33 KB   192/206 KB              68/151 KB   24/33 KB   192/206 KB   72/151 KB   24/33 KB   192/206 KB   76/151 KB   24/33 KB   192/206 KB   80/151 KB   24/33 KB   192/206 KB   80/151 KB   27/33 KB   192/206 KB   80/151 KB   29/33 KB   192/206 KB   80/151 KB   29/33 KB   196/206 KB   80/151 KB   29/33 KB   200/206 KB   80/151 KB   29/33 KB   204/206 KB   80/151 KB   29/33 KB   206/206 KB   80/151 KB   32/33 KB   206/206 KB   80/151 KB   33/33 KB   206/206 KB   84/151 KB   33/33 KB   206/206 KB   88/151 KB   33/33 KB   206/206 KB   92/151 KB   33/33 KB   206/206 KB   96/151 KB   33/33 KB   206/206 KB   96/151 KB   33/33 KB   206/206 KB   3/5 KB   96/151 KB   33/33 KB   206/206 KB   5/5 KB   100/151 KB   33/33 KB   206/206 KB   5/5 KB   104/151 KB   33/33 KB   206/206 KB   5/5 KB   108/151 KB   33/33 KB   206/206 KB   5/5 KB   112/151 KB   33/33 KB   206/206 KB   5/5 KB   112/151 KB   33/33 KB   206/206 KB   5/5 KB   3/25 KB   112/151 KB   33/33 KB   206/206 KB   5/5 KB   5/25 KB   112/151 KB   33/33 KB   206/206 KB   5/5 KB   8/25 KB   112/151 KB   33/33 KB   206/206 KB   5/5 KB   11/25 KB   112/151 KB   33/33 KB   206/206 KB   5/5 KB   13/25 KB   112/151 KB   33/33 KB   206/206 KB   5/5 KB   16/25 KB   112/151 KB   33/33 KB   206/206 KB   5/5 KB   19/25 KB                                                            Downloaded: https://repo.maven.apache.org/maven2/org/codehaus/plexus/plexus-utils/1.5.1/plexus-utils-1.5.1.jar (206 KB at 71.0 KB/sec)
Downloading: https://repo.maven.apache.org/maven2/org/codehaus/plexus/plexus-compiler-manager/2.2/plexus-compiler-manager-2.2.jar
116/151 KB   33/33 KB   5/5 KB   19/25 KB                120/151 KB   33/33 KB   5/5 KB   19/25 KB   124/151 KB   33/33 KB   5/5 KB   19/25 KB   128/151 KB   33/33 KB   5/5 KB   19/25 KB   128/151 KB   33/33 KB   5/5 KB   21/25 KB                                               Downloaded: https://repo.maven.apache.org/maven2/org/apache/maven/maven-toolchain/1.0/maven-toolchain-1.0.jar (33 KB at 11.1 KB/sec)
Downloading: https://repo.maven.apache.org/maven2/org/codehaus/plexus/plexus-compiler-javac/2.2/plexus-compiler-javac-2.2.jar
128/151 KB   5/5 KB   24/25 KB              128/151 KB   5/5 KB   25/25 KB   132/151 KB   5/5 KB   25/25 KB   136/151 KB   5/5 KB   25/25 KB   140/151 KB   5/5 KB   25/25 KB   144/151 KB   5/5 KB   25/25 KB                                    Downloaded: https://repo.maven.apache.org/maven2/org/codehaus/plexus/plexus-component-annotations/1.5.5/plexus-component-annotations-1.5.5.jar (5 KB at 1.4 KB/sec)
Downloading: https://repo.maven.apache.org/maven2/org/codehaus/plexus/plexus-container-default/1.5.5/plexus-container-default-1.5.5.jar
148/151 KB   25/25 KB            151/151 KB   25/25 KB   151/151 KB   4/5 KB   25/25 KB   151/151 KB   5/5 KB   25/25 KB   151/151 KB   5/5 KB   25/25 KB   3/19 KB   151/151 KB   5/5 KB   25/25 KB   5/19 KB                                              Downloaded: https://repo.maven.apache.org/maven2/org/codehaus/plexus/plexus-compiler-api/2.2/plexus-compiler-api-2.2.jar (25 KB at 7.3 KB/sec)
Downloading: https://repo.maven.apache.org/maven2/org/codehaus/plexus/plexus-classworlds/2.2.2/plexus-classworlds-2.2.2.jar
151/151 KB   5/5 KB   8/19 KB              151/151 KB   5/5 KB   11/19 KB   151/151 KB   5/5 KB   13/19 KB   151/151 KB   5/5 KB   16/19 KB   151/151 KB   5/5 KB   19/19 KB   151/151 KB   5/5 KB   19/19 KB   151/151 KB   5/5 KB   19/19 KB   3/212 KB   151/151 KB   5/5 KB   19/19 KB   5/212 KB   151/151 KB   5/5 KB   19/19 KB   8/212 KB   151/151 KB   5/5 KB   19/19 KB   11/212 KB                                                Downloaded: https://repo.maven.apache.org/maven2/org/apache/maven/shared/maven-shared-utils/0.1/maven-shared-utils-0.1.jar (151 KB at 43.7 KB/sec)
Downloading: https://repo.maven.apache.org/maven2/org/apache/xbean/xbean-reflect/3.4/xbean-reflect-3.4.jar
5/5 KB   19/19 KB   13/212 KB                5/5 KB   19/19 KB   16/212 KB   5/5 KB   19/19 KB   19/212 KB   5/5 KB   19/19 KB   21/212 KB   5/5 KB   19/19 KB   24/212 KB   5/5 KB   19/19 KB   27/212 KB                                   Downloaded: https://repo.maven.apache.org/maven2/org/codehaus/plexus/plexus-compiler-manager/2.2/plexus-compiler-manager-2.2.jar (5 KB at 1.2 KB/sec)
Downloading: https://repo.maven.apache.org/maven2/log4j/log4j/1.2.12/log4j-1.2.12.jar
3/46 KB   19/19 KB   27/212 KB   5/46 KB   19/19 KB   27/212 KB   8/46 KB   19/19 KB   27/212 KB   11/46 KB   19/19 KB   27/212 KB   13/46 KB   19/19 KB   27/212 KB   16/46 KB   19/19 KB   27/212 KB   16/46 KB   19/19 KB   29/212 KB   16/46 KB   19/19 KB   32/212 KB                                     Downloaded: https://repo.maven.apache.org/maven2/org/codehaus/plexus/plexus-compiler-javac/2.2/plexus-compiler-javac-2.2.jar (19 KB at 4.8 KB/sec)
Downloading: https://repo.maven.apache.org/maven2/commons-logging/commons-logging-api/1.1/commons-logging-api-1.1.jar
19/46 KB   32/212 KB              19/46 KB   3/131 KB   32/212 KB   19/46 KB   5/131 KB   32/212 KB   21/46 KB   5/131 KB   32/212 KB   21/46 KB   8/131 KB   32/212 KB   24/46 KB   8/131 KB   32/212 KB   24/46 KB   11/131 KB   32/212 KB   27/46 KB   11/131 KB   32/212 KB   27/46 KB   13/131 KB   32/212 KB   27/46 KB   13/131 KB   36/212 KB   27/46 KB   13/131 KB   40/212 KB   27/46 KB   13/131 KB   44/212 KB   27/46 KB   13/131 KB   48/212 KB   29/46 KB   13/131 KB   48/212 KB   29/46 KB   16/131 KB   48/212 KB   32/46 KB   19/131 KB   48/212 KB   32/46 KB   19/131 KB   48/212 KB   32/46 KB   21/131 KB   48/212 KB   32/46 KB   24/131 KB   48/212 KB   32/46 KB   27/131 KB   48/212 KB   32/46 KB   29/131 KB   48/212 KB   32/46 KB   29/131 KB   52/212 KB   32/46 KB   29/131 KB   56/212 KB   32/46 KB   29/131 KB   60/212 KB   32/46 KB   29/131 KB   64/212 KB   36/46 KB   29/131 KB   64/212 KB   40/46 KB   29/131 KB   64/212 KB   44/46 KB   29/131 KB   64/212 KB   46/46 KB   29/131 KB   64/212 KB   46/46 KB   32/131 KB   64/212 KB   46/46 KB   32/131 KB   3/350 KB   64/212 KB   46/46 KB   32/131 KB   5/350 KB   64/212 KB   46/46 KB   32/131 KB   8/350 KB   64/212 KB   46/46 KB   32/131 KB   11/350 KB   64/212 KB   46/46 KB   32/131 KB   13/350 KB   64/212 KB   46/46 KB   32/131 KB   16/350 KB   64/212 KB   46/46 KB   36/131 KB   16/350 KB   64/212 KB   46/46 KB   40/131 KB   16/350 KB   64/212 KB   46/46 KB   44/131 KB   16/350 KB   64/212 KB   46/46 KB   48/131 KB   16/350 KB   64/212 KB   46/46 KB   48/131 KB   19/350 KB   64/212 KB   46/46 KB   48/131 KB   21/350 KB   64/212 KB   46/46 KB   48/131 KB   24/350 KB   64/212 KB   46/46 KB   48/131 KB   27/350 KB   64/212 KB   46/46 KB   48/131 KB   27/350 KB   68/212 KB   46/46 KB   48/131 KB   27/350 KB   72/212 KB   46/46 KB   48/131 KB   27/350 KB   76/212 KB   46/46 KB   48/131 KB   27/350 KB   80/212 KB   46/46 KB   48/131 KB   29/350 KB   80/212 KB   46/46 KB   3/44 KB   48/131 KB   29/350 KB   80/212 KB   46/46 KB   5/44 KB   48/131 KB   29/350 KB   80/212 KB   46/46 KB   5/44 KB   48/131 KB   32/350 KB   80/212 KB   46/46 KB   8/44 KB   48/131 KB   32/350 KB   80/212 KB   46/46 KB   11/44 KB   48/131 KB   32/350 KB   80/212 KB   46/46 KB   11/44 KB   52/131 KB   32/350 KB   80/212 KB   46/46 KB   11/44 KB   56/131 KB   32/350 KB   80/212 KB   46/46 KB   11/44 KB   60/131 KB   32/350 KB   80/212 KB   46/46 KB   11/44 KB   64/131 KB   32/350 KB   80/212 KB   46/46 KB   13/44 KB   64/131 KB   32/350 KB   80/212 KB   46/46 KB   13/44 KB   64/131 KB   32/350 KB   84/212 KB   46/46 KB   13/44 KB   64/131 KB   32/350 KB   88/212 KB   46/46 KB   13/44 KB   64/131 KB   32/350 KB   92/212 KB   46/46 KB   13/44 KB   64/131 KB   32/350 KB   96/212 KB   46/46 KB   16/44 KB   64/131 KB   32/350 KB   96/212 KB   46/46 KB   16/44 KB   64/131 KB   36/350 KB   96/212 KB   46/46 KB   16/44 KB   64/131 KB   40/350 KB   96/212 KB   46/46 KB   16/44 KB   64/131 KB   44/350 KB   96/212 KB   46/46 KB   16/44 KB   64/131 KB   48/350 KB   96/212 KB   46/46 KB   19/44 KB   64/131 KB   48/350 KB   96/212 KB   46/46 KB   21/44 KB   64/131 KB   48/350 KB   96/212 KB   46/46 KB   24/44 KB   64/131 KB   48/350 KB   96/212 KB   46/46 KB   24/44 KB   68/131 KB   48/350 KB   96/212 KB   46/46 KB   24/44 KB   72/131 KB   48/350 KB   96/212 KB   46/46 KB   24/44 KB   76/131 KB   48/350 KB   96/212 KB   46/46 KB   24/44 KB   80/131 KB   48/350 KB   96/212 KB                                                             Downloaded: https://repo.maven.apache.org/maven2/org/codehaus/plexus/plexus-classworlds/2.2.2/plexus-classworlds-2.2.2.jar (46 KB at 9.9 KB/sec)
Downloading: https://repo.maven.apache.org/maven2/com/google/collections/google-collections/1.0/google-collections-1.0.jar
27/44 KB   80/131 KB   48/350 KB   96/212 KB              27/44 KB   80/131 KB   48/350 KB   100/212 KB   27/44 KB   80/131 KB   48/350 KB   104/212 KB   27/44 KB   80/131 KB   48/350 KB   108/212 KB   27/44 KB   80/131 KB   48/350 KB   112/212 KB   29/44 KB   80/131 KB   48/350 KB   112/212 KB   32/44 KB   80/131 KB   48/350 KB   112/212 KB   32/44 KB   80/131 KB   52/350 KB   112/212 KB   32/44 KB   80/131 KB   56/350 KB   112/212 KB   32/44 KB   80/131 KB   60/350 KB   112/212 KB   32/44 KB   80/131 KB   64/350 KB   112/212 KB   32/44 KB   84/131 KB   64/350 KB   112/212 KB   32/44 KB   88/131 KB   64/350 KB   112/212 KB   32/44 KB   92/131 KB   64/350 KB   112/212 KB   32/44 KB   96/131 KB   64/350 KB   112/212 KB   32/44 KB   96/131 KB   64/350 KB   116/212 KB   32/44 KB   96/131 KB   64/350 KB   120/212 KB   32/44 KB   96/131 KB   64/350 KB   124/212 KB   32/44 KB   96/131 KB   64/350 KB   128/212 KB   32/44 KB   96/131 KB   68/350 KB   128/212 KB   32/44 KB   96/131 KB   72/350 KB   128/212 KB   32/44 KB   96/131 KB   76/350 KB   128/212 KB   32/44 KB   96/131 KB   80/350 KB   128/212 KB   32/44 KB   100/131 KB   80/350 KB   128/212 KB   32/44 KB   104/131 KB   80/350 KB   128/212 KB   32/44 KB   108/131 KB   80/350 KB   128/212 KB   32/44 KB   112/131 KB   80/350 KB   128/212 KB   36/44 KB   112/131 KB   80/350 KB   128/212 KB   40/44 KB   112/131 KB   80/350 KB   128/212 KB   44/44 KB   112/131 KB   80/350 KB   128/212 KB   44/44 KB   112/131 KB   80/350 KB   128/212 KB   44/44 KB   112/131 KB   80/350 KB   132/212 KB   44/44 KB   112/131 KB   80/350 KB   136/212 KB   44/44 KB   112/131 KB   80/350 KB   140/212 KB   44/44 KB   112/131 KB   80/350 KB   144/212 KB   44/44 KB   112/131 KB   84/350 KB   144/212 KB   44/44 KB   112/131 KB   88/350 KB   144/212 KB   44/44 KB   112/131 KB   92/350 KB   144/212 KB   44/44 KB   112/131 KB   96/350 KB   144/212 KB   44/44 KB   116/131 KB   96/350 KB   144/212 KB   44/44 KB   120/131 KB   96/350 KB   144/212 KB   44/44 KB   124/131 KB   96/350 KB   144/212 KB   44/44 KB   128/131 KB   96/350 KB   144/212 KB   44/44 KB   131/131 KB   96/350 KB   144/212 KB   44/44 KB   131/131 KB   96/350 KB   148/212 KB   44/44 KB   131/131 KB   96/350 KB   152/212 KB   44/44 KB   131/131 KB   96/350 KB   156/212 KB   44/44 KB   131/131 KB   96/350 KB   160/212 KB                                                    Downloaded: https://repo.maven.apache.org/maven2/commons-logging/commons-logging-api/1.1/commons-logging-api-1.1.jar (44 KB at 8.2 KB/sec)
Downloading: https://repo.maven.apache.org/maven2/junit/junit/3.8.2/junit-3.8.2.jar
                                                 Downloaded: https://repo.maven.apache.org/maven2/org/apache/xbean/xbean-reflect/3.4/xbean-reflect-3.4.jar (131 KB at 24.0 KB/sec)
100/350 KB   160/212 KB                          104/350 KB   160/212 KB   108/350 KB   160/212 KB   112/350 KB   160/212 KB   116/350 KB   160/212 KB   120/350 KB   160/212 KB   124/350 KB   160/212 KB   128/350 KB   160/212 KB   132/350 KB   160/212 KB   136/350 KB   160/212 KB   140/350 KB   160/212 KB   144/350 KB   160/212 KB   148/350 KB   160/212 KB   152/350 KB   160/212 KB   156/350 KB   160/212 KB   160/350 KB   160/212 KB   4/625 KB   160/350 KB   160/212 KB   8/625 KB   160/350 KB   160/212 KB   12/625 KB   160/350 KB   160/212 KB   16/625 KB   160/350 KB   160/212 KB   20/625 KB   160/350 KB   160/212 KB   24/625 KB   160/350 KB   160/212 KB   28/625 KB   160/350 KB   160/212 KB   32/625 KB   160/350 KB   160/212 KB   36/625 KB   160/350 KB   160/212 KB   40/625 KB   160/350 KB   160/212 KB   44/625 KB   160/350 KB   160/212 KB   48/625 KB   160/350 KB   160/212 KB   48/625 KB   164/350 KB   160/212 KB   48/625 KB   168/350 KB   160/212 KB   48/625 KB   172/350 KB   160/212 KB   48/625 KB   176/350 KB   160/212 KB   52/625 KB   176/350 KB   160/212 KB   56/625 KB   176/350 KB   160/212 KB   60/625 KB   176/350 KB   160/212 KB   64/625 KB   176/350 KB   160/212 KB   64/625 KB   176/350 KB   164/212 KB   64/625 KB   176/350 KB   168/212 KB   64/625 KB   176/350 KB   172/212 KB   64/625 KB   176/350 KB   176/212 KB   64/625 KB   176/350 KB   180/212 KB   64/625 KB   176/350 KB   184/212 KB   64/625 KB   176/350 KB   188/212 KB   64/625 KB   176/350 KB   192/212 KB   64/625 KB   176/350 KB   196/212 KB   64/625 KB   176/350 KB   200/212 KB   64/625 KB   176/350 KB   204/212 KB   64/625 KB   176/350 KB   208/212 KB   64/625 KB   176/350 KB   212/212 KB   64/625 KB   176/350 KB   212/212 KB   64/625 KB   180/350 KB   212/212 KB   64/625 KB   184/350 KB   212/212 KB   64/625 KB   188/350 KB   212/212 KB   64/625 KB   192/350 KB   212/212 KB   64/625 KB   192/350 KB   4/118 KB   212/212 KB   64/625 KB   192/350 KB   8/118 KB   212/212 KB   64/625 KB   192/350 KB   12/118 KB   212/212 KB   64/625 KB   192/350 KB   16/118 KB   212/212 KB   64/625 KB   196/350 KB   16/118 KB   212/212 KB   64/625 KB   200/350 KB   16/118 KB   212/212 KB   64/625 KB   204/350 KB   16/118 KB   212/212 KB   64/625 KB   208/350 KB   16/118 KB   212/212 KB   64/625 KB   211/350 KB   16/118 KB   212/212 KB   64/625 KB   213/350 KB   16/118 KB   212/212 KB   68/625 KB   213/350 KB   16/118 KB   212/212 KB   72/625 KB   213/350 KB   16/118 KB   212/212 KB   76/625 KB   213/350 KB   16/118 KB   212/212 KB   80/625 KB   213/350 KB   16/118 KB   212/212 KB   80/625 KB   216/350 KB   16/118 KB   212/212 KB   80/625 KB   219/350 KB   16/118 KB   212/212 KB                                                     Downloaded: https://repo.maven.apache.org/maven2/org/codehaus/plexus/plexus-container-default/1.5.5/plexus-container-default-1.5.5.jar (212 KB at 35.0 KB/sec)
80/625 KB   221/350 KB   16/118 KB                80/625 KB   224/350 KB   16/118 KB   80/625 KB   224/350 KB   20/118 KB   80/625 KB   224/350 KB   24/118 KB   80/625 KB   224/350 KB   28/118 KB   80/625 KB   224/350 KB   32/118 KB   80/625 KB   227/350 KB   32/118 KB   80/625 KB   229/350 KB   32/118 KB   80/625 KB   232/350 KB   32/118 KB   84/625 KB   232/350 KB   32/118 KB   88/625 KB   232/350 KB   32/118 KB   92/625 KB   232/350 KB   32/118 KB   96/625 KB   232/350 KB   32/118 KB   96/625 KB   235/350 KB   32/118 KB   96/625 KB   237/350 KB   32/118 KB   96/625 KB   240/350 KB   32/118 KB   96/625 KB   244/350 KB   32/118 KB   96/625 KB   248/350 KB   32/118 KB   96/625 KB   252/350 KB   32/118 KB   96/625 KB   256/350 KB   32/118 KB   96/625 KB   260/350 KB   32/118 KB   96/625 KB   264/350 KB   32/118 KB   96/625 KB   268/350 KB   32/118 KB   96/625 KB   272/350 KB   32/118 KB   96/625 KB   276/350 KB   32/118 KB   96/625 KB   280/350 KB   32/118 KB   96/625 KB   284/350 KB   32/118 KB   96/625 KB   288/350 KB   32/118 KB   96/625 KB   288/350 KB   36/118 KB   96/625 KB   288/350 KB   40/118 KB   96/625 KB   288/350 KB   44/118 KB   96/625 KB   288/350 KB   48/118 KB   96/625 KB   288/350 KB   52/118 KB   96/625 KB   288/350 KB   56/118 KB   96/625 KB   288/350 KB   60/118 KB   96/625 KB   288/350 KB   64/118 KB   96/625 KB   288/350 KB   68/118 KB   96/625 KB   288/350 KB   72/118 KB   96/625 KB   288/350 KB   76/118 KB   96/625 KB   288/350 KB   80/118 KB   96/625 KB   292/350 KB   80/118 KB   96/625 KB   296/350 KB   80/118 KB   96/625 KB   300/350 KB   80/118 KB   96/625 KB   304/350 KB   80/118 KB   96/625 KB   304/350 KB   84/118 KB   96/625 KB   304/350 KB   88/118 KB   96/625 KB   304/350 KB   92/118 KB   96/625 KB   304/350 KB   96/118 KB   100/625 KB   304/350 KB   96/118 KB   104/625 KB   304/350 KB   96/118 KB   108/625 KB   304/350 KB   96/118 KB   112/625 KB   304/350 KB   96/118 KB   116/625 KB   304/350 KB   96/118 KB   120/625 KB   304/350 KB   96/118 KB   124/625 KB   304/350 KB   96/118 KB   128/625 KB   304/350 KB   96/118 KB   132/625 KB   304/350 KB   96/118 KB   136/625 KB   304/350 KB   96/118 KB   140/625 KB   304/350 KB   96/118 KB   144/625 KB   304/350 KB   96/118 KB   144/625 KB   308/350 KB   96/118 KB   144/625 KB   312/350 KB   96/118 KB   144/625 KB   316/350 KB   96/118 KB   144/625 KB   320/350 KB   96/118 KB   148/625 KB   320/350 KB   96/118 KB   152/625 KB   320/350 KB   96/118 KB   156/625 KB   320/350 KB   96/118 KB   160/625 KB   320/350 KB   96/118 KB   160/625 KB   324/350 KB   96/118 KB   160/625 KB   328/350 KB   96/118 KB   160/625 KB   332/350 KB   96/118 KB   160/625 KB   336/350 KB   96/118 KB   160/625 KB   336/350 KB   100/118 KB   160/625 KB   336/350 KB   104/118 KB   160/625 KB   336/350 KB   108/118 KB   160/625 KB   336/350 KB   112/118 KB   160/625 KB   340/350 KB   112/118 KB   160/625 KB   344/350 KB   112/118 KB   160/625 KB   348/350 KB   112/118 KB   160/625 KB   350/350 KB   112/118 KB   160/625 KB   350/350 KB   116/118 KB   160/625 KB   350/350 KB   118/118 KB   164/625 KB   350/350 KB   118/118 KB   168/625 KB   350/350 KB   118/118 KB   172/625 KB   350/350 KB   118/118 KB   176/625 KB   350/350 KB   118/118 KB   180/625 KB   350/350 KB   118/118 KB   184/625 KB   350/350 KB   118/118 KB   188/625 KB   350/350 KB   118/118 KB   192/625 KB   350/350 KB   118/118 KB                                          Downloaded: https://repo.maven.apache.org/maven2/log4j/log4j/1.2.12/log4j-1.2.12.jar (350 KB at 46.3 KB/sec)
                                       Downloaded: https://repo.maven.apache.org/maven2/junit/junit/3.8.2/junit-3.8.2.jar (118 KB at 15.5 KB/sec)
196/625 KB                             200/625 KB   204/625 KB   208/625 KB   212/625 KB   216/625 KB   220/625 KB   224/625 KB   228/625 KB   232/625 KB   236/625 KB   240/625 KB   244/625 KB   248/625 KB   252/625 KB   256/625 KB   259/625 KB   261/625 KB   264/625 KB   267/625 KB   269/625 KB   272/625 KB   275/625 KB   277/625 KB   280/625 KB   283/625 KB   285/625 KB   288/625 KB   292/625 KB   296/625 KB   300/625 KB   304/625 KB   308/625 KB   312/625 KB   316/625 KB   320/625 KB   324/625 KB   328/625 KB   332/625 KB   336/625 KB   339/625 KB   341/625 KB   344/625 KB   347/625 KB   349/625 KB   352/625 KB   355/625 KB   357/625 KB   360/625 KB   363/625 KB   365/625 KB   368/625 KB   372/625 KB   376/625 KB   380/625 KB   384/625 KB   388/625 KB   392/625 KB   396/625 KB   400/625 KB   404/625 KB   408/625 KB   412/625 KB   416/625 KB   420/625 KB   424/625 KB   428/625 KB   432/625 KB   435/625 KB   437/625 KB   440/625 KB   443/625 KB   445/625 KB   448/625 KB   451/625 KB   453/625 KB   456/625 KB   459/625 KB   461/625 KB   464/625 KB   468/625 KB   472/625 KB   476/625 KB   480/625 KB   484/625 KB   488/625 KB   492/625 KB   496/625 KB   500/625 KB   504/625 KB   508/625 KB   512/625 KB   515/625 KB   517/625 KB   520/625 KB   523/625 KB   525/625 KB   528/625 KB   531/625 KB   533/625 KB   536/625 KB   539/625 KB   541/625 KB   544/625 KB   548/625 KB   552/625 KB   556/625 KB   560/625 KB   564/625 KB   568/625 KB   572/625 KB   576/625 KB   580/625 KB   584/625 KB   588/625 KB   592/625 KB   596/625 KB   600/625 KB   604/625 KB   608/625 KB   612/625 KB   616/625 KB   620/625 KB   624/625 KB   625/625 KB                Downloaded: https://repo.maven.apache.org/maven2/com/google/collections/google-collections/1.0/google-collections-1.0.jar (625 KB at 49.6 KB/sec)
[INFO] No sources to compile
[INFO] 
[8mha:AAAAYB+LCAAAAAAAAP9b85aBtbiIQSmjNKU4P0+vJLE4u1gvPjexLDVPzxdEGvvmZ+X75ZekLlOVfvTjc8FPJgaGiiIGKaiG5Py84vycVD1nCA1SyAABjCCFBQCV27OjYAAAAA==[0m[INFO] --- maven-resources-plugin:2.6:testResources (default-testResources) @ gameoflife-build ---
[INFO] Using 'UTF-8' encoding to copy filtered resources.
[INFO] skip non existing resourceDirectory /Users/Shared/Jenkins/Home/workspace/game-of-life-default/gameoflife-build/src/test/resources
[INFO] 
[8mha:AAAAYB+LCAAAAAAAAP9b85aBtbiIQSmjNKU4P0+vJLE4u1gvPjexLDVPzxdEGvvmZ+X75ZekLlOVfvTjc8FPJgaGiiIGKaiG5Py84vycVD1nCA1SyAABjCCFBQCV27OjYAAAAA==[0m[INFO] --- maven-compiler-plugin:3.1:testCompile (default-testCompile) @ gameoflife-build ---
[INFO] No sources to compile
[INFO] 
[8mha:AAAAYB+LCAAAAAAAAP9b85aBtbiIQSmjNKU4P0+vJLE4u1gvPjexLDVPzxdEGvvmZ+X75ZekLlOVfvTjc8FPJgaGiiIGKaiG5Py84vycVD1nCA1SyAABjCCFBQCV27OjYAAAAA==[0m[INFO] --- maven-surefire-plugin:2.11:test (default-test) @ gameoflife-build ---
[INFO] Tests are skipped.
[INFO] 
[8mha:AAAAYB+LCAAAAAAAAP9b85aBtbiIQSmjNKU4P0+vJLE4u1gvPjexLDVPzxdEGvvmZ+X75ZekLlOVfvTjc8FPJgaGiiIGKaiG5Py84vycVD1nCA1SyAABjCCFBQCV27OjYAAAAA==[0m[INFO] --- maven-surefire-plugin:2.11:test (unit-tests) @ gameoflife-build ---
[INFO] No tests to run.
[INFO] Surefire report directory: /Users/Shared/Jenkins/Home/workspace/game-of-life-default/gameoflife-build/target/surefire-reports

-------------------------------------------------------
 T E S T S
-------------------------------------------------------
objc[793]: Class JavaLaunchHelper is implemented in both /Users/Shared/Jenkins/Home/tools/hudson.model.JDK/8u102/jre/bin/java and /Users/Shared/Jenkins/Home/tools/hudson.model.JDK/8u102/jre/lib/libinstrument.dylib. One of the two will be used. Which one is undefined.

Results :

Tests run: 0, Failures: 0, Errors: 0, Skipped: 0

[INFO] 
[8mha:AAAAYB+LCAAAAAAAAP9b85aBtbiIQSmjNKU4P0+vJLE4u1gvPjexLDVPzxdEGvvmZ+X75ZekLlOVfvTjc8FPJgaGiiIGKaiG5Py84vycVD1nCA1SyAABjCCFBQCV27OjYAAAAA==[0m[INFO] --- maven-easyb-plugin:1.4:test (default) @ gameoflife-build ---
[INFO] /Users/Shared/Jenkins/Home/workspace/game-of-life-default/gameoflife-build/src/test/stories does not exists.  Skipping easyb testing
[INFO] 
[8mha:AAAAYB+LCAAAAAAAAP9b85aBtbiIQSmjNKU4P0+vJLE4u1gvPjexLDVPzxdEGvvmZ+X75ZekLlOVfvTjc8FPJgaGiiIGKaiG5Py84vycVD1nCA1SyAABjCCFBQCV27OjYAAAAA==[0m[INFO] --- maven-jar-plugin:2.4:jar (default-jar) @ gameoflife-build ---
Downloading: https://repo.maven.apache.org/maven2/org/apache/maven/maven-archiver/2.5/maven-archiver-2.5.pom
3/5 KB       5/5 KB            Downloaded: https://repo.maven.apache.org/maven2/org/apache/maven/maven-archiver/2.5/maven-archiver-2.5.pom (5 KB at 4.5 KB/sec)
Downloading: https://repo.maven.apache.org/maven2/org/codehaus/plexus/plexus-archiver/2.1/plexus-archiver-2.1.pom
3/3 KB   3/3 KB            Downloaded: https://repo.maven.apache.org/maven2/org/codehaus/plexus/plexus-archiver/2.1/plexus-archiver-2.1.pom (3 KB at 3.0 KB/sec)
Downloading: https://repo.maven.apache.org/maven2/org/codehaus/plexus/plexus-io/2.0.2/plexus-io-2.0.2.pom
2/2 KB            Downloaded: https://repo.maven.apache.org/maven2/org/codehaus/plexus/plexus-io/2.0.2/plexus-io-2.0.2.pom (2 KB at 1.4 KB/sec)
Downloading: https://repo.maven.apache.org/maven2/org/codehaus/plexus/plexus-components/1.1.19/plexus-components-1.1.19.pom
3/3 KB   3/3 KB            Downloaded: https://repo.maven.apache.org/maven2/org/codehaus/plexus/plexus-components/1.1.19/plexus-components-1.1.19.pom (3 KB at 2.1 KB/sec)
Downloading: https://repo.maven.apache.org/maven2/org/codehaus/plexus/plexus/3.0.1/plexus-3.0.1.pom
3/19 KB   5/19 KB   8/19 KB   11/19 KB   13/19 KB   16/19 KB   19/19 KB   19/19 KB              Downloaded: https://repo.maven.apache.org/maven2/org/codehaus/plexus/plexus/3.0.1/plexus-3.0.1.pom (19 KB at 14.8 KB/sec)
Downloading: https://repo.maven.apache.org/maven2/org/codehaus/plexus/plexus-interpolation/1.15/plexus-interpolation-1.15.pom
1018/1018 B                 Downloaded: https://repo.maven.apache.org/maven2/org/codehaus/plexus/plexus-interpolation/1.15/plexus-interpolation-1.15.pom (1018 B at 0.8 KB/sec)
Downloading: https://repo.maven.apache.org/maven2/org/apache/maven/maven-archiver/2.5/maven-archiver-2.5.jar
Downloading: https://repo.maven.apache.org/maven2/org/codehaus/plexus/plexus-interpolation/1.15/plexus-interpolation-1.15.jar
Downloading: https://repo.maven.apache.org/maven2/org/codehaus/plexus/plexus-archiver/2.1/plexus-archiver-2.1.jar
Downloading: https://repo.maven.apache.org/maven2/org/codehaus/plexus/plexus-io/2.0.2/plexus-io-2.0.2.jar
Downloading: https://repo.maven.apache.org/maven2/commons-lang/commons-lang/2.1/commons-lang-2.1.jar
3/203 KB      3/60 KB   3/203 KB   3/60 KB   3/203 KB   3/22 KB   3/60 KB   3/203 KB   3/22 KB   3/57 KB   3/60 KB   3/203 KB   3/22 KB   3/181 KB   3/57 KB   3/60 KB   5/203 KB   3/22 KB   3/181 KB   3/57 KB   5/60 KB   5/203 KB   3/22 KB   3/181 KB   3/57 KB   5/60 KB   5/203 KB   5/22 KB   3/181 KB   3/57 KB   5/60 KB   5/203 KB   5/22 KB   5/181 KB   3/57 KB   5/60 KB   5/203 KB   5/22 KB   5/181 KB   5/57 KB   8/60 KB   5/203 KB   5/22 KB   5/181 KB   5/57 KB   8/60 KB   5/203 KB   8/22 KB   5/181 KB   5/57 KB   8/60 KB   8/203 KB   8/22 KB   8/181 KB   5/57 KB   8/60 KB   8/203 KB   8/22 KB   8/181 KB   5/57 KB   8/60 KB   8/203 KB   8/22 KB   8/181 KB   8/57 KB   11/60 KB   8/203 KB   8/22 KB   8/181 KB   8/57 KB   11/60 KB   8/203 KB   11/22 KB   8/181 KB   8/57 KB   11/60 KB   11/203 KB   11/22 KB   8/181 KB   8/57 KB   11/60 KB   11/203 KB   11/22 KB   11/181 KB   11/57 KB   11/60 KB   11/203 KB   11/22 KB   11/181 KB   11/57 KB   13/60 KB   11/203 KB   11/22 KB   11/181 KB   11/57 KB   13/60 KB   11/203 KB   13/22 KB   11/181 KB   11/57 KB   13/60 KB   13/203 KB   13/22 KB   11/181 KB   11/57 KB   13/60 KB   13/203 KB   13/22 KB   11/181 KB   13/57 KB   13/60 KB   13/203 KB   13/22 KB   13/181 KB   13/57 KB   16/60 KB   13/203 KB   13/22 KB   13/181 KB   13/57 KB   16/60 KB   13/203 KB   16/22 KB   13/181 KB   13/57 KB   16/60 KB   16/203 KB   16/22 KB   13/181 KB   13/57 KB   16/60 KB   16/203 KB   16/22 KB   13/181 KB   16/57 KB   16/60 KB   16/203 KB   16/22 KB   16/181 KB   16/57 KB   19/60 KB   16/203 KB   16/22 KB   16/181 KB   16/57 KB   19/60 KB   16/203 KB   19/22 KB   16/181 KB   16/57 KB   19/60 KB   19/203 KB   19/22 KB   16/181 KB   16/57 KB   19/60 KB   19/203 KB   19/22 KB   19/181 KB   19/57 KB   19/60 KB   19/203 KB   19/22 KB   19/181 KB   19/57 KB   19/60 KB   19/203 KB   21/22 KB   19/181 KB   19/57 KB   19/60 KB   21/203 KB   21/22 KB   19/181 KB   19/57 KB   19/60 KB   21/203 KB   21/22 KB   19/181 KB   21/57 KB   19/60 KB   21/203 KB   21/22 KB   21/181 KB   21/57 KB   19/60 KB   24/203 KB   21/22 KB   21/181 KB   21/57 KB   19/60 KB   24/203 KB   21/22 KB   24/181 KB   21/57 KB   19/60 KB   27/203 KB   21/22 KB   24/181 KB   21/57 KB   19/60 KB   27/203 KB   21/22 KB   27/181 KB   21/57 KB   19/60 KB   27/203 KB   21/22 KB   29/181 KB   21/57 KB   19/60 KB   27/203 KB   21/22 KB   32/181 KB   21/57 KB   19/60 KB   27/203 KB   21/22 KB   32/181 KB   24/57 KB   19/60 KB   29/203 KB   21/22 KB   32/181 KB   24/57 KB   19/60 KB   29/203 KB   22/22 KB   32/181 KB   24/57 KB   21/60 KB   29/203 KB   22/22 KB   32/181 KB   24/57 KB   21/60 KB   32/203 KB   22/22 KB   32/181 KB   24/57 KB   21/60 KB   32/203 KB   22/22 KB   32/181 KB   27/57 KB   24/60 KB   32/203 KB   22/22 KB   32/181 KB   27/57 KB   24/60 KB   32/203 KB   22/22 KB   32/181 KB   29/57 KB   27/60 KB   32/203 KB   22/22 KB   32/181 KB   29/57 KB   27/60 KB   32/203 KB   22/22 KB   32/181 KB   32/57 KB   29/60 KB   32/203 KB   22/22 KB   32/181 KB   32/57 KB   29/60 KB   32/203 KB   22/22 KB   36/181 KB   32/57 KB   29/60 KB   32/203 KB   22/22 KB   40/181 KB   32/57 KB   29/60 KB   32/203 KB   22/22 KB   44/181 KB   32/57 KB   29/60 KB   32/203 KB   22/22 KB   48/181 KB   32/57 KB   32/60 KB   32/203 KB   22/22 KB   48/181 KB   32/57 KB   32/60 KB   36/203 KB   22/22 KB   48/181 KB   32/57 KB   32/60 KB   40/203 KB   22/22 KB   48/181 KB   32/57 KB   32/60 KB   44/203 KB   22/22 KB   48/181 KB   32/57 KB   32/60 KB   48/203 KB   22/22 KB   48/181 KB   32/57 KB   32/60 KB   48/203 KB   22/22 KB   48/181 KB   36/57 KB   32/60 KB   48/203 KB   22/22 KB   48/181 KB   40/57 KB   32/60 KB   48/203 KB   22/22 KB   48/181 KB   44/57 KB   32/60 KB   48/203 KB   22/22 KB   48/181 KB   48/57 KB   32/60 KB   48/203 KB   22/22 KB   52/181 KB   48/57 KB   32/60 KB   48/203 KB   22/22 KB   56/181 KB   48/57 KB   32/60 KB   48/203 KB   22/22 KB   60/181 KB   48/57 KB   32/60 KB   48/203 KB   22/22 KB   64/181 KB   48/57 KB   32/60 KB   52/203 KB   22/22 KB   64/181 KB   48/57 KB   32/60 KB   56/203 KB   22/22 KB   64/181 KB   48/57 KB   32/60 KB   60/203 KB   22/22 KB   64/181 KB   48/57 KB   32/60 KB   64/203 KB   22/22 KB   64/181 KB   48/57 KB                                                            Downloaded: https://repo.maven.apache.org/maven2/org/apache/maven/maven-archiver/2.5/maven-archiver-2.5.jar (22 KB at 19.5 KB/sec)
32/60 KB   64/203 KB   64/181 KB   52/57 KB              32/60 KB   64/203 KB   64/181 KB   56/57 KB   32/60 KB   64/203 KB   64/181 KB   57/57 KB   36/60 KB   64/203 KB   64/181 KB   57/57 KB   40/60 KB   64/203 KB   64/181 KB   57/57 KB   44/60 KB   64/203 KB   64/181 KB   57/57 KB   48/60 KB   64/203 KB   64/181 KB   57/57 KB   48/60 KB   64/203 KB   68/181 KB   57/57 KB   48/60 KB   64/203 KB   72/181 KB   57/57 KB   48/60 KB   64/203 KB   76/181 KB   57/57 KB   48/60 KB   64/203 KB   80/181 KB   57/57 KB   48/60 KB   68/203 KB   80/181 KB   57/57 KB   48/60 KB   72/203 KB   80/181 KB   57/57 KB   48/60 KB   76/203 KB   80/181 KB   57/57 KB   48/60 KB   80/203 KB   80/181 KB   57/57 KB   52/60 KB   80/203 KB   80/181 KB   57/57 KB   56/60 KB   80/203 KB   80/181 KB   57/57 KB   60/60 KB   80/203 KB   80/181 KB   57/57 KB   60/60 KB   84/203 KB   80/181 KB   57/57 KB   60/60 KB   88/203 KB   80/181 KB   57/57 KB   60/60 KB   92/203 KB   80/181 KB   57/57 KB   60/60 KB   96/203 KB   80/181 KB   57/57 KB   60/60 KB   96/203 KB   84/181 KB   57/57 KB   60/60 KB   96/203 KB   88/181 KB   57/57 KB   60/60 KB   96/203 KB   92/181 KB   57/57 KB   60/60 KB   96/203 KB   96/181 KB   57/57 KB   60/60 KB   100/203 KB   96/181 KB   57/57 KB   60/60 KB   104/203 KB   96/181 KB   57/57 KB   60/60 KB   108/203 KB   96/181 KB   57/57 KB   60/60 KB   112/203 KB   96/181 KB   57/57 KB   60/60 KB   112/203 KB   100/181 KB   57/57 KB   60/60 KB   112/203 KB   104/181 KB   57/57 KB   60/60 KB   112/203 KB   108/181 KB   57/57 KB   60/60 KB   112/203 KB   112/181 KB   57/57 KB   60/60 KB   116/203 KB   112/181 KB   57/57 KB   60/60 KB   120/203 KB   112/181 KB   57/57 KB   60/60 KB   124/203 KB   112/181 KB   57/57 KB   60/60 KB   128/203 KB   112/181 KB   57/57 KB   60/60 KB   128/203 KB   116/181 KB   57/57 KB   60/60 KB   128/203 KB   120/181 KB   57/57 KB   60/60 KB   128/203 KB   124/181 KB   57/57 KB   60/60 KB   128/203 KB   128/181 KB   57/57 KB                                                   Downloaded: https://repo.maven.apache.org/maven2/org/codehaus/plexus/plexus-io/2.0.2/plexus-io-2.0.2.jar (57 KB at 35.2 KB/sec)
60/60 KB   132/203 KB   128/181 KB              60/60 KB   136/203 KB   128/181 KB   60/60 KB   140/203 KB   128/181 KB   60/60 KB   144/203 KB   128/181 KB   60/60 KB   144/203 KB   132/181 KB   60/60 KB   144/203 KB   136/181 KB   60/60 KB   144/203 KB   140/181 KB   60/60 KB   144/203 KB   144/181 KB                                        Downloaded: https://repo.maven.apache.org/maven2/org/codehaus/plexus/plexus-interpolation/1.15/plexus-interpolation-1.15.jar (60 KB at 33.9 KB/sec)
148/203 KB   144/181 KB              152/203 KB   144/181 KB   156/203 KB   144/181 KB   160/203 KB   144/181 KB   160/203 KB   148/181 KB   160/203 KB   152/181 KB   160/203 KB   156/181 KB   160/203 KB   160/181 KB   164/203 KB   160/181 KB   168/203 KB   160/181 KB   172/203 KB   160/181 KB   176/203 KB   160/181 KB   176/203 KB   164/181 KB   176/203 KB   168/181 KB   176/203 KB   172/181 KB   176/203 KB   176/181 KB   176/203 KB   180/181 KB   176/203 KB   181/181 KB   180/203 KB   181/181 KB   184/203 KB   181/181 KB   188/203 KB   181/181 KB   192/203 KB   181/181 KB   196/203 KB   181/181 KB   200/203 KB   181/181 KB   203/203 KB   181/181 KB                             Downloaded: https://repo.maven.apache.org/maven2/org/codehaus/plexus/plexus-archiver/2.1/plexus-archiver-2.1.jar (181 KB at 73.5 KB/sec)
                          Downloaded: https://repo.maven.apache.org/maven2/commons-lang/commons-lang/2.1/commons-lang-2.1.jar (203 KB at 82.5 KB/sec)
[INFO] Building jar: /Users/Shared/Jenkins/Home/workspace/game-of-life-default/gameoflife-build/target/gameoflife-build-1.0-SNAPSHOT.jar
[INFO]                                                                         
[INFO] ------------------------------------------------------------------------
[INFO] Building gameoflife-core 1.0-SNAPSHOT
[INFO] ------------------------------------------------------------------------
[INFO] 
[8mha:AAAAYB+LCAAAAAAAAP9b85aBtbiIQSmjNKU4P0+vJLE4u1gvPjexLDVPzxdEGvvmZ+X75ZekLlOVfvTjc8FPJgaGiiIGKaiG5Py84vycVD1nCA1SyAABjCCFBQCV27OjYAAAAA==[0m[INFO] --- maven-clean-plugin:2.5:clean (default-clean) @ gameoflife-core ---
[INFO] 
[8mha:AAAAYB+LCAAAAAAAAP9b85aBtbiIQSmjNKU4P0+vJLE4u1gvPjexLDVPzxdEGvvmZ+X75ZekLlOVfvTjc8FPJgaGiiIGKaiG5Py84vycVD1nCA1SyAABjCCFBQCV27OjYAAAAA==[0m[INFO] --- maven-enforcer-plugin:1.0:enforce (enforce-versions) @ gameoflife-core ---
[INFO] 
[8mha:AAAAYB+LCAAAAAAAAP9b85aBtbiIQSmjNKU4P0+vJLE4u1gvPjexLDVPzxdEGvvmZ+X75ZekLlOVfvTjc8FPJgaGiiIGKaiG5Py84vycVD1nCA1SyAABjCCFBQCV27OjYAAAAA==[0m[INFO] --- maven-resources-plugin:2.6:resources (default-resources) @ gameoflife-core ---
[INFO] Using 'UTF-8' encoding to copy filtered resources.
[INFO] skip non existing resourceDirectory /Users/Shared/Jenkins/Home/workspace/game-of-life-default/gameoflife-core/src/main/resources
[INFO] 
[8mha:AAAAYB+LCAAAAAAAAP9b85aBtbiIQSmjNKU4P0+vJLE4u1gvPjexLDVPzxdEGvvmZ+X75ZekLlOVfvTjc8FPJgaGiiIGKaiG5Py84vycVD1nCA1SyAABjCCFBQCV27OjYAAAAA==[0m[INFO] --- jacoco-maven-plugin:0.7.2.201409121644:prepare-agent (jacoco-initialize) @ gameoflife-core ---
[INFO] argLine set to -javaagent:/Users/Shared/Jenkins/.m2/repository/org/jacoco/org.jacoco.agent/0.7.2.201409121644/org.jacoco.agent-0.7.2.201409121644-runtime.jar=destfile=/Users/Shared/Jenkins/Home/workspace/game-of-life-default/gameoflife-core/target/jacoco.exec
[INFO] 
[8mha:AAAAYB+LCAAAAAAAAP9b85aBtbiIQSmjNKU4P0+vJLE4u1gvPjexLDVPzxdEGvvmZ+X75ZekLlOVfvTjc8FPJgaGiiIGKaiG5Py84vycVD1nCA1SyAABjCCFBQCV27OjYAAAAA==[0m[INFO] --- maven-compiler-plugin:3.1:compile (default-compile) @ gameoflife-core ---
[INFO] Changes detected - recompiling the module!
[INFO] Compiling 5 source files to /Users/Shared/Jenkins/Home/workspace/game-of-life-default/gameoflife-core/target/classes
[INFO] 
[8mha:AAAAYB+LCAAAAAAAAP9b85aBtbiIQSmjNKU4P0+vJLE4u1gvPjexLDVPzxdEGvvmZ+X75ZekLlOVfvTjc8FPJgaGiiIGKaiG5Py84vycVD1nCA1SyAABjCCFBQCV27OjYAAAAA==[0m[INFO] --- maven-resources-plugin:2.6:testResources (default-testResources) @ gameoflife-core ---
[INFO] Using 'UTF-8' encoding to copy filtered resources.
[INFO] skip non existing resourceDirectory /Users/Shared/Jenkins/Home/workspace/game-of-life-default/gameoflife-core/src/test/resources
[INFO] 
[8mha:AAAAYB+LCAAAAAAAAP9b85aBtbiIQSmjNKU4P0+vJLE4u1gvPjexLDVPzxdEGvvmZ+X75ZekLlOVfvTjc8FPJgaGiiIGKaiG5Py84vycVD1nCA1SyAABjCCFBQCV27OjYAAAAA==[0m[INFO] --- maven-compiler-plugin:3.1:testCompile (default-testCompile) @ gameoflife-core ---
[INFO] Changes detected - recompiling the module!
[INFO] Compiling 10 source files to /Users/Shared/Jenkins/Home/workspace/game-of-life-default/gameoflife-core/target/test-classes
[INFO] 
[8mha:AAAAYB+LCAAAAAAAAP9b85aBtbiIQSmjNKU4P0+vJLE4u1gvPjexLDVPzxdEGvvmZ+X75ZekLlOVfvTjc8FPJgaGiiIGKaiG5Py84vycVD1nCA1SyAABjCCFBQCV27OjYAAAAA==[0m[INFO] --- maven-surefire-plugin:2.11:test (default-test) @ gameoflife-core ---
[INFO] Tests are skipped.
[INFO] 
[8mha:AAAAYB+LCAAAAAAAAP9b85aBtbiIQSmjNKU4P0+vJLE4u1gvPjexLDVPzxdEGvvmZ+X75ZekLlOVfvTjc8FPJgaGiiIGKaiG5Py84vycVD1nCA1SyAABjCCFBQCV27OjYAAAAA==[0m[INFO] --- maven-surefire-plugin:2.11:test (unit-tests) @ gameoflife-core ---
[INFO] Surefire report directory: /Users/Shared/Jenkins/Home/workspace/game-of-life-default/gameoflife-core/target/surefire-reports

-------------------------------------------------------
 T E S T S
-------------------------------------------------------
objc[797]: Class JavaLaunchHelper is implemented in both /Users/Shared/Jenkins/Home/tools/hudson.model.JDK/8u102/jre/bin/java and /Users/Shared/Jenkins/Home/tools/hudson.model.JDK/8u102/jre/lib/libinstrument.dylib. One of the two will be used. Which one is undefined.
Running com.wakaleo.gameoflife.domain.WhenYouCreateACell
Tests run: 6, Failures: 0, Errors: 0, Skipped: 0, Time elapsed: 0.067 sec
Running com.wakaleo.gameoflife.domain.WhenYouCreateAGrid
Tests run: 16, Failures: 0, Errors: 0, Skipped: 0, Time elapsed: 0.004 sec
Running com.wakaleo.gameoflife.domain.WhenYouCreateANewUniverse
Tests run: 11, Failures: 0, Errors: 0, Skipped: 0, Time elapsed: 0.005 sec
Running com.wakaleo.gameoflife.domain.WhenYouPlayTheGameOfLife
Tests run: 5, Failures: 0, Errors: 0, Skipped: 0, Time elapsed: 0.002 sec
Running com.wakaleo.gameoflife.domain.WhenYouPrintAGrid
Tests run: 3, Failures: 0, Errors: 0, Skipped: 0, Time elapsed: 0.001 sec
Running com.wakaleo.gameoflife.domain.WhenYouReadAGridFromAString
Tests run: 8, Failures: 0, Errors: 0, Skipped: 0, Time elapsed: 0.004 sec

Results :

Tests run: 49, Failures: 0, Errors: 0, Skipped: 0

[INFO] 
[8mha:AAAAYB+LCAAAAAAAAP9b85aBtbiIQSmjNKU4P0+vJLE4u1gvPjexLDVPzxdEGvvmZ+X75ZekLlOVfvTjc8FPJgaGiiIGKaiG5Py84vycVD1nCA1SyAABjCCFBQCV27OjYAAAAA==[0m[INFO] --- maven-easyb-plugin:1.4:test (default) @ gameoflife-core ---
[INFO] artifact org.easyb:easyb-composite-groovy: checking for updates from central
[INFO] artifact org.easyb:easyb-ast: checking for updates from central
[INFO] Using easyb dependency org.easyb:easyb-core:jar:1.6:compile
[INFO] Using easyb dependency org.easyb:easyb-composite-groovy:pom:1.2:compile
[INFO] Using easyb dependency org.codehaus.groovy:groovy-all:jar:2.3.6:compile
[INFO] Using easyb dependency org.easyb:easyb-ast:jar:1.1:compile
[INFO] Using easyb dependency commons-cli:commons-cli:jar:1.2:compile
[INFO] Using easyb dependency commons-lang:commons-lang:jar:2.5:compile
     [java] Running counting things story (/Users/Shared/Jenkins/Home/workspace/game-of-life-default/gameoflife-core/src/test/stories/CountingThings.story)
     [java] Scenarios run: 1, Failures: 0, Pending: 0, Time elapsed: 0.325 sec
     [java] Running multiplying things story (/Users/Shared/Jenkins/Home/workspace/game-of-life-default/gameoflife-core/src/test/stories/MultiplyingThings.story)
     [java] Scenarios run: 1, Failures: 0, Pending: 1, Time elapsed: 0.018 sec
     [java] 2 total behaviors ran with no failures
     [java] Writing JUnit report to /Users/Shared/Jenkins/Home/workspace/game-of-life-default/gameoflife-core/target/surefire-reports/TEST-behavior.CountingThings.xml
     [java] JUnit report written to /Users/Shared/Jenkins/Home/workspace/game-of-life-default/gameoflife-core/target/surefire-reports/TEST-behavior.CountingThings.xml
     [java] Writing JUnit report to /Users/Shared/Jenkins/Home/workspace/game-of-life-default/gameoflife-core/target/surefire-reports/TEST-behavior.MultiplyingThings.xml
     [java] JUnit report written to /Users/Shared/Jenkins/Home/workspace/game-of-life-default/gameoflife-core/target/surefire-reports/TEST-behavior.MultiplyingThings.xml
[INFO] 
[8mha:AAAAYB+LCAAAAAAAAP9b85aBtbiIQSmjNKU4P0+vJLE4u1gvPjexLDVPzxdEGvvmZ+X75ZekLlOVfvTjc8FPJgaGiiIGKaiG5Py84vycVD1nCA1SyAABjCCFBQCV27OjYAAAAA==[0m[INFO] --- maven-jar-plugin:2.4:jar (default-jar) @ gameoflife-core ---
[INFO] Building jar: /Users/Shared/Jenkins/Home/workspace/game-of-life-default/gameoflife-core/target/gameoflife-core-1.0-SNAPSHOT.jar
[INFO]                                                                         
[INFO] ------------------------------------------------------------------------
[INFO] Building gameoflife-web 1.0-SNAPSHOT
[INFO] ------------------------------------------------------------------------
Downloading: https://repo.maven.apache.org/maven2/org/apache/maven/plugins/maven-war-plugin/2.1.1/maven-war-plugin-2.1.1.pom
3/7 KB                    5/7 KB   7/7 KB            Downloaded: https://repo.maven.apache.org/maven2/org/apache/maven/plugins/maven-war-plugin/2.1.1/maven-war-plugin-2.1.1.pom (7 KB at 2.7 KB/sec)
Downloading: https://repo.maven.apache.org/maven2/org/apache/maven/plugins/maven-plugins/18/maven-plugins-18.pom
3/13 KB   5/13 KB   8/13 KB   11/13 KB   13/13 KB              Downloaded: https://repo.maven.apache.org/maven2/org/apache/maven/plugins/maven-plugins/18/maven-plugins-18.pom (13 KB at 10.3 KB/sec)
Downloading: https://repo.maven.apache.org/maven2/org/apache/maven/plugins/maven-war-plugin/2.1.1/maven-war-plugin-2.1.1.jar
3/76 KB    5/76 KB   8/76 KB   11/76 KB   13/76 KB   16/76 KB   19/76 KB   21/76 KB   24/76 KB   27/76 KB   29/76 KB   32/76 KB   36/76 KB   40/76 KB   44/76 KB   48/76 KB   52/76 KB   56/76 KB   60/76 KB   64/76 KB   68/76 KB   72/76 KB   76/76 KB   76/76 KB              Downloaded: https://repo.maven.apache.org/maven2/org/apache/maven/plugins/maven-war-plugin/2.1.1/maven-war-plugin-2.1.1.jar (76 KB at 49.4 KB/sec)
Downloading: https://repo.maven.apache.org/maven2/org/springframework/spring-webmvc/3.0.2.RELEASE/spring-webmvc-3.0.2.RELEASE.pom
3/9 KB     5/9 KB   8/9 KB   9/9 KB            Downloaded: https://repo.maven.apache.org/maven2/org/springframework/spring-webmvc/3.0.2.RELEASE/spring-webmvc-3.0.2.RELEASE.pom (9 KB at 6.8 KB/sec)
Downloading: https://repo.maven.apache.org/maven2/org/springframework/spring-parent/3.0.2.RELEASE/spring-parent-3.0.2.RELEASE.pom
3/9 KB   5/9 KB   8/9 KB   9/9 KB            Downloaded: https://repo.maven.apache.org/maven2/org/springframework/spring-parent/3.0.2.RELEASE/spring-parent-3.0.2.RELEASE.pom (9 KB at 6.7 KB/sec)
Downloading: https://repo.maven.apache.org/maven2/org/springframework/spring-asm/3.0.2.RELEASE/spring-asm-3.0.2.RELEASE.pom
3/3 KB            Downloaded: https://repo.maven.apache.org/maven2/org/springframework/spring-asm/3.0.2.RELEASE/spring-asm-3.0.2.RELEASE.pom (3 KB at 2.2 KB/sec)
Downloading: https://repo.maven.apache.org/maven2/org/springframework/spring-beans/3.0.2.RELEASE/spring-beans-3.0.2.RELEASE.pom
3/3 KB   3/3 KB            Downloaded: https://repo.maven.apache.org/maven2/org/springframework/spring-beans/3.0.2.RELEASE/spring-beans-3.0.2.RELEASE.pom (3 KB at 1.8 KB/sec)
Downloading: https://repo.maven.apache.org/maven2/org/springframework/spring-core/3.0.2.RELEASE/spring-core-3.0.2.RELEASE.pom
3/3 KB   3/3 KB            Downloaded: https://repo.maven.apache.org/maven2/org/springframework/spring-core/3.0.2.RELEASE/spring-core-3.0.2.RELEASE.pom (3 KB at 1.9 KB/sec)
Downloading: https://repo.maven.apache.org/maven2/org/springframework/spring-context/3.0.2.RELEASE/spring-context-3.0.2.RELEASE.pom
3/7 KB   5/7 KB   7/7 KB            Downloaded: https://repo.maven.apache.org/maven2/org/springframework/spring-context/3.0.2.RELEASE/spring-context-3.0.2.RELEASE.pom (7 KB at 5.3 KB/sec)
Downloading: https://repo.maven.apache.org/maven2/org/springframework/spring-aop/3.0.2.RELEASE/spring-aop-3.0.2.RELEASE.pom
3/3 KB   3/3 KB            Downloaded: https://repo.maven.apache.org/maven2/org/springframework/spring-aop/3.0.2.RELEASE/spring-aop-3.0.2.RELEASE.pom (3 KB at 2.7 KB/sec)
Downloading: https://repo.maven.apache.org/maven2/aopalliance/aopalliance/1.0/aopalliance-1.0.pom
363/363 B               Downloaded: https://repo.maven.apache.org/maven2/aopalliance/aopalliance/1.0/aopalliance-1.0.pom (363 B at 0.3 KB/sec)
Downloading: https://repo.maven.apache.org/maven2/org/springframework/spring-expression/3.0.2.RELEASE/spring-expression-3.0.2.RELEASE.pom
2/2 KB               Downloaded: https://repo.maven.apache.org/maven2/org/springframework/spring-expression/3.0.2.RELEASE/spring-expression-3.0.2.RELEASE.pom (2 KB at 1.3 KB/sec)
Downloading: https://repo.maven.apache.org/maven2/org/springframework/spring-context-support/3.0.2.RELEASE/spring-context-support-3.0.2.RELEASE.pom
3/5 KB   5/5 KB            Downloaded: https://repo.maven.apache.org/maven2/org/springframework/spring-context-support/3.0.2.RELEASE/spring-context-support-3.0.2.RELEASE.pom (5 KB at 3.6 KB/sec)
Downloading: https://repo.maven.apache.org/maven2/org/springframework/spring-web/3.0.2.RELEASE/spring-web-3.0.2.RELEASE.pom
3/5 KB   5/5 KB   5/5 KB            Downloaded: https://repo.maven.apache.org/maven2/org/springframework/spring-web/3.0.2.RELEASE/spring-web-3.0.2.RELEASE.pom (5 KB at 4.0 KB/sec)
Downloading: https://repo.maven.apache.org/maven2/javax/servlet/jstl/1.2/jstl-1.2.pom
356/356 B               Downloaded: https://repo.maven.apache.org/maven2/javax/servlet/jstl/1.2/jstl-1.2.pom (356 B at 0.3 KB/sec)
Downloading: https://repo.maven.apache.org/maven2/javax/servlet/servlet-api/2.5/servlet-api-2.5.pom
157/157 B               Downloaded: https://repo.maven.apache.org/maven2/javax/servlet/servlet-api/2.5/servlet-api-2.5.pom (157 B at 0.1 KB/sec)
Downloading: https://repo.maven.apache.org/maven2/org/mockito/mockito-all/1.8.5/mockito-all-1.8.5.pom
858/858 B               Downloaded: https://repo.maven.apache.org/maven2/org/mockito/mockito-all/1.8.5/mockito-all-1.8.5.pom (858 B at 0.7 KB/sec)
Downloading: https://repo.maven.apache.org/maven2/org/easytesting/fest-assert/1.4/fest-assert-1.4.pom
3/3 KB      3/3 KB            Downloaded: https://repo.maven.apache.org/maven2/org/easytesting/fest-assert/1.4/fest-assert-1.4.pom (3 KB at 1.9 KB/sec)
Downloading: https://repo.maven.apache.org/maven2/org/easytesting/fest/1.0.8/fest-1.0.8.pom
3/12 KB   5/12 KB   8/12 KB   11/12 KB   12/12 KB              Downloaded: https://repo.maven.apache.org/maven2/org/easytesting/fest/1.0.8/fest-1.0.8.pom (12 KB at 9.6 KB/sec)
Downloading: https://repo.maven.apache.org/maven2/org/easytesting/fest-util/1.1.6/fest-util-1.1.6.pom
2/2 KB              Downloaded: https://repo.maven.apache.org/maven2/org/easytesting/fest-util/1.1.6/fest-util-1.1.6.pom (2 KB at 1.2 KB/sec)
Downloading: https://repo.maven.apache.org/maven2/org/slf4j/slf4j-simple/1.6.1/slf4j-simple-1.6.1.pom
2/2 KB            Downloaded: https://repo.maven.apache.org/maven2/org/slf4j/slf4j-simple/1.6.1/slf4j-simple-1.6.1.pom (2 KB at 1.2 KB/sec)
Downloading: https://repo.maven.apache.org/maven2/org/springframework/spring-webmvc/3.0.2.RELEASE/spring-webmvc-3.0.2.RELEASE.jar
Downloading: https://repo.maven.apache.org/maven2/org/springframework/spring-asm/3.0.2.RELEASE/spring-asm-3.0.2.RELEASE.jar
Downloading: https://repo.maven.apache.org/maven2/org/springframework/spring-beans/3.0.2.RELEASE/spring-beans-3.0.2.RELEASE.jar
Downloading: https://repo.maven.apache.org/maven2/org/springframework/spring-context/3.0.2.RELEASE/spring-context-3.0.2.RELEASE.jar
Downloading: https://repo.maven.apache.org/maven2/org/springframework/spring-aop/3.0.2.RELEASE/spring-aop-3.0.2.RELEASE.jar
3/52 KB   3/642 KB   3/52 KB   3/538 KB   3/642 KB   3/52 KB   3/538 KB   3/394 KB   3/642 KB   3/52 KB   3/538 KB   3/394 KB   3/642 KB   5/52 KB   3/538 KB   3/394 KB   3/642 KB   3/313 KB   5/52 KB   5/538 KB   3/394 KB   3/642 KB   3/313 KB   5/52 KB   5/538 KB   3/394 KB   5/642 KB   3/313 KB   5/52 KB   5/538 KB   5/394 KB   5/642 KB   3/313 KB   5/52 KB   5/538 KB   5/394 KB   5/642 KB   3/313 KB   8/52 KB   8/538 KB   5/394 KB   5/642 KB   3/313 KB   8/52 KB   8/538 KB   8/394 KB   5/642 KB   3/313 KB   8/52 KB   8/538 KB   8/394 KB   8/642 KB   5/313 KB   8/52 KB   8/538 KB   8/394 KB   8/642 KB   5/313 KB   8/52 KB   8/538 KB   8/394 KB   8/642 KB   5/313 KB   11/52 KB   8/538 KB   11/394 KB   8/642 KB   5/313 KB   11/52 KB   11/538 KB   11/394 KB   8/642 KB   5/313 KB   11/52 KB   11/538 KB   11/394 KB   11/642 KB   5/313 KB   11/52 KB   11/538 KB   11/394 KB   11/642 KB   8/313 KB   11/52 KB   11/538 KB   11/394 KB   11/642 KB   8/313 KB   13/52 KB   11/538 KB   13/394 KB   11/642 KB   8/313 KB   13/52 KB   11/538 KB   13/394 KB   13/642 KB   8/313 KB   13/52 KB   13/538 KB   13/394 KB   13/642 KB   8/313 KB   13/52 KB   13/538 KB   13/394 KB   13/642 KB   8/313 KB   16/52 KB   13/538 KB   13/394 KB   13/642 KB   11/313 KB   16/52 KB   13/538 KB   16/394 KB   13/642 KB   11/313 KB   16/52 KB   13/538 KB   16/394 KB   16/642 KB   11/313 KB   16/52 KB   16/538 KB   16/394 KB   16/642 KB   11/313 KB   16/52 KB   16/538 KB   16/394 KB   16/642 KB   11/313 KB   19/52 KB   16/538 KB   19/394 KB   16/642 KB   13/313 KB   19/52 KB   16/538 KB   19/394 KB   16/642 KB   11/313 KB   19/52 KB   19/538 KB   19/394 KB   16/642 KB   13/313 KB   19/52 KB   19/538 KB   19/394 KB   19/642 KB   13/313 KB   19/52 KB   19/538 KB   19/394 KB   19/642 KB   16/313 KB   19/52 KB   19/538 KB   21/394 KB   19/642 KB   16/313 KB   19/52 KB   21/538 KB   21/394 KB   19/642 KB   16/313 KB   19/52 KB   21/538 KB   21/394 KB   21/642 KB   16/313 KB   19/52 KB   21/538 KB   24/394 KB   21/642 KB   16/313 KB   19/52 KB   24/538 KB   24/394 KB   21/642 KB   16/313 KB   19/52 KB   24/538 KB   24/394 KB   21/642 KB   19/313 KB   19/52 KB   24/538 KB   24/394 KB   24/642 KB   19/313 KB   19/52 KB   24/538 KB   24/394 KB   24/642 KB   21/313 KB   19/52 KB   24/538 KB   24/394 KB   27/642 KB   21/313 KB   19/52 KB   24/538 KB   24/394 KB   27/642 KB   24/313 KB   19/52 KB   24/538 KB   24/394 KB   29/642 KB   24/313 KB   19/52 KB   24/538 KB   24/394 KB   32/642 KB   24/313 KB   19/52 KB   24/538 KB   24/394 KB   32/642 KB   27/313 KB   19/52 KB   24/538 KB   24/394 KB   32/642 KB   27/313 KB   21/52 KB   24/538 KB   27/394 KB   32/642 KB   27/313 KB   21/52 KB   27/538 KB   27/394 KB   32/642 KB   27/313 KB   21/52 KB   27/538 KB   27/394 KB   32/642 KB   29/313 KB   21/52 KB   27/538 KB   27/394 KB   32/642 KB   29/313 KB   24/52 KB   27/538 KB   29/394 KB   32/642 KB   29/313 KB   24/52 KB   29/538 KB   29/394 KB   32/642 KB   29/313 KB   24/52 KB   29/538 KB   29/394 KB   32/642 KB   32/313 KB   24/52 KB   29/538 KB   32/394 KB   32/642 KB   32/313 KB   24/52 KB   29/538 KB   32/394 KB   32/642 KB   32/313 KB   27/52 KB   32/538 KB   32/394 KB   32/642 KB   32/313 KB   27/52 KB   32/538 KB   32/394 KB   32/642 KB   32/313 KB   29/52 KB   32/538 KB   32/394 KB   36/642 KB   32/313 KB   29/52 KB   32/538 KB   32/394 KB   40/642 KB   32/313 KB   29/52 KB   32/538 KB   32/394 KB   44/642 KB   32/313 KB   29/52 KB   32/538 KB   32/394 KB   48/642 KB   32/313 KB   29/52 KB   32/538 KB   32/394 KB   48/642 KB   32/313 KB   32/52 KB   32/538 KB   32/394 KB   48/642 KB   36/313 KB   32/52 KB   32/538 KB   32/394 KB   48/642 KB   40/313 KB   32/52 KB   32/538 KB   32/394 KB   48/642 KB   44/313 KB   32/52 KB   32/538 KB   32/394 KB   48/642 KB   48/313 KB   32/52 KB   32/538 KB   36/394 KB   48/642 KB   48/313 KB   32/52 KB   32/538 KB   40/394 KB   48/642 KB   48/313 KB   32/52 KB   32/538 KB   44/394 KB   48/642 KB   48/313 KB   32/52 KB   32/538 KB   48/394 KB   48/642 KB   48/313 KB   32/52 KB   36/538 KB   48/394 KB   48/642 KB   48/313 KB   32/52 KB   40/538 KB   48/394 KB   48/642 KB   48/313 KB   32/52 KB   44/538 KB   48/394 KB   48/642 KB   48/313 KB   32/52 KB   48/538 KB   48/394 KB   48/642 KB   48/313 KB   32/52 KB   48/538 KB   52/394 KB   48/642 KB   48/313 KB   32/52 KB   48/538 KB   56/394 KB   48/642 KB   48/313 KB   32/52 KB   48/538 KB   60/394 KB   48/642 KB   48/313 KB   32/52 KB   48/538 KB   64/394 KB   48/642 KB   48/313 KB   32/52 KB   48/538 KB   64/394 KB   52/642 KB   48/313 KB   32/52 KB   48/538 KB   64/394 KB   56/642 KB   48/313 KB   32/52 KB   48/538 KB   64/394 KB   60/642 KB   48/313 KB   32/52 KB   48/538 KB   64/394 KB   64/642 KB   48/313 KB   32/52 KB   48/538 KB   64/394 KB   64/642 KB   48/313 KB   36/52 KB   48/538 KB   64/394 KB   64/642 KB   48/313 KB   40/52 KB   48/538 KB   64/394 KB   64/642 KB   48/313 KB   44/52 KB   48/538 KB   64/394 KB   64/642 KB   48/313 KB   48/52 KB   52/538 KB   64/394 KB   64/642 KB   48/313 KB   48/52 KB   56/538 KB   64/394 KB   64/642 KB   48/313 KB   48/52 KB   60/538 KB   64/394 KB   64/642 KB   48/313 KB   48/52 KB   64/538 KB   64/394 KB   64/642 KB   48/313 KB   48/52 KB   64/538 KB   64/394 KB   64/642 KB   52/313 KB   48/52 KB   64/538 KB   64/394 KB   64/642 KB   56/313 KB   48/52 KB   64/538 KB   64/394 KB   64/642 KB   60/313 KB   48/52 KB   64/538 KB   64/394 KB   64/642 KB   64/313 KB   48/52 KB   64/538 KB   64/394 KB   64/642 KB   64/313 KB   52/52 KB   64/538 KB   64/394 KB   64/642 KB   64/313 KB   52/52 KB   64/538 KB   68/394 KB   64/642 KB   64/313 KB   52/52 KB   64/538 KB   72/394 KB   64/642 KB   64/313 KB   52/52 KB   64/538 KB   76/394 KB   64/642 KB   64/313 KB   52/52 KB   64/538 KB   80/394 KB   64/642 KB   64/313 KB   52/52 KB   64/538 KB   80/394 KB   68/642 KB   64/313 KB   52/52 KB   64/538 KB   80/394 KB   72/642 KB   64/313 KB   52/52 KB   64/538 KB   80/394 KB   76/642 KB   64/313 KB   52/52 KB   64/538 KB   80/394 KB   80/642 KB   64/313 KB   52/52 KB   68/538 KB   80/394 KB   80/642 KB   64/313 KB   52/52 KB   72/538 KB   80/394 KB   80/642 KB   64/313 KB   52/52 KB   76/538 KB   80/394 KB   80/642 KB   64/313 KB   52/52 KB   80/538 KB   80/394 KB   80/642 KB   64/313 KB   52/52 KB   80/538 KB   80/394 KB   80/642 KB   68/313 KB   52/52 KB   80/538 KB   80/394 KB   80/642 KB   72/313 KB   52/52 KB   80/538 KB   80/394 KB   80/642 KB   76/313 KB   52/52 KB   80/538 KB   80/394 KB   80/642 KB   80/313 KB   52/52 KB   80/538 KB   84/394 KB   80/642 KB   80/313 KB   52/52 KB   80/538 KB   88/394 KB   80/642 KB   80/313 KB   52/52 KB   80/538 KB   92/394 KB   80/642 KB   80/313 KB   52/52 KB   80/538 KB   96/394 KB   80/642 KB   80/313 KB   52/52 KB   80/538 KB   96/394 KB   84/642 KB   80/313 KB   52/52 KB   80/538 KB   96/394 KB   88/642 KB   80/313 KB   52/52 KB   80/538 KB   96/394 KB   92/642 KB   80/313 KB   52/52 KB   80/538 KB   96/394 KB   96/642 KB   80/313 KB   52/52 KB   84/538 KB   96/394 KB   96/642 KB   80/313 KB   52/52 KB   88/538 KB   96/394 KB   96/642 KB   80/313 KB   52/52 KB   92/538 KB   96/394 KB   96/642 KB   80/313 KB   52/52 KB   96/538 KB   96/394 KB   96/642 KB   80/313 KB   52/52 KB   96/538 KB   100/394 KB   96/642 KB   80/313 KB   52/52 KB   96/538 KB   104/394 KB   96/642 KB   80/313 KB   52/52 KB   96/538 KB   108/394 KB   96/642 KB   80/313 KB   52/52 KB   96/538 KB   112/394 KB   96/642 KB   80/313 KB   52/52 KB   96/538 KB   112/394 KB   100/642 KB   80/313 KB   52/52 KB   96/538 KB   112/394 KB   104/642 KB   80/313 KB   52/52 KB   96/538 KB   112/394 KB   108/642 KB   80/313 KB   52/52 KB   96/538 KB   112/394 KB   112/642 KB   80/313 KB   52/52 KB   96/538 KB   112/394 KB   112/642 KB   84/313 KB   52/52 KB   96/538 KB   112/394 KB   112/642 KB   88/313 KB   52/52 KB   96/538 KB   112/394 KB   112/642 KB   92/313 KB   52/52 KB   96/538 KB   112/394 KB   112/642 KB   96/313 KB   52/52 KB   100/538 KB   112/394 KB   112/642 KB   96/313 KB   52/52 KB   104/538 KB   112/394 KB   112/642 KB   96/313 KB   52/52 KB   108/538 KB   112/394 KB   112/642 KB   96/313 KB   52/52 KB   112/538 KB   112/394 KB   112/642 KB   96/313 KB   52/52 KB   112/538 KB   116/394 KB   112/642 KB   96/313 KB   52/52 KB   112/538 KB   120/394 KB   112/642 KB   96/313 KB   52/52 KB   112/538 KB   124/394 KB   112/642 KB   96/313 KB   52/52 KB   112/538 KB   128/394 KB   112/642 KB   96/313 KB   52/52 KB   112/538 KB   128/394 KB   116/642 KB   96/313 KB   52/52 KB   112/538 KB   128/394 KB   120/642 KB   96/313 KB   52/52 KB   112/538 KB   128/394 KB   124/642 KB   96/313 KB   52/52 KB   112/538 KB   128/394 KB   128/642 KB   96/313 KB   52/52 KB   112/538 KB   128/394 KB   128/642 KB   100/313 KB   52/52 KB   112/538 KB   128/394 KB   128/642 KB   104/313 KB   52/52 KB   112/538 KB   128/394 KB   128/642 KB   108/313 KB   52/52 KB   112/538 KB   128/394 KB   128/642 KB   112/313 KB   52/52 KB   112/538 KB   128/394 KB   132/642 KB   112/313 KB   52/52 KB   112/538 KB   128/394 KB   136/642 KB   112/313 KB   52/52 KB   112/538 KB   128/394 KB   140/642 KB   112/313 KB   52/52 KB   112/538 KB   128/394 KB   144/642 KB   112/313 KB   52/52 KB   112/538 KB   128/394 KB   148/642 KB   112/313 KB   52/52 KB   112/538 KB   128/394 KB   152/642 KB   112/313 KB   52/52 KB   112/538 KB   128/394 KB   156/642 KB   112/313 KB   52/52 KB   112/538 KB   128/394 KB   160/642 KB   112/313 KB   52/52 KB   112/538 KB   128/394 KB   164/642 KB   112/313 KB   52/52 KB   112/538 KB   128/394 KB   168/642 KB   112/313 KB   52/52 KB   112/538 KB   128/394 KB   172/642 KB   112/313 KB   52/52 KB   112/538 KB   128/394 KB   176/642 KB   112/313 KB   52/52 KB   112/538 KB   128/394 KB   180/642 KB   112/313 KB   52/52 KB   112/538 KB   128/394 KB   184/642 KB   112/313 KB   52/52 KB   112/538 KB   128/394 KB   188/642 KB   112/313 KB   52/52 KB   112/538 KB   128/394 KB   192/642 KB   112/313 KB   52/52 KB   116/538 KB   128/394 KB   192/642 KB   112/313 KB   52/52 KB   120/538 KB   128/394 KB   192/642 KB   112/313 KB   52/52 KB   124/538 KB   128/394 KB   192/642 KB   112/313 KB   52/52 KB   128/538 KB   128/394 KB   192/642 KB   112/313 KB   52/52 KB   128/538 KB   132/394 KB   192/642 KB   112/313 KB   52/52 KB   128/538 KB   136/394 KB   192/642 KB   112/313 KB   52/52 KB   128/538 KB   140/394 KB   192/642 KB   112/313 KB   52/52 KB   128/538 KB   144/394 KB   192/642 KB   112/313 KB   52/52 KB   128/538 KB   148/394 KB   192/642 KB   112/313 KB   52/52 KB   128/538 KB   152/394 KB   192/642 KB   112/313 KB   52/52 KB   128/538 KB   156/394 KB   192/642 KB   112/313 KB   52/52 KB   128/538 KB   160/394 KB   192/642 KB   112/313 KB   52/52 KB   128/538 KB   164/394 KB   192/642 KB   112/313 KB   52/52 KB   128/538 KB   168/394 KB   192/642 KB   112/313 KB   52/52 KB   128/538 KB   172/394 KB   192/642 KB   112/313 KB   52/52 KB   128/538 KB   176/394 KB   192/642 KB   112/313 KB   52/52 KB   128/538 KB   180/394 KB   192/642 KB   112/313 KB   52/52 KB   128/538 KB   184/394 KB   192/642 KB   112/313 KB   52/52 KB   128/538 KB   188/394 KB   192/642 KB   112/313 KB   52/52 KB   128/538 KB   192/394 KB   192/642 KB   112/313 KB   52/52 KB   128/538 KB   196/394 KB   192/642 KB   112/313 KB   52/52 KB   128/538 KB   200/394 KB   192/642 KB   112/313 KB   52/52 KB   128/538 KB   204/394 KB   192/642 KB   112/313 KB   52/52 KB   128/538 KB   208/394 KB   192/642 KB   112/313 KB   52/52 KB   128/538 KB   211/394 KB   192/642 KB   112/313 KB   52/52 KB   128/538 KB   211/394 KB   192/642 KB   116/313 KB   52/52 KB   128/538 KB   211/394 KB   192/642 KB   120/313 KB   52/52 KB   128/538 KB   211/394 KB   192/642 KB   124/313 KB   52/52 KB   128/538 KB   211/394 KB   192/642 KB   128/313 KB   52/52 KB   128/538 KB   211/394 KB   192/642 KB   132/313 KB   52/52 KB   128/538 KB   211/394 KB   192/642 KB   136/313 KB   52/52 KB   128/538 KB   211/394 KB   192/642 KB   140/313 KB   52/52 KB   128/538 KB   211/394 KB   192/642 KB   144/313 KB   52/52 KB   128/538 KB   211/394 KB   192/642 KB   148/313 KB   52/52 KB   128/538 KB   211/394 KB   192/642 KB   152/313 KB   52/52 KB   128/538 KB   211/394 KB   192/642 KB   156/313 KB   52/52 KB   128/538 KB   211/394 KB   192/642 KB   160/313 KB   52/52 KB   132/538 KB   211/394 KB   192/642 KB   160/313 KB   52/52 KB   136/538 KB   211/394 KB   192/642 KB   160/313 KB   52/52 KB   140/538 KB   211/394 KB   192/642 KB   160/313 KB   52/52 KB   144/538 KB   211/394 KB   192/642 KB   160/313 KB   52/52 KB   144/538 KB   213/394 KB   192/642 KB   160/313 KB   52/52 KB   148/538 KB   213/394 KB   192/642 KB   160/313 KB   52/52 KB   152/538 KB   213/394 KB   192/642 KB   160/313 KB   52/52 KB   156/538 KB   213/394 KB   192/642 KB   160/313 KB   52/52 KB   160/538 KB   213/394 KB   192/642 KB   160/313 KB   52/52 KB   164/538 KB   213/394 KB   192/642 KB   160/313 KB   52/52 KB   168/538 KB   213/394 KB   192/642 KB   160/313 KB   52/52 KB   172/538 KB   213/394 KB   192/642 KB   160/313 KB   52/52 KB   176/538 KB   213/394 KB   192/642 KB   160/313 KB   52/52 KB   180/538 KB   213/394 KB   192/642 KB   160/313 KB   52/52 KB   184/538 KB   213/394 KB   192/642 KB   160/313 KB   52/52 KB   188/538 KB   213/394 KB   192/642 KB   160/313 KB   52/52 KB   192/538 KB   213/394 KB   192/642 KB   160/313 KB   52/52 KB   196/538 KB   213/394 KB   192/642 KB   160/313 KB   52/52 KB   200/538 KB   213/394 KB   192/642 KB   160/313 KB   52/52 KB   204/538 KB   213/394 KB   192/642 KB   160/313 KB   52/52 KB   208/538 KB   213/394 KB   192/642 KB   160/313 KB   52/52 KB   212/538 KB   213/394 KB   192/642 KB   160/313 KB   52/52 KB   216/538 KB   213/394 KB   192/642 KB   160/313 KB   52/52 KB   220/538 KB   213/394 KB   192/642 KB   160/313 KB   52/52 KB   224/538 KB   213/394 KB   192/642 KB   160/313 KB   52/52 KB   224/538 KB   216/394 KB   192/642 KB   160/313 KB   52/52 KB   224/538 KB   216/394 KB   192/642 KB   164/313 KB   52/52 KB   224/538 KB   216/394 KB   192/642 KB   168/313 KB   52/52 KB   224/538 KB   216/394 KB   192/642 KB   172/313 KB   52/52 KB   224/538 KB   216/394 KB   192/642 KB   176/313 KB   52/52 KB   224/538 KB   219/394 KB   192/642 KB   176/313 KB   52/52 KB   224/538 KB   221/394 KB   192/642 KB   176/313 KB   52/52 KB   224/538 KB   221/394 KB   196/642 KB   176/313 KB   52/52 KB   224/538 KB   221/394 KB   200/642 KB   176/313 KB   52/52 KB   224/538 KB   221/394 KB   204/642 KB   176/313 KB   52/52 KB   224/538 KB   221/394 KB   208/642 KB   176/313 KB   52/52 KB   224/538 KB   224/394 KB   208/642 KB   176/313 KB   52/52 KB   224/538 KB   224/394 KB   211/642 KB   176/313 KB   52/52 KB   224/538 KB   224/394 KB   213/642 KB   176/313 KB   52/52 KB   228/538 KB   224/394 KB   213/642 KB   176/313 KB   52/52 KB   232/538 KB   224/394 KB   213/642 KB   176/313 KB   52/52 KB   236/538 KB   224/394 KB   213/642 KB   176/313 KB   52/52 KB   240/538 KB   224/394 KB   213/642 KB   176/313 KB   52/52 KB   240/538 KB   227/394 KB   213/642 KB   176/313 KB   52/52 KB   240/538 KB   227/394 KB   216/642 KB   176/313 KB   52/52 KB   240/538 KB   229/394 KB   216/642 KB   176/313 KB   52/52 KB   240/538 KB   229/394 KB   219/642 KB   176/313 KB   52/52 KB   240/538 KB   229/394 KB   221/642 KB   176/313 KB   52/52 KB   240/538 KB   232/394 KB   221/642 KB   176/313 KB   52/52 KB   240/538 KB   232/394 KB   224/642 KB   176/313 KB   52/52 KB   240/538 KB   235/394 KB   224/642 KB   176/313 KB   52/52 KB   244/538 KB   235/394 KB   224/642 KB   176/313 KB   52/52 KB   248/538 KB   235/394 KB   224/642 KB   176/313 KB   52/52 KB   252/538 KB   235/394 KB   224/642 KB   176/313 KB   52/52 KB   256/538 KB   235/394 KB   224/642 KB   176/313 KB   52/52 KB   256/538 KB   235/394 KB   227/642 KB   176/313 KB   52/52 KB   256/538 KB   237/394 KB   227/642 KB   176/313 KB   52/52 KB   256/538 KB   237/394 KB   227/642 KB   180/313 KB   52/52 KB   256/538 KB   237/394 KB   227/642 KB   184/313 KB   52/52 KB   256/538 KB   237/394 KB   227/642 KB   188/313 KB   52/52 KB   256/538 KB   237/394 KB   227/642 KB   192/313 KB   52/52 KB   256/538 KB   237/394 KB   229/642 KB   192/313 KB   52/52 KB   256/538 KB   240/394 KB   229/642 KB   192/313 KB   52/52 KB   256/538 KB   240/394 KB   232/642 KB   192/313 KB   52/52 KB                                                                  Downloaded: https://repo.maven.apache.org/maven2/org/springframework/spring-asm/3.0.2.RELEASE/spring-asm-3.0.2.RELEASE.jar (52 KB at 22.8 KB/sec)
Downloading: https://repo.maven.apache.org/maven2/org/springframework/spring-context-support/3.0.2.RELEASE/spring-context-support-3.0.2.RELEASE.jar
256/538 KB   240/394 KB   235/642 KB   192/313 KB              256/538 KB   240/394 KB   237/642 KB   192/313 KB   256/538 KB   240/394 KB   240/642 KB   192/313 KB   256/538 KB   244/394 KB   240/642 KB   192/313 KB   256/538 KB   248/394 KB   240/642 KB   192/313 KB   256/538 KB   252/394 KB   240/642 KB   192/313 KB   256/538 KB   256/394 KB   240/642 KB   192/313 KB   256/538 KB   256/394 KB   240/642 KB   196/313 KB   256/538 KB   256/394 KB   240/642 KB   200/313 KB   256/538 KB   256/394 KB   240/642 KB   204/313 KB   256/538 KB   256/394 KB   240/642 KB   208/313 KB   256/538 KB   256/394 KB   244/642 KB   208/313 KB   256/538 KB   256/394 KB   248/642 KB   208/313 KB   256/538 KB   256/394 KB   252/642 KB   208/313 KB   256/538 KB   256/394 KB   256/642 KB   208/313 KB   256/538 KB   256/394 KB   256/642 KB   211/313 KB   256/538 KB   256/394 KB   256/642 KB   213/313 KB   260/538 KB   256/394 KB   256/642 KB   213/313 KB   264/538 KB   256/394 KB   256/642 KB   213/313 KB   268/538 KB   256/394 KB   256/642 KB   213/313 KB   272/538 KB   256/394 KB   256/642 KB   213/313 KB   272/538 KB   256/394 KB   256/642 KB   216/313 KB   272/538 KB   256/394 KB   256/642 KB   219/313 KB   272/538 KB   260/394 KB   256/642 KB   219/313 KB   272/538 KB   264/394 KB   256/642 KB   219/313 KB   272/538 KB   268/394 KB   256/642 KB   219/313 KB   272/538 KB   272/394 KB   256/642 KB   219/313 KB   272/538 KB   272/394 KB   260/642 KB   219/313 KB   272/538 KB   272/394 KB   264/642 KB   219/313 KB   272/538 KB   272/394 KB   268/642 KB   219/313 KB   272/538 KB   272/394 KB   272/642 KB   219/313 KB   272/538 KB   272/394 KB   272/642 KB   221/313 KB   276/538 KB   272/394 KB   272/642 KB   221/313 KB   280/538 KB   272/394 KB   272/642 KB   221/313 KB   284/538 KB   272/394 KB   272/642 KB   221/313 KB   288/538 KB   272/394 KB   272/642 KB   221/313 KB   288/538 KB   272/394 KB   272/642 KB   224/313 KB   288/538 KB   272/394 KB   272/642 KB   227/313 KB   288/538 KB   272/394 KB   272/642 KB   229/313 KB   288/538 KB   276/394 KB   272/642 KB   229/313 KB   288/538 KB   280/394 KB   272/642 KB   229/313 KB   288/538 KB   284/394 KB   272/642 KB   229/313 KB   288/538 KB   288/394 KB   272/642 KB   229/313 KB   292/538 KB   288/394 KB   272/642 KB   229/313 KB   296/538 KB   288/394 KB   272/642 KB   229/313 KB   300/538 KB   288/394 KB   272/642 KB   229/313 KB   304/538 KB   288/394 KB   272/642 KB   229/313 KB   304/538 KB   288/394 KB   272/642 KB   232/313 KB   304/538 KB   288/394 KB   276/642 KB   232/313 KB   304/538 KB   288/394 KB   280/642 KB   232/313 KB   304/538 KB   288/394 KB   284/642 KB   232/313 KB   304/538 KB   288/394 KB   288/642 KB   232/313 KB   304/538 KB   288/394 KB   288/642 KB   235/313 KB   304/538 KB   288/394 KB   288/642 KB   235/313 KB   3/98 KB   304/538 KB   288/394 KB   288/642 KB   237/313 KB   3/98 KB   308/538 KB   288/394 KB   288/642 KB   237/313 KB   3/98 KB   312/538 KB   288/394 KB   288/642 KB   237/313 KB   3/98 KB   316/538 KB   288/394 KB   288/642 KB   237/313 KB   3/98 KB   320/538 KB   288/394 KB   288/642 KB   237/313 KB   3/98 KB   320/538 KB   288/394 KB   288/642 KB   237/313 KB   5/98 KB   320/538 KB   288/394 KB   288/642 KB   237/313 KB   8/98 KB   320/538 KB   288/394 KB   288/642 KB   240/313 KB   8/98 KB   320/538 KB   288/394 KB   292/642 KB   240/313 KB   8/98 KB   320/538 KB   288/394 KB   296/642 KB   240/313 KB   8/98 KB   320/538 KB   288/394 KB   300/642 KB   240/313 KB   8/98 KB   320/538 KB   288/394 KB   304/642 KB   240/313 KB   8/98 KB   320/538 KB   292/394 KB   304/642 KB   240/313 KB   8/98 KB   320/538 KB   296/394 KB   304/642 KB   240/313 KB   8/98 KB   320/538 KB   300/394 KB   304/642 KB   240/313 KB   8/98 KB   320/538 KB   304/394 KB   304/642 KB   240/313 KB   8/98 KB   320/538 KB   304/394 KB   304/642 KB   240/313 KB   11/98 KB   320/538 KB   304/394 KB   304/642 KB   240/313 KB   13/98 KB   320/538 KB   304/394 KB   304/642 KB   240/313 KB   16/98 KB   320/538 KB   304/394 KB   308/642 KB   240/313 KB   16/98 KB   320/538 KB   304/394 KB   312/642 KB   240/313 KB   16/98 KB   320/538 KB   304/394 KB   316/642 KB   240/313 KB   16/98 KB   320/538 KB   304/394 KB   320/642 KB   240/313 KB   16/98 KB   320/538 KB   304/394 KB   320/642 KB   240/313 KB   19/98 KB   324/538 KB   304/394 KB   320/642 KB   240/313 KB   19/98 KB   328/538 KB   304/394 KB   320/642 KB   240/313 KB   19/98 KB   332/538 KB   304/394 KB   320/642 KB   240/313 KB   19/98 KB   336/538 KB   304/394 KB   320/642 KB   240/313 KB   19/98 KB   336/538 KB   308/394 KB   320/642 KB   244/313 KB   19/98 KB   336/538 KB   308/394 KB   320/642 KB   244/313 KB   19/98 KB   336/538 KB   312/394 KB   320/642 KB   244/313 KB   19/98 KB   336/538 KB   312/394 KB   320/642 KB   248/313 KB   19/98 KB   336/538 KB   316/394 KB   320/642 KB   248/313 KB   19/98 KB   336/538 KB   316/394 KB   320/642 KB   252/313 KB   19/98 KB   336/538 KB   320/394 KB   320/642 KB   252/313 KB   19/98 KB   336/538 KB   320/394 KB   320/642 KB   256/313 KB   19/98 KB   336/538 KB   320/394 KB   320/642 KB   256/313 KB   21/98 KB   336/538 KB   320/394 KB   320/642 KB   256/313 KB   24/98 KB   336/538 KB   320/394 KB   320/642 KB   256/313 KB   27/98 KB   336/538 KB   320/394 KB   324/642 KB   256/313 KB   27/98 KB   336/538 KB   320/394 KB   328/642 KB   256/313 KB   27/98 KB   336/538 KB   320/394 KB   332/642 KB   256/313 KB   27/98 KB   336/538 KB   320/394 KB   336/642 KB   256/313 KB   27/98 KB   340/538 KB   320/394 KB   336/642 KB   256/313 KB   27/98 KB   344/538 KB   320/394 KB   336/642 KB   256/313 KB   27/98 KB   348/538 KB   320/394 KB   336/642 KB   256/313 KB   27/98 KB   352/538 KB   320/394 KB   336/642 KB   256/313 KB   27/98 KB   352/538 KB   324/394 KB   336/642 KB   256/313 KB   27/98 KB   352/538 KB   328/394 KB   336/642 KB   256/313 KB   27/98 KB   352/538 KB   332/394 KB   336/642 KB   256/313 KB   27/98 KB   352/538 KB   336/394 KB   336/642 KB   256/313 KB   27/98 KB   352/538 KB   336/394 KB   336/642 KB   256/313 KB   29/98 KB   352/538 KB   336/394 KB   336/642 KB   256/313 KB   32/98 KB   352/538 KB   336/394 KB   336/642 KB   260/313 KB   32/98 KB   352/538 KB   336/394 KB   336/642 KB   264/313 KB   32/98 KB   352/538 KB   336/394 KB   336/642 KB   268/313 KB   32/98 KB   352/538 KB   336/394 KB   336/642 KB   272/313 KB   32/98 KB   356/538 KB   336/394 KB   336/642 KB   272/313 KB   32/98 KB   360/538 KB   336/394 KB   336/642 KB   272/313 KB   32/98 KB   364/538 KB   336/394 KB   336/642 KB   272/313 KB   32/98 KB   368/538 KB   336/394 KB   336/642 KB   272/313 KB   32/98 KB   368/538 KB   336/394 KB   340/642 KB   272/313 KB   32/98 KB   368/538 KB   336/394 KB   344/642 KB   272/313 KB   32/98 KB   368/538 KB   336/394 KB   348/642 KB   272/313 KB   32/98 KB   368/538 KB   336/394 KB   352/642 KB   272/313 KB   32/98 KB   368/538 KB   340/394 KB   352/642 KB   272/313 KB   32/98 KB   368/538 KB   344/394 KB   352/642 KB   272/313 KB   32/98 KB   368/538 KB   348/394 KB   352/642 KB   272/313 KB   32/98 KB   368/538 KB   352/394 KB   352/642 KB   272/313 KB   32/98 KB   372/538 KB   352/394 KB   352/642 KB   272/313 KB   32/98 KB   376/538 KB   352/394 KB   352/642 KB   272/313 KB   32/98 KB   380/538 KB   352/394 KB   352/642 KB   272/313 KB   32/98 KB   384/538 KB   352/394 KB   352/642 KB   272/313 KB   32/98 KB   384/538 KB   352/394 KB   356/642 KB   272/313 KB   32/98 KB   384/538 KB   352/394 KB   360/642 KB   272/313 KB   32/98 KB   384/538 KB   352/394 KB   364/642 KB   272/313 KB   32/98 KB   384/538 KB   352/394 KB   368/642 KB   272/313 KB   32/98 KB   384/538 KB   352/394 KB   368/642 KB   276/313 KB   32/98 KB   384/538 KB   352/394 KB   368/642 KB   280/313 KB   32/98 KB   384/538 KB   352/394 KB   368/642 KB   284/313 KB   32/98 KB   384/538 KB   352/394 KB   368/642 KB   288/313 KB   32/98 KB   388/538 KB   352/394 KB   368/642 KB   288/313 KB   32/98 KB   392/538 KB   352/394 KB   368/642 KB   288/313 KB   32/98 KB   396/538 KB   352/394 KB   368/642 KB   288/313 KB   32/98 KB   400/538 KB   352/394 KB   368/642 KB   288/313 KB   32/98 KB   400/538 KB   356/394 KB   368/642 KB   288/313 KB   32/98 KB   400/538 KB   360/394 KB   368/642 KB   288/313 KB   32/98 KB   400/538 KB   364/394 KB   368/642 KB   288/313 KB   32/98 KB   400/538 KB   368/394 KB   368/642 KB   288/313 KB   32/98 KB   400/538 KB   368/394 KB   368/642 KB   288/313 KB   36/98 KB   400/538 KB   368/394 KB   368/642 KB   288/313 KB   40/98 KB   400/538 KB   368/394 KB   368/642 KB   288/313 KB   44/98 KB   400/538 KB   368/394 KB   368/642 KB   288/313 KB   48/98 KB   400/538 KB   368/394 KB   372/642 KB   288/313 KB   48/98 KB   400/538 KB   368/394 KB   376/642 KB   288/313 KB   48/98 KB   400/538 KB   368/394 KB   380/642 KB   288/313 KB   48/98 KB   400/538 KB   368/394 KB   384/642 KB   288/313 KB   48/98 KB   400/538 KB   368/394 KB   384/642 KB   292/313 KB   48/98 KB   400/538 KB   368/394 KB   384/642 KB   296/313 KB   48/98 KB   400/538 KB   368/394 KB   384/642 KB   300/313 KB   48/98 KB   400/538 KB   368/394 KB   384/642 KB   304/313 KB   48/98 KB   404/538 KB   368/394 KB   384/642 KB   304/313 KB   48/98 KB   408/538 KB   368/394 KB   384/642 KB   304/313 KB   48/98 KB   412/538 KB   368/394 KB   384/642 KB   304/313 KB   48/98 KB   416/538 KB   368/394 KB   384/642 KB   304/313 KB   48/98 KB   416/538 KB   372/394 KB   384/642 KB   304/313 KB   48/98 KB   416/538 KB   376/394 KB   384/642 KB   304/313 KB   48/98 KB   416/538 KB   380/394 KB   384/642 KB   304/313 KB   48/98 KB   416/538 KB   384/394 KB   384/642 KB   304/313 KB   48/98 KB   416/538 KB   384/394 KB   388/642 KB   304/313 KB   48/98 KB   416/538 KB   384/394 KB   392/642 KB   304/313 KB   48/98 KB   416/538 KB   384/394 KB   396/642 KB   304/313 KB   48/98 KB   416/538 KB   384/394 KB   400/642 KB   304/313 KB   48/98 KB   420/538 KB   384/394 KB   400/642 KB   304/313 KB   48/98 KB   424/538 KB   384/394 KB   400/642 KB   304/313 KB   48/98 KB   428/538 KB   384/394 KB   400/642 KB   304/313 KB   48/98 KB   432/538 KB   384/394 KB   400/642 KB   304/313 KB   48/98 KB   432/538 KB   384/394 KB   400/642 KB   308/313 KB   48/98 KB   432/538 KB   384/394 KB   400/642 KB   312/313 KB   48/98 KB   432/538 KB   384/394 KB   400/642 KB   313/313 KB   48/98 KB   432/538 KB   388/394 KB   400/642 KB   313/313 KB   48/98 KB   432/538 KB   392/394 KB   400/642 KB   313/313 KB   48/98 KB   432/538 KB   394/394 KB   400/642 KB   313/313 KB   48/98 KB   432/538 KB   394/394 KB   404/642 KB   313/313 KB   48/98 KB   432/538 KB   394/394 KB   408/642 KB   313/313 KB   48/98 KB   432/538 KB   394/394 KB   412/642 KB   313/313 KB   48/98 KB   432/538 KB   394/394 KB   416/642 KB   313/313 KB   48/98 KB   436/538 KB   394/394 KB   416/642 KB   313/313 KB   48/98 KB   440/538 KB   394/394 KB   416/642 KB   313/313 KB   48/98 KB   444/538 KB   394/394 KB   416/642 KB   313/313 KB   48/98 KB   448/538 KB   394/394 KB   416/642 KB   313/313 KB   48/98 KB   448/538 KB   394/394 KB   416/642 KB   313/313 KB   52/98 KB   448/538 KB   394/394 KB   416/642 KB   313/313 KB   56/98 KB   448/538 KB   394/394 KB   416/642 KB   313/313 KB   60/98 KB   448/538 KB   394/394 KB   416/642 KB   313/313 KB   64/98 KB   452/538 KB   394/394 KB   416/642 KB   313/313 KB   64/98 KB   456/538 KB   394/394 KB   416/642 KB   313/313 KB   64/98 KB   460/538 KB   394/394 KB   416/642 KB   313/313 KB   64/98 KB   464/538 KB   394/394 KB   416/642 KB   313/313 KB   64/98 KB   464/538 KB   394/394 KB   420/642 KB   313/313 KB   64/98 KB   464/538 KB   394/394 KB   424/642 KB   313/313 KB   64/98 KB   464/538 KB   394/394 KB   428/642 KB   313/313 KB   64/98 KB   464/538 KB   394/394 KB   432/642 KB   313/313 KB   64/98 KB   468/538 KB   394/394 KB   432/642 KB   313/313 KB   64/98 KB   472/538 KB   394/394 KB   432/642 KB   313/313 KB   64/98 KB   476/538 KB   394/394 KB   432/642 KB   313/313 KB   64/98 KB   480/538 KB   394/394 KB   432/642 KB   313/313 KB   64/98 KB   480/538 KB   394/394 KB   436/642 KB   313/313 KB   64/98 KB   480/538 KB   394/394 KB   440/642 KB   313/313 KB   64/98 KB   480/538 KB   394/394 KB   444/642 KB   313/313 KB   64/98 KB   480/538 KB   394/394 KB   448/642 KB   313/313 KB   64/98 KB   480/538 KB   394/394 KB   448/642 KB   313/313 KB   68/98 KB   480/538 KB   394/394 KB   448/642 KB   313/313 KB   72/98 KB   480/538 KB   394/394 KB   448/642 KB   313/313 KB   76/98 KB   480/538 KB   394/394 KB   448/642 KB   313/313 KB   80/98 KB   484/538 KB   394/394 KB   448/642 KB   313/313 KB   80/98 KB   488/538 KB   394/394 KB   448/642 KB   313/313 KB   80/98 KB   492/538 KB   394/394 KB   448/642 KB   313/313 KB   80/98 KB   496/538 KB   394/394 KB   448/642 KB   313/313 KB   80/98 KB   496/538 KB   394/394 KB   452/642 KB   313/313 KB   80/98 KB   496/538 KB   394/394 KB   456/642 KB   313/313 KB   80/98 KB   496/538 KB   394/394 KB   460/642 KB   313/313 KB   80/98 KB   496/538 KB   394/394 KB   464/642 KB   313/313 KB   80/98 KB   500/538 KB   394/394 KB   464/642 KB   313/313 KB   80/98 KB   504/538 KB   394/394 KB   464/642 KB   313/313 KB   80/98 KB   508/538 KB   394/394 KB   464/642 KB   313/313 KB   80/98 KB   512/538 KB   394/394 KB   464/642 KB   313/313 KB   80/98 KB                                                                  Downloaded: https://repo.maven.apache.org/maven2/org/springframework/spring-aop/3.0.2.RELEASE/spring-aop-3.0.2.RELEASE.jar (313 KB at 81.8 KB/sec)
Downloading: https://repo.maven.apache.org/maven2/org/springframework/spring-expression/3.0.2.RELEASE/spring-expression-3.0.2.RELEASE.jar
                                                               Downloaded: https://repo.maven.apache.org/maven2/org/springframework/spring-webmvc/3.0.2.RELEASE/spring-webmvc-3.0.2.RELEASE.jar (394 KB at 102.6 KB/sec)
Downloading: https://repo.maven.apache.org/maven2/org/springframework/spring-core/3.0.2.RELEASE/spring-core-3.0.2.RELEASE.jar
512/538 KB   464/642 KB   84/98 KB                             512/538 KB   464/642 KB   88/98 KB   512/538 KB   464/642 KB   92/98 KB   512/538 KB   464/642 KB   96/98 KB   512/538 KB   468/642 KB   96/98 KB   512/538 KB   472/642 KB   96/98 KB   512/538 KB   476/642 KB   96/98 KB   512/538 KB   480/642 KB   96/98 KB   516/538 KB   480/642 KB   96/98 KB   520/538 KB   480/642 KB   96/98 KB   524/538 KB   480/642 KB   96/98 KB   528/538 KB   480/642 KB   96/98 KB   528/538 KB   480/642 KB   98/98 KB   532/538 KB   480/642 KB   98/98 KB   536/538 KB   480/642 KB   98/98 KB   538/538 KB   480/642 KB   98/98 KB   538/538 KB   484/642 KB   98/98 KB   538/538 KB   488/642 KB   98/98 KB   538/538 KB   492/642 KB   98/98 KB   538/538 KB   496/642 KB   98/98 KB   538/538 KB   500/642 KB   98/98 KB   538/538 KB   504/642 KB   98/98 KB   538/538 KB   508/642 KB   98/98 KB   538/538 KB   512/642 KB   98/98 KB   538/538 KB   516/642 KB   98/98 KB   538/538 KB   520/642 KB   98/98 KB   538/538 KB   524/642 KB   98/98 KB   538/538 KB   528/642 KB   98/98 KB   538/538 KB   528/642 KB   3/154 KB   98/98 KB   538/538 KB   532/642 KB   3/154 KB   98/98 KB   538/538 KB   536/642 KB   3/154 KB   98/98 KB   538/538 KB   540/642 KB   3/154 KB   98/98 KB   538/538 KB   544/642 KB   3/154 KB   98/98 KB   538/538 KB   3/350 KB   544/642 KB   3/154 KB   98/98 KB   538/538 KB   5/350 KB   544/642 KB   3/154 KB   98/98 KB   538/538 KB   5/350 KB   544/642 KB   6/154 KB   98/98 KB   538/538 KB   8/350 KB   544/642 KB   6/154 KB   98/98 KB   538/538 KB   8/350 KB   544/642 KB   9/154 KB   98/98 KB   538/538 KB   11/350 KB   544/642 KB   9/154 KB   98/98 KB   538/538 KB   13/350 KB   544/642 KB   9/154 KB   98/98 KB   538/538 KB   13/350 KB   544/642 KB   11/154 KB   98/98 KB   538/538 KB   13/350 KB   548/642 KB   11/154 KB   98/98 KB   538/538 KB   13/350 KB   552/642 KB   11/154 KB   98/98 KB   538/538 KB   13/350 KB   556/642 KB   11/154 KB   98/98 KB   538/538 KB   13/350 KB   560/642 KB   11/154 KB   98/98 KB   538/538 KB   16/350 KB   560/642 KB   11/154 KB   98/98 KB   538/538 KB   16/350 KB   560/642 KB   14/154 KB   98/98 KB                                                                Downloaded: https://repo.maven.apache.org/maven2/org/springframework/spring-context-support/3.0.2.RELEASE/spring-context-support-3.0.2.RELEASE.jar (98 KB at 22.5 KB/sec)
Downloading: https://repo.maven.apache.org/maven2/org/springframework/spring-web/3.0.2.RELEASE/spring-web-3.0.2.RELEASE.jar
538/538 KB   19/350 KB   560/642 KB   14/154 KB                                                                Downloaded: https://repo.maven.apache.org/maven2/org/springframework/spring-beans/3.0.2.RELEASE/spring-beans-3.0.2.RELEASE.jar (538 KB at 123.4 KB/sec)
Downloading: https://repo.maven.apache.org/maven2/aopalliance/aopalliance/1.0/aopalliance-1.0.jar
19/350 KB   560/642 KB   16/154 KB                21/350 KB   560/642 KB   16/154 KB   21/350 KB   560/642 KB   19/154 KB   24/350 KB   560/642 KB   19/154 KB   27/350 KB   560/642 KB   19/154 KB   27/350 KB   560/642 KB   22/154 KB   27/350 KB   564/642 KB   22/154 KB   27/350 KB   568/642 KB   22/154 KB   27/350 KB   572/642 KB   22/154 KB   27/350 KB   576/642 KB   22/154 KB   29/350 KB   576/642 KB   22/154 KB   29/350 KB   576/642 KB   25/154 KB   32/350 KB   576/642 KB   25/154 KB   32/350 KB   576/642 KB   27/154 KB   32/350 KB   576/642 KB   30/154 KB   32/350 KB   580/642 KB   30/154 KB   32/350 KB   584/642 KB   30/154 KB   32/350 KB   588/642 KB   30/154 KB   32/350 KB   592/642 KB   30/154 KB   32/350 KB   592/642 KB   32/154 KB   36/350 KB   592/642 KB   32/154 KB   40/350 KB   592/642 KB   32/154 KB   44/350 KB   592/642 KB   32/154 KB   48/350 KB   592/642 KB   32/154 KB   48/350 KB   596/642 KB   32/154 KB   48/350 KB   600/642 KB   32/154 KB   48/350 KB   604/642 KB   32/154 KB   48/350 KB   608/642 KB   32/154 KB   48/350 KB   612/642 KB   32/154 KB   48/350 KB   616/642 KB   32/154 KB   48/350 KB   620/642 KB   32/154 KB   48/350 KB   624/642 KB   32/154 KB   48/350 KB   624/642 KB   36/154 KB   48/350 KB   624/642 KB   40/154 KB   48/350 KB   624/642 KB   44/154 KB   48/350 KB   624/642 KB   48/154 KB   48/350 KB   624/642 KB   49/154 KB   52/350 KB   624/642 KB   49/154 KB   56/350 KB   624/642 KB   49/154 KB   60/350 KB   624/642 KB   49/154 KB   64/350 KB   624/642 KB   49/154 KB   64/350 KB   624/642 KB   53/154 KB   64/350 KB   624/642 KB   55/154 KB   64/350 KB   628/642 KB   55/154 KB   64/350 KB   632/642 KB   55/154 KB   64/350 KB   636/642 KB   55/154 KB   64/350 KB   640/642 KB   55/154 KB   64/350 KB   640/642 KB   58/154 KB   64/350 KB   640/642 KB   61/154 KB   64/350 KB   642/642 KB   61/154 KB   64/350 KB   642/642 KB   61/154 KB   3/375 KB   64/350 KB   642/642 KB   61/154 KB   5/375 KB   64/350 KB   642/642 KB   3/5 KB   61/154 KB   5/375 KB   64/350 KB   642/642 KB   5/5 KB   61/154 KB   5/375 KB   64/350 KB   642/642 KB   5/5 KB   63/154 KB   5/375 KB   64/350 KB   642/642 KB   5/5 KB   63/154 KB   8/375 KB   68/350 KB   642/642 KB   5/5 KB   63/154 KB   8/375 KB   72/350 KB   642/642 KB   5/5 KB   63/154 KB   8/375 KB   76/350 KB   642/642 KB   5/5 KB   63/154 KB   8/375 KB   80/350 KB   642/642 KB   5/5 KB   63/154 KB   8/375 KB   80/350 KB   642/642 KB   5/5 KB   63/154 KB   11/375 KB   80/350 KB   642/642 KB   5/5 KB   66/154 KB   11/375 KB   80/350 KB   642/642 KB   5/5 KB   66/154 KB   13/375 KB   80/350 KB   642/642 KB   5/5 KB   69/154 KB   13/375 KB   80/350 KB   642/642 KB   5/5 KB   72/154 KB   13/375 KB   80/350 KB   642/642 KB   5/5 KB   72/154 KB   16/375 KB   84/350 KB   642/642 KB   5/5 KB   72/154 KB   16/375 KB   88/350 KB   642/642 KB   5/5 KB   72/154 KB   16/375 KB   92/350 KB   642/642 KB   5/5 KB   72/154 KB   16/375 KB   96/350 KB   642/642 KB   5/5 KB   72/154 KB   16/375 KB   96/350 KB   642/642 KB   5/5 KB   74/154 KB   16/375 KB   96/350 KB   642/642 KB   5/5 KB   74/154 KB   19/375 KB   96/350 KB   642/642 KB   5/5 KB   77/154 KB   19/375 KB   96/350 KB   642/642 KB   5/5 KB   77/154 KB   21/375 KB   96/350 KB   642/642 KB   5/5 KB   79/154 KB   21/375 KB   96/350 KB   642/642 KB   5/5 KB   79/154 KB   24/375 KB   96/350 KB   642/642 KB   5/5 KB   82/154 KB   24/375 KB   100/350 KB   642/642 KB   5/5 KB   82/154 KB   24/375 KB   104/350 KB   642/642 KB   5/5 KB   82/154 KB   24/375 KB   108/350 KB   642/642 KB   5/5 KB   82/154 KB   24/375 KB   112/350 KB   642/642 KB   5/5 KB   82/154 KB   24/375 KB   112/350 KB   642/642 KB   5/5 KB   82/154 KB   27/375 KB   112/350 KB   642/642 KB   5/5 KB   85/154 KB   27/375 KB   112/350 KB   642/642 KB   5/5 KB   88/154 KB   27/375 KB   112/350 KB   642/642 KB   5/5 KB   88/154 KB   29/375 KB   112/350 KB   642/642 KB   5/5 KB   88/154 KB   32/375 KB   112/350 KB   642/642 KB   5/5 KB   90/154 KB   32/375 KB   112/350 KB   642/642 KB   5/5 KB   93/154 KB   32/375 KB   116/350 KB   642/642 KB   5/5 KB   93/154 KB   32/375 KB   120/350 KB   642/642 KB   5/5 KB   93/154 KB   32/375 KB   124/350 KB   642/642 KB   5/5 KB   93/154 KB   32/375 KB   128/350 KB   642/642 KB   5/5 KB   93/154 KB   32/375 KB                                                              Downloaded: https://repo.maven.apache.org/maven2/org/springframework/spring-context/3.0.2.RELEASE/spring-context-3.0.2.RELEASE.jar (642 KB at 124.8 KB/sec)
Downloading: https://repo.maven.apache.org/maven2/javax/servlet/jstl/1.2/jstl-1.2.jar
                                                           Downloaded: https://repo.maven.apache.org/maven2/aopalliance/aopalliance/1.0/aopalliance-1.0.jar (5 KB at 0.8 KB/sec)
Downloading: https://repo.maven.apache.org/maven2/javax/servlet/servlet-api/2.5/servlet-api-2.5.jar
128/350 KB   97/154 KB   32/375 KB                         128/350 KB   101/154 KB   32/375 KB   128/350 KB   105/154 KB   32/375 KB   128/350 KB   109/154 KB   32/375 KB   132/350 KB   109/154 KB   32/375 KB   132/350 KB   109/154 KB   36/375 KB   136/350 KB   109/154 KB   36/375 KB   136/350 KB   109/154 KB   40/375 KB   140/350 KB   109/154 KB   40/375 KB   140/350 KB   109/154 KB   44/375 KB   144/350 KB   109/154 KB   44/375 KB   144/350 KB   109/154 KB   48/375 KB   148/350 KB   109/154 KB   48/375 KB   152/350 KB   109/154 KB   48/375 KB   156/350 KB   109/154 KB   48/375 KB   160/350 KB   109/154 KB   48/375 KB   160/350 KB   109/154 KB   52/375 KB   160/350 KB   109/154 KB   56/375 KB   160/350 KB   109/154 KB   60/375 KB   160/350 KB   109/154 KB   64/375 KB   164/350 KB   109/154 KB   64/375 KB   168/350 KB   109/154 KB   64/375 KB   172/350 KB   109/154 KB   64/375 KB   176/350 KB   109/154 KB   64/375 KB   180/350 KB   109/154 KB   64/375 KB   184/350 KB   109/154 KB   64/375 KB   188/350 KB   109/154 KB   64/375 KB   192/350 KB   109/154 KB   64/375 KB   192/350 KB   109/154 KB   64/375 KB   3/405 KB   192/350 KB   109/154 KB   64/375 KB   5/405 KB   192/350 KB   3/103 KB   109/154 KB   64/375 KB   5/405 KB   192/350 KB   5/103 KB   109/154 KB   64/375 KB   5/405 KB   192/350 KB   5/103 KB   109/154 KB   64/375 KB   8/405 KB   192/350 KB   8/103 KB   109/154 KB   64/375 KB   8/405 KB   192/350 KB   8/103 KB   109/154 KB   68/375 KB   8/405 KB   192/350 KB   8/103 KB   109/154 KB   72/375 KB   8/405 KB   192/350 KB   8/103 KB   109/154 KB   76/375 KB   8/405 KB   192/350 KB   8/103 KB   109/154 KB   80/375 KB   8/405 KB   192/350 KB   8/103 KB   109/154 KB   80/375 KB   11/405 KB   192/350 KB   11/103 KB   109/154 KB   80/375 KB   11/405 KB   192/350 KB   11/103 KB   109/154 KB   80/375 KB   13/405 KB   192/350 KB   13/103 KB   109/154 KB   80/375 KB   13/405 KB   192/350 KB   13/103 KB   109/154 KB   80/375 KB   16/405 KB   192/350 KB   16/103 KB   109/154 KB   80/375 KB   16/405 KB   192/350 KB   16/103 KB   109/154 KB   80/375 KB   19/405 KB   192/350 KB   16/103 KB   109/154 KB   80/375 KB   21/405 KB   192/350 KB   19/103 KB   109/154 KB   80/375 KB   21/405 KB   192/350 KB   19/103 KB   109/154 KB   80/375 KB   24/405 KB   192/350 KB   21/103 KB   109/154 KB   80/375 KB   24/405 KB   192/350 KB   21/103 KB   109/154 KB   80/375 KB   27/405 KB   192/350 KB   24/103 KB   109/154 KB   80/375 KB   27/405 KB   192/350 KB   24/103 KB   109/154 KB   80/375 KB   29/405 KB   192/350 KB   27/103 KB   109/154 KB   80/375 KB   29/405 KB   196/350 KB   27/103 KB   109/154 KB   80/375 KB   29/405 KB   200/350 KB   27/103 KB   109/154 KB   80/375 KB   29/405 KB   204/350 KB   27/103 KB   109/154 KB   80/375 KB   29/405 KB   208/350 KB   27/103 KB   109/154 KB   80/375 KB   29/405 KB   208/350 KB   27/103 KB   109/154 KB   80/375 KB   32/405 KB   208/350 KB   29/103 KB   109/154 KB   80/375 KB   32/405 KB   208/350 KB   29/103 KB   113/154 KB   80/375 KB   32/405 KB   208/350 KB   29/103 KB   117/154 KB   80/375 KB   32/405 KB   208/350 KB   29/103 KB   121/154 KB   80/375 KB   32/405 KB   208/350 KB   29/103 KB   125/154 KB   80/375 KB   32/405 KB   208/350 KB   29/103 KB   129/154 KB   80/375 KB   32/405 KB   208/350 KB   29/103 KB   133/154 KB   80/375 KB   32/405 KB   208/350 KB   29/103 KB   137/154 KB   80/375 KB   32/405 KB   208/350 KB   29/103 KB   141/154 KB   80/375 KB   32/405 KB   208/350 KB   29/103 KB   145/154 KB   80/375 KB   32/405 KB   208/350 KB   29/103 KB   149/154 KB   80/375 KB   32/405 KB   208/350 KB   29/103 KB   153/154 KB   80/375 KB   32/405 KB   208/350 KB   29/103 KB   154/154 KB   80/375 KB   32/405 KB   208/350 KB   32/103 KB   154/154 KB   80/375 KB   32/405 KB   208/350 KB   32/103 KB   154/154 KB   84/375 KB   32/405 KB   208/350 KB   32/103 KB   154/154 KB   88/375 KB   32/405 KB   208/350 KB   32/103 KB   154/154 KB   92/375 KB   32/405 KB   208/350 KB   32/103 KB   154/154 KB   96/375 KB   32/405 KB   208/350 KB   32/103 KB   154/154 KB   96/375 KB   36/405 KB   208/350 KB   32/103 KB   154/154 KB   96/375 KB   40/405 KB   208/350 KB   32/103 KB   154/154 KB   96/375 KB   44/405 KB   208/350 KB   32/103 KB   154/154 KB   96/375 KB   48/405 KB   208/350 KB   36/103 KB   154/154 KB   96/375 KB   48/405 KB   208/350 KB   40/103 KB   154/154 KB   96/375 KB   48/405 KB   208/350 KB   44/103 KB   154/154 KB   96/375 KB   48/405 KB   208/350 KB   48/103 KB   154/154 KB   96/375 KB   48/405 KB   212/350 KB   48/103 KB   154/154 KB   96/375 KB   48/405 KB   216/350 KB   48/103 KB   154/154 KB   96/375 KB   48/405 KB   220/350 KB   48/103 KB   154/154 KB   96/375 KB   48/405 KB   224/350 KB   48/103 KB   154/154 KB   96/375 KB   48/405 KB   224/350 KB   48/103 KB   154/154 KB   96/375 KB   52/405 KB   224/350 KB   48/103 KB   154/154 KB   96/375 KB   56/405 KB   224/350 KB   48/103 KB   154/154 KB   96/375 KB   60/405 KB   224/350 KB   48/103 KB   154/154 KB   96/375 KB   64/405 KB   224/350 KB   52/103 KB   154/154 KB   96/375 KB   64/405 KB   224/350 KB   56/103 KB   154/154 KB   96/375 KB   64/405 KB   224/350 KB   60/103 KB   154/154 KB   96/375 KB   64/405 KB   224/350 KB   64/103 KB   154/154 KB   96/375 KB   64/405 KB   224/350 KB   64/103 KB   154/154 KB   100/375 KB   64/405 KB   224/350 KB   64/103 KB   154/154 KB   104/375 KB   64/405 KB   224/350 KB   64/103 KB   154/154 KB   108/375 KB   64/405 KB   224/350 KB   64/103 KB   154/154 KB   112/375 KB   64/405 KB   224/350 KB   64/103 KB   154/154 KB   112/375 KB   68/405 KB   224/350 KB   64/103 KB   154/154 KB   112/375 KB   72/405 KB   224/350 KB   64/103 KB   154/154 KB   112/375 KB   76/405 KB   224/350 KB   64/103 KB   154/154 KB   112/375 KB   80/405 KB   228/350 KB   64/103 KB   154/154 KB   112/375 KB   80/405 KB   232/350 KB   64/103 KB   154/154 KB   112/375 KB   80/405 KB   236/350 KB   64/103 KB   154/154 KB   112/375 KB   80/405 KB   240/350 KB   64/103 KB   154/154 KB   112/375 KB   80/405 KB   240/350 KB   68/103 KB   154/154 KB   112/375 KB   80/405 KB   240/350 KB   72/103 KB   154/154 KB   112/375 KB   80/405 KB   240/350 KB   76/103 KB   154/154 KB   112/375 KB   80/405 KB   240/350 KB   80/103 KB   154/154 KB   112/375 KB   80/405 KB   240/350 KB   80/103 KB   154/154 KB   112/375 KB   84/405 KB   240/350 KB   80/103 KB   154/154 KB   112/375 KB   88/405 KB   240/350 KB   80/103 KB   154/154 KB   112/375 KB   92/405 KB   240/350 KB   80/103 KB   154/154 KB   112/375 KB   96/405 KB   244/350 KB   80/103 KB   154/154 KB   112/375 KB   96/405 KB   248/350 KB   80/103 KB   154/154 KB   112/375 KB   96/405 KB   252/350 KB   80/103 KB   154/154 KB   112/375 KB   96/405 KB   256/350 KB   80/103 KB   154/154 KB   112/375 KB   96/405 KB   256/350 KB   84/103 KB   154/154 KB   112/375 KB   96/405 KB   256/350 KB   88/103 KB   154/154 KB   112/375 KB   96/405 KB   256/350 KB   92/103 KB   154/154 KB   112/375 KB   96/405 KB   256/350 KB   96/103 KB   154/154 KB   112/375 KB   96/405 KB   256/350 KB   96/103 KB   154/154 KB   112/375 KB   100/405 KB   256/350 KB   96/103 KB   154/154 KB   112/375 KB   104/405 KB   256/350 KB   96/103 KB   154/154 KB   112/375 KB   108/405 KB   256/350 KB   96/103 KB   154/154 KB   112/375 KB   112/405 KB   256/350 KB   100/103 KB   154/154 KB   112/375 KB   112/405 KB   256/350 KB   103/103 KB   154/154 KB   112/375 KB   112/405 KB   256/350 KB   103/103 KB   154/154 KB   116/375 KB   112/405 KB   256/350 KB   103/103 KB   154/154 KB   120/375 KB   112/405 KB   256/350 KB   103/103 KB   154/154 KB   124/375 KB   112/405 KB   256/350 KB   103/103 KB   154/154 KB   128/375 KB   112/405 KB   256/350 KB   103/103 KB   154/154 KB   128/375 KB   116/405 KB   256/350 KB   103/103 KB   154/154 KB   128/375 KB   120/405 KB   256/350 KB   103/103 KB   154/154 KB   128/375 KB   124/405 KB   256/350 KB   103/103 KB   154/154 KB   128/375 KB   128/405 KB   260/350 KB   103/103 KB   154/154 KB   128/375 KB   128/405 KB   264/350 KB   103/103 KB   154/154 KB   128/375 KB   128/405 KB   268/350 KB   103/103 KB   154/154 KB   128/375 KB   128/405 KB   272/350 KB   103/103 KB   154/154 KB   128/375 KB   128/405 KB                                                                    Downloaded: https://repo.maven.apache.org/maven2/org/springframework/spring-expression/3.0.2.RELEASE/spring-expression-3.0.2.RELEASE.jar (154 KB at 25.0 KB/sec)
Downloading: https://repo.maven.apache.org/maven2/org/mockito/mockito-all/1.8.5/mockito-all-1.8.5.jar
272/350 KB   103/103 KB   128/375 KB   132/405 KB                272/350 KB   103/103 KB   128/375 KB   136/405 KB   272/350 KB   103/103 KB   128/375 KB   140/405 KB   272/350 KB   103/103 KB   128/375 KB   144/405 KB   275/350 KB   103/103 KB   128/375 KB   144/405 KB   277/350 KB   103/103 KB   128/375 KB   144/405 KB   280/350 KB   103/103 KB   128/375 KB   144/405 KB   283/350 KB   103/103 KB   128/375 KB   144/405 KB   283/350 KB   103/103 KB   128/375 KB   148/405 KB   283/350 KB   103/103 KB   128/375 KB   152/405 KB   283/350 KB   103/103 KB   128/375 KB   156/405 KB   283/350 KB   103/103 KB   128/375 KB   160/405 KB   285/350 KB   103/103 KB   128/375 KB   160/405 KB   285/350 KB   103/103 KB   132/375 KB   160/405 KB   285/350 KB   103/103 KB   136/375 KB   160/405 KB   285/350 KB   103/103 KB   140/375 KB   160/405 KB   285/350 KB   103/103 KB   144/375 KB   160/405 KB   288/350 KB   103/103 KB   144/375 KB   160/405 KB   288/350 KB   103/103 KB   147/375 KB   160/405 KB   291/350 KB   103/103 KB   147/375 KB   160/405 KB   293/350 KB   103/103 KB   147/375 KB   160/405 KB   293/350 KB   103/103 KB   147/375 KB   164/405 KB   293/350 KB   103/103 KB   147/375 KB   168/405 KB   293/350 KB   103/103 KB   147/375 KB   172/405 KB   293/350 KB   103/103 KB   147/375 KB   176/405 KB   293/350 KB   103/103 KB   149/375 KB   176/405 KB   296/350 KB   103/103 KB   149/375 KB   176/405 KB   296/350 KB   103/103 KB   152/375 KB   176/405 KB   299/350 KB   103/103 KB   152/375 KB   176/405 KB   301/350 KB   103/103 KB   152/375 KB   176/405 KB   301/350 KB   103/103 KB   155/375 KB   176/405 KB   301/350 KB   103/103 KB   155/375 KB   180/405 KB   301/350 KB   103/103 KB   155/375 KB   184/405 KB   301/350 KB   103/103 KB   155/375 KB   188/405 KB   301/350 KB   103/103 KB   155/375 KB   192/405 KB   304/350 KB   103/103 KB   155/375 KB   192/405 KB   304/350 KB   103/103 KB   157/375 KB   192/405 KB   304/350 KB   103/103 KB   157/375 KB   196/405 KB   304/350 KB   103/103 KB   157/375 KB   200/405 KB   304/350 KB   103/103 KB   157/375 KB   204/405 KB   304/350 KB   103/103 KB   157/375 KB   208/405 KB   304/350 KB   103/103 KB   160/375 KB   208/405 KB   308/350 KB   103/103 KB   160/375 KB   208/405 KB   312/350 KB   103/103 KB   160/375 KB   208/405 KB   316/350 KB   103/103 KB   160/375 KB   208/405 KB   320/350 KB   103/103 KB   160/375 KB   208/405 KB   320/350 KB   103/103 KB   160/375 KB   212/405 KB   320/350 KB   103/103 KB   160/375 KB   216/405 KB   320/350 KB   103/103 KB   160/375 KB   220/405 KB   320/350 KB   103/103 KB   160/375 KB   224/405 KB                                                       Downloaded: https://repo.maven.apache.org/maven2/javax/servlet/servlet-api/2.5/servlet-api-2.5.jar (103 KB at 15.7 KB/sec)
Downloading: https://repo.maven.apache.org/maven2/org/easytesting/fest-assert/1.4/fest-assert-1.4.jar
320/350 KB   160/375 KB   228/405 KB                320/350 KB   160/375 KB   232/405 KB   320/350 KB   160/375 KB   236/405 KB   320/350 KB   160/375 KB   240/405 KB   320/350 KB   3/1387 KB   160/375 KB   240/405 KB   320/350 KB   5/1387 KB   160/375 KB   240/405 KB   320/350 KB   8/1387 KB   160/375 KB   240/405 KB   324/350 KB   8/1387 KB   160/375 KB   240/405 KB   328/350 KB   8/1387 KB   160/375 KB   240/405 KB   332/350 KB   8/1387 KB   160/375 KB   240/405 KB   336/350 KB   8/1387 KB   160/375 KB   240/405 KB   336/350 KB   8/1387 KB   160/375 KB   244/405 KB   336/350 KB   8/1387 KB   160/375 KB   248/405 KB   336/350 KB   8/1387 KB   160/375 KB   252/405 KB   336/350 KB   8/1387 KB   160/375 KB   256/405 KB   336/350 KB   11/1387 KB   160/375 KB   256/405 KB   336/350 KB   13/1387 KB   160/375 KB   256/405 KB   336/350 KB   13/1387 KB   160/375 KB   260/405 KB   336/350 KB   13/1387 KB   160/375 KB   264/405 KB   336/350 KB   13/1387 KB   160/375 KB   268/405 KB   336/350 KB   13/1387 KB   160/375 KB   272/405 KB   336/350 KB   16/1387 KB   160/375 KB   272/405 KB   340/350 KB   16/1387 KB   160/375 KB   272/405 KB   344/350 KB   16/1387 KB   160/375 KB   272/405 KB   348/350 KB   16/1387 KB   160/375 KB   272/405 KB   350/350 KB   16/1387 KB   160/375 KB   272/405 KB   350/350 KB   19/1387 KB   160/375 KB   272/405 KB   350/350 KB   19/1387 KB   160/375 KB   276/405 KB   350/350 KB   19/1387 KB   160/375 KB   280/405 KB   350/350 KB   19/1387 KB   160/375 KB   284/405 KB   350/350 KB   19/1387 KB   160/375 KB   288/405 KB   350/350 KB   21/1387 KB   160/375 KB   288/405 KB   350/350 KB   24/1387 KB   160/375 KB   288/405 KB   350/350 KB   24/1387 KB   160/375 KB   292/405 KB   350/350 KB   24/1387 KB   160/375 KB   296/405 KB   350/350 KB   24/1387 KB   160/375 KB   300/405 KB   350/350 KB   24/1387 KB   160/375 KB   304/405 KB   350/350 KB   27/1387 KB   160/375 KB   304/405 KB   350/350 KB   29/1387 KB   160/375 KB   304/405 KB   350/350 KB   32/1387 KB   160/375 KB   304/405 KB   350/350 KB   32/1387 KB   160/375 KB   308/405 KB   350/350 KB   32/1387 KB   160/375 KB   312/405 KB   350/350 KB   32/1387 KB   160/375 KB   316/405 KB   350/350 KB   32/1387 KB   160/375 KB   320/405 KB   350/350 KB   32/1387 KB   160/375 KB   324/405 KB   350/350 KB   32/1387 KB   160/375 KB   328/405 KB   350/350 KB   32/1387 KB   160/375 KB   332/405 KB   350/350 KB   32/1387 KB   160/375 KB   336/405 KB   350/350 KB   3/77 KB   32/1387 KB   160/375 KB   336/405 KB   350/350 KB   3/77 KB   32/1387 KB   163/375 KB   336/405 KB   350/350 KB   3/77 KB   32/1387 KB   165/375 KB   336/405 KB   350/350 KB   3/77 KB   32/1387 KB   168/375 KB   336/405 KB   350/350 KB   3/77 KB   32/1387 KB   171/375 KB   336/405 KB   350/350 KB   3/77 KB   32/1387 KB   173/375 KB   336/405 KB   350/350 KB   3/77 KB   32/1387 KB   176/375 KB   336/405 KB   350/350 KB   3/77 KB   32/1387 KB   180/375 KB   336/405 KB   350/350 KB   3/77 KB   32/1387 KB   184/375 KB   336/405 KB   350/350 KB   3/77 KB   32/1387 KB   188/375 KB   336/405 KB   350/350 KB   3/77 KB   32/1387 KB   192/375 KB   336/405 KB   350/350 KB   3/77 KB   32/1387 KB   192/375 KB   340/405 KB   350/350 KB   3/77 KB   32/1387 KB   192/375 KB   344/405 KB   350/350 KB   3/77 KB   32/1387 KB   192/375 KB   348/405 KB   350/350 KB   3/77 KB   32/1387 KB   192/375 KB   352/405 KB   350/350 KB   6/77 KB   32/1387 KB   192/375 KB   352/405 KB   350/350 KB   9/77 KB   32/1387 KB   192/375 KB   352/405 KB   350/350 KB   11/77 KB   32/1387 KB   192/375 KB   352/405 KB   350/350 KB   14/77 KB   32/1387 KB   192/375 KB   352/405 KB   350/350 KB   14/77 KB   32/1387 KB   192/375 KB   356/405 KB   350/350 KB   14/77 KB   32/1387 KB   192/375 KB   360/405 KB   350/350 KB   14/77 KB   32/1387 KB   192/375 KB   364/405 KB   350/350 KB   14/77 KB   32/1387 KB   192/375 KB   368/405 KB   350/350 KB   16/77 KB   32/1387 KB   192/375 KB   368/405 KB   350/350 KB   19/77 KB   32/1387 KB   192/375 KB   368/405 KB   350/350 KB   19/77 KB   32/1387 KB   196/375 KB   368/405 KB   350/350 KB   19/77 KB   32/1387 KB   200/375 KB   368/405 KB   350/350 KB   19/77 KB   32/1387 KB   204/375 KB   368/405 KB   350/350 KB   19/77 KB   32/1387 KB   208/375 KB   368/405 KB   350/350 KB   22/77 KB   32/1387 KB   208/375 KB   368/405 KB   350/350 KB   25/77 KB   32/1387 KB   208/375 KB   368/405 KB   350/350 KB   27/77 KB   32/1387 KB   208/375 KB   368/405 KB   350/350 KB   27/77 KB   32/1387 KB   208/375 KB   372/405 KB   350/350 KB   27/77 KB   32/1387 KB   208/375 KB   376/405 KB   350/350 KB   27/77 KB   32/1387 KB   208/375 KB   380/405 KB   350/350 KB   27/77 KB   32/1387 KB   208/375 KB   384/405 KB   350/350 KB   27/77 KB   36/1387 KB   208/375 KB   384/405 KB   350/350 KB   27/77 KB   40/1387 KB   208/375 KB   384/405 KB   350/350 KB   27/77 KB   44/1387 KB   208/375 KB   384/405 KB   350/350 KB   27/77 KB   48/1387 KB   208/375 KB   384/405 KB   350/350 KB   30/77 KB   48/1387 KB   208/375 KB   384/405 KB   350/350 KB   32/77 KB   48/1387 KB   208/375 KB   384/405 KB   350/350 KB   32/77 KB   48/1387 KB   208/375 KB   388/405 KB   350/350 KB   32/77 KB   48/1387 KB   208/375 KB   392/405 KB   350/350 KB   32/77 KB   48/1387 KB   208/375 KB   396/405 KB   350/350 KB   32/77 KB   48/1387 KB   208/375 KB   400/405 KB   350/350 KB   32/77 KB   48/1387 KB   208/375 KB   404/405 KB   350/350 KB   32/77 KB   48/1387 KB   208/375 KB   405/405 KB                                                                  Downloaded: https://repo.maven.apache.org/maven2/org/springframework/spring-core/3.0.2.RELEASE/spring-core-3.0.2.RELEASE.jar (350 KB at 49.3 KB/sec)
Downloading: https://repo.maven.apache.org/maven2/org/easytesting/fest-util/1.1.6/fest-util-1.1.6.jar
36/77 KB   48/1387 KB   208/375 KB   405/405 KB                40/77 KB   48/1387 KB   208/375 KB   405/405 KB   44/77 KB   48/1387 KB   208/375 KB   405/405 KB   48/77 KB   48/1387 KB   208/375 KB   405/405 KB   50/77 KB   48/1387 KB   208/375 KB   405/405 KB   54/77 KB   48/1387 KB   208/375 KB   405/405 KB   57/77 KB   48/1387 KB   208/375 KB   405/405 KB   58/77 KB   48/1387 KB   208/375 KB   405/405 KB   61/77 KB   48/1387 KB   208/375 KB   405/405 KB   61/77 KB   48/1387 KB   212/375 KB   405/405 KB   61/77 KB   48/1387 KB   216/375 KB   405/405 KB   61/77 KB   48/1387 KB   220/375 KB   405/405 KB   62/77 KB   48/1387 KB   220/375 KB   405/405 KB   62/77 KB   48/1387 KB   224/375 KB   405/405 KB   65/77 KB   48/1387 KB   224/375 KB   405/405 KB   65/77 KB   52/1387 KB   224/375 KB   405/405 KB   65/77 KB   56/1387 KB   224/375 KB   405/405 KB   65/77 KB   60/1387 KB   224/375 KB   405/405 KB   67/77 KB   60/1387 KB   224/375 KB   405/405 KB   67/77 KB   64/1387 KB   224/375 KB   405/405 KB   70/77 KB   64/1387 KB   224/375 KB   405/405 KB   73/77 KB   64/1387 KB   224/375 KB   405/405 KB   75/77 KB   64/1387 KB   224/375 KB   405/405 KB   77/77 KB   64/1387 KB   224/375 KB   405/405 KB   77/77 KB   68/1387 KB   224/375 KB   405/405 KB   77/77 KB   72/1387 KB   224/375 KB   405/405 KB   77/77 KB   76/1387 KB   224/375 KB   405/405 KB   77/77 KB   80/1387 KB   224/375 KB   405/405 KB   77/77 KB   80/1387 KB   228/375 KB   405/405 KB   77/77 KB   80/1387 KB   232/375 KB   405/405 KB   77/77 KB   80/1387 KB   236/375 KB   405/405 KB   77/77 KB   80/1387 KB   240/375 KB   405/405 KB   77/77 KB   80/1387 KB   243/375 KB   405/405 KB   77/77 KB   3/31 KB   80/1387 KB   243/375 KB   405/405 KB   77/77 KB   5/31 KB   80/1387 KB   243/375 KB   405/405 KB   77/77 KB   8/31 KB   80/1387 KB   243/375 KB   405/405 KB                                                               Downloaded: https://repo.maven.apache.org/maven2/javax/servlet/jstl/1.2/jstl-1.2.jar (405 KB at 54.0 KB/sec)
Downloading: https://repo.maven.apache.org/maven2/org/slf4j/slf4j-simple/1.6.1/slf4j-simple-1.6.1.jar
77/77 KB   8/31 KB   80/1387 KB   245/375 KB                77/77 KB   11/31 KB   80/1387 KB   245/375 KB   77/77 KB   13/31 KB   80/1387 KB   245/375 KB   77/77 KB   16/31 KB   80/1387 KB   245/375 KB   77/77 KB   16/31 KB   84/1387 KB   245/375 KB   77/77 KB   16/31 KB   88/1387 KB   245/375 KB   77/77 KB   16/31 KB   92/1387 KB   245/375 KB   77/77 KB   16/31 KB   96/1387 KB   245/375 KB   77/77 KB   19/31 KB   96/1387 KB   245/375 KB   77/77 KB   21/31 KB   96/1387 KB   248/375 KB   77/77 KB   21/31 KB   96/1387 KB   248/375 KB   77/77 KB   21/31 KB   96/1387 KB   251/375 KB   77/77 KB   24/31 KB   96/1387 KB   251/375 KB   77/77 KB   27/31 KB   96/1387 KB   251/375 KB   77/77 KB   29/31 KB   96/1387 KB   251/375 KB   77/77 KB   31/31 KB   96/1387 KB   251/375 KB   77/77 KB   31/31 KB   96/1387 KB   253/375 KB   77/77 KB   31/31 KB   96/1387 KB   256/375 KB   77/77 KB   31/31 KB   96/1387 KB   259/375 KB                                                   Downloaded: https://repo.maven.apache.org/maven2/org/easytesting/fest-assert/1.4/fest-assert-1.4.jar (77 KB at 10.1 KB/sec)
31/31 KB   100/1387 KB   259/375 KB             31/31 KB   104/1387 KB   259/375 KB   31/31 KB   108/1387 KB   259/375 KB   31/31 KB   112/1387 KB   259/375 KB   31/31 KB   112/1387 KB   261/375 KB   31/31 KB   112/1387 KB   264/375 KB   31/31 KB   112/1387 KB   267/375 KB   31/31 KB   112/1387 KB   269/375 KB   31/31 KB   112/1387 KB   272/375 KB   31/31 KB   116/1387 KB   272/375 KB   31/31 KB   120/1387 KB   272/375 KB   31/31 KB   124/1387 KB   272/375 KB   31/31 KB   128/1387 KB   272/375 KB   3/8 KB   31/31 KB   128/1387 KB   272/375 KB   5/8 KB   31/31 KB   128/1387 KB   272/375 KB   8/8 KB   31/31 KB   128/1387 KB   272/375 KB   8/8 KB   31/31 KB   128/1387 KB   272/375 KB                                                  Downloaded: https://repo.maven.apache.org/maven2/org/easytesting/fest-util/1.1.6/fest-util-1.1.6.jar (31 KB at 3.8 KB/sec)
8/8 KB   132/1387 KB   272/375 KB              8/8 KB   136/1387 KB   272/375 KB   8/8 KB   140/1387 KB   272/375 KB   8/8 KB   144/1387 KB   272/375 KB   8/8 KB   144/1387 KB   276/375 KB   8/8 KB   144/1387 KB   280/375 KB   8/8 KB   144/1387 KB   284/375 KB   8/8 KB   144/1387 KB   288/375 KB   8/8 KB   148/1387 KB   288/375 KB   8/8 KB   152/1387 KB   288/375 KB   8/8 KB   156/1387 KB   288/375 KB   8/8 KB   160/1387 KB   288/375 KB   8/8 KB   160/1387 KB   292/375 KB   8/8 KB   160/1387 KB   296/375 KB   8/8 KB   160/1387 KB   300/375 KB   8/8 KB   160/1387 KB   304/375 KB   8/8 KB   164/1387 KB   304/375 KB   8/8 KB   168/1387 KB   304/375 KB   8/8 KB   172/1387 KB   304/375 KB   8/8 KB   176/1387 KB   304/375 KB   8/8 KB   176/1387 KB   308/375 KB   8/8 KB   176/1387 KB   312/375 KB   8/8 KB   176/1387 KB   316/375 KB   8/8 KB   176/1387 KB   320/375 KB                                       Downloaded: https://repo.maven.apache.org/maven2/org/slf4j/slf4j-simple/1.6.1/slf4j-simple-1.6.1.jar (8 KB at 0.9 KB/sec)
180/1387 KB   320/375 KB            184/1387 KB   320/375 KB   188/1387 KB   320/375 KB   192/1387 KB   320/375 KB   192/1387 KB   324/375 KB   192/1387 KB   328/375 KB   192/1387 KB   332/375 KB   192/1387 KB   336/375 KB   196/1387 KB   336/375 KB   200/1387 KB   336/375 KB   204/1387 KB   336/375 KB   208/1387 KB   336/375 KB   211/1387 KB   336/375 KB   213/1387 KB   336/375 KB   216/1387 KB   336/375 KB   219/1387 KB   336/375 KB   219/1387 KB   340/375 KB   219/1387 KB   344/375 KB   219/1387 KB   348/375 KB   219/1387 KB   352/375 KB   221/1387 KB   352/375 KB   224/1387 KB   352/375 KB   227/1387 KB   352/375 KB   229/1387 KB   352/375 KB   232/1387 KB   352/375 KB   235/1387 KB   352/375 KB   237/1387 KB   352/375 KB   237/1387 KB   356/375 KB   237/1387 KB   360/375 KB   237/1387 KB   364/375 KB   237/1387 KB   368/375 KB   237/1387 KB   371/375 KB   240/1387 KB   371/375 KB   240/1387 KB   373/375 KB   240/1387 KB   375/375 KB   244/1387 KB   375/375 KB   248/1387 KB   375/375 KB   252/1387 KB   375/375 KB   256/1387 KB   375/375 KB   260/1387 KB   375/375 KB   264/1387 KB   375/375 KB   268/1387 KB   375/375 KB   272/1387 KB   375/375 KB   276/1387 KB   375/375 KB   280/1387 KB   375/375 KB   284/1387 KB   375/375 KB   288/1387 KB   375/375 KB                              Downloaded: https://repo.maven.apache.org/maven2/org/springframework/spring-web/3.0.2.RELEASE/spring-web-3.0.2.RELEASE.jar (375 KB at 40.4 KB/sec)
292/1387 KB                296/1387 KB   300/1387 KB   304/1387 KB   308/1387 KB   312/1387 KB   316/1387 KB   320/1387 KB   324/1387 KB   328/1387 KB   332/1387 KB   336/1387 KB   340/1387 KB   344/1387 KB   348/1387 KB   352/1387 KB   356/1387 KB   360/1387 KB   364/1387 KB   368/1387 KB   372/1387 KB   376/1387 KB   380/1387 KB   384/1387 KB   388/1387 KB   392/1387 KB   396/1387 KB   400/1387 KB   404/1387 KB   408/1387 KB   412/1387 KB   416/1387 KB   420/1387 KB   424/1387 KB   428/1387 KB   432/1387 KB   436/1387 KB   440/1387 KB   444/1387 KB   448/1387 KB   452/1387 KB   456/1387 KB   460/1387 KB   464/1387 KB   468/1387 KB   472/1387 KB   476/1387 KB   480/1387 KB   484/1387 KB   488/1387 KB   492/1387 KB   496/1387 KB   500/1387 KB   504/1387 KB   508/1387 KB   512/1387 KB   516/1387 KB   520/1387 KB   524/1387 KB   528/1387 KB   532/1387 KB   536/1387 KB   540/1387 KB   544/1387 KB   548/1387 KB   552/1387 KB   556/1387 KB   560/1387 KB   564/1387 KB   568/1387 KB   571/1387 KB   575/1387 KB   579/1387 KB   583/1387 KB   587/1387 KB   591/1387 KB   595/1387 KB   599/1387 KB   603/1387 KB   607/1387 KB   611/1387 KB   615/1387 KB   619/1387 KB   623/1387 KB   627/1387 KB   631/1387 KB   635/1387 KB   639/1387 KB   643/1387 KB   647/1387 KB   651/1387 KB   655/1387 KB   659/1387 KB   663/1387 KB   667/1387 KB   671/1387 KB   675/1387 KB   679/1387 KB   683/1387 KB   687/1387 KB   691/1387 KB   695/1387 KB   699/1387 KB   703/1387 KB   707/1387 KB   711/1387 KB   715/1387 KB   719/1387 KB   723/1387 KB   727/1387 KB   731/1387 KB   735/1387 KB   739/1387 KB   743/1387 KB   747/1387 KB   751/1387 KB   755/1387 KB   759/1387 KB   763/1387 KB   767/1387 KB   771/1387 KB   775/1387 KB   779/1387 KB   783/1387 KB   787/1387 KB   791/1387 KB   795/1387 KB   799/1387 KB   803/1387 KB   807/1387 KB   811/1387 KB   815/1387 KB   819/1387 KB   823/1387 KB   827/1387 KB   831/1387 KB   835/1387 KB   839/1387 KB   843/1387 KB   847/1387 KB   851/1387 KB   855/1387 KB   859/1387 KB   863/1387 KB   867/1387 KB   871/1387 KB   875/1387 KB   879/1387 KB   883/1387 KB   887/1387 KB   891/1387 KB   895/1387 KB   899/1387 KB   903/1387 KB   907/1387 KB   911/1387 KB   915/1387 KB   919/1387 KB   923/1387 KB   927/1387 KB   931/1387 KB   935/1387 KB   939/1387 KB   943/1387 KB   947/1387 KB   951/1387 KB   955/1387 KB   959/1387 KB   963/1387 KB   967/1387 KB   971/1387 KB   975/1387 KB   979/1387 KB   983/1387 KB   987/1387 KB   991/1387 KB   995/1387 KB   999/1387 KB   1003/1387 KB   1007/1387 KB   1011/1387 KB   1015/1387 KB   1019/1387 KB   1023/1387 KB   1027/1387 KB   1031/1387 KB   1035/1387 KB   1039/1387 KB   1043/1387 KB   1047/1387 KB   1051/1387 KB   1055/1387 KB   1059/1387 KB   1063/1387 KB   1067/1387 KB   1071/1387 KB   1075/1387 KB   1079/1387 KB   1083/1387 KB   1087/1387 KB   1091/1387 KB   1095/1387 KB   1099/1387 KB   1103/1387 KB   1107/1387 KB   1111/1387 KB   1115/1387 KB   1119/1387 KB   1123/1387 KB   1127/1387 KB   1131/1387 KB   1135/1387 KB   1139/1387 KB   1143/1387 KB   1147/1387 KB   1151/1387 KB   1155/1387 KB   1159/1387 KB   1163/1387 KB   1167/1387 KB   1171/1387 KB   1175/1387 KB   1179/1387 KB   1183/1387 KB   1187/1387 KB   1191/1387 KB   1195/1387 KB   1199/1387 KB   1203/1387 KB   1207/1387 KB   1211/1387 KB   1215/1387 KB   1219/1387 KB   1223/1387 KB   1227/1387 KB   1231/1387 KB   1235/1387 KB   1239/1387 KB   1243/1387 KB   1247/1387 KB   1251/1387 KB   1255/1387 KB   1259/1387 KB   1263/1387 KB   1267/1387 KB   1271/1387 KB   1275/1387 KB   1279/1387 KB   1283/1387 KB   1287/1387 KB   1291/1387 KB   1295/1387 KB   1299/1387 KB   1303/1387 KB   1307/1387 KB   1311/1387 KB   1315/1387 KB   1319/1387 KB   1323/1387 KB   1327/1387 KB   1331/1387 KB   1335/1387 KB   1339/1387 KB   1343/1387 KB   1347/1387 KB   1351/1387 KB   1355/1387 KB   1359/1387 KB   1363/1387 KB   1367/1387 KB   1371/1387 KB   1375/1387 KB   1379/1387 KB   1383/1387 KB   1387/1387 KB   1387/1387 KB                  Downloaded: https://repo.maven.apache.org/maven2/org/mockito/mockito-all/1.8.5/mockito-all-1.8.5.jar (1387 KB at 86.8 KB/sec)
[INFO] 
[8mha:AAAAYB+LCAAAAAAAAP9b85aBtbiIQSmjNKU4P0+vJLE4u1gvPjexLDVPzxdEGvvmZ+X75ZekLlOVfvTjc8FPJgaGiiIGKaiG5Py84vycVD1nCA1SyAABjCCFBQCV27OjYAAAAA==[0m[INFO] --- maven-clean-plugin:2.5:clean (default-clean) @ gameoflife-web ---
[INFO] 
[8mha:AAAAYB+LCAAAAAAAAP9b85aBtbiIQSmjNKU4P0+vJLE4u1gvPjexLDVPzxdEGvvmZ+X75ZekLlOVfvTjc8FPJgaGiiIGKaiG5Py84vycVD1nCA1SyAABjCCFBQCV27OjYAAAAA==[0m[INFO] --- maven-enforcer-plugin:1.0:enforce (enforce-versions) @ gameoflife-web ---
[INFO] 
[8mha:AAAAYB+LCAAAAAAAAP9b85aBtbiIQSmjNKU4P0+vJLE4u1gvPjexLDVPzxdEGvvmZ+X75ZekLlOVfvTjc8FPJgaGiiIGKaiG5Py84vycVD1nCA1SyAABjCCFBQCV27OjYAAAAA==[0m[INFO] --- maven-resources-plugin:2.6:resources (default-resources) @ gameoflife-web ---
[INFO] Using 'UTF-8' encoding to copy filtered resources.
[INFO] Copying 1 resource
[INFO] 
[8mha:AAAAYB+LCAAAAAAAAP9b85aBtbiIQSmjNKU4P0+vJLE4u1gvPjexLDVPzxdEGvvmZ+X75ZekLlOVfvTjc8FPJgaGiiIGKaiG5Py84vycVD1nCA1SyAABjCCFBQCV27OjYAAAAA==[0m[INFO] --- jacoco-maven-plugin:0.7.2.201409121644:prepare-agent (jacoco-initialize) @ gameoflife-web ---
[INFO] argLine set to -javaagent:/Users/Shared/Jenkins/.m2/repository/org/jacoco/org.jacoco.agent/0.7.2.201409121644/org.jacoco.agent-0.7.2.201409121644-runtime.jar=destfile=/Users/Shared/Jenkins/Home/workspace/game-of-life-default/gameoflife-web/target/jacoco.exec
[INFO] 
[8mha:AAAAYB+LCAAAAAAAAP9b85aBtbiIQSmjNKU4P0+vJLE4u1gvPjexLDVPzxdEGvvmZ+X75ZekLlOVfvTjc8FPJgaGiiIGKaiG5Py84vycVD1nCA1SyAABjCCFBQCV27OjYAAAAA==[0m[INFO] --- maven-compiler-plugin:3.1:compile (default-compile) @ gameoflife-web ---
[INFO] Changes detected - recompiling the module!
[INFO] Compiling 2 source files to /Users/Shared/Jenkins/Home/workspace/game-of-life-default/gameoflife-web/target/classes
[INFO] 
[8mha:AAAAYB+LCAAAAAAAAP9b85aBtbiIQSmjNKU4P0+vJLE4u1gvPjexLDVPzxdEGvvmZ+X75ZekLlOVfvTjc8FPJgaGiiIGKaiG5Py84vycVD1nCA1SyAABjCCFBQCV27OjYAAAAA==[0m[INFO] --- maven-resources-plugin:2.6:testResources (default-testResources) @ gameoflife-web ---
[INFO] Using 'UTF-8' encoding to copy filtered resources.
[INFO] skip non existing resourceDirectory /Users/Shared/Jenkins/Home/workspace/game-of-life-default/gameoflife-web/src/test/resources
[INFO] 
[8mha:AAAAYB+LCAAAAAAAAP9b85aBtbiIQSmjNKU4P0+vJLE4u1gvPjexLDVPzxdEGvvmZ+X75ZekLlOVfvTjc8FPJgaGiiIGKaiG5Py84vycVD1nCA1SyAABjCCFBQCV27OjYAAAAA==[0m[INFO] --- maven-compiler-plugin:3.1:testCompile (default-testCompile) @ gameoflife-web ---
[INFO] Changes detected - recompiling the module!
[INFO] Compiling 3 source files to /Users/Shared/Jenkins/Home/workspace/game-of-life-default/gameoflife-web/target/test-classes
[INFO] 
[8mha:AAAAYB+LCAAAAAAAAP9b85aBtbiIQSmjNKU4P0+vJLE4u1gvPjexLDVPzxdEGvvmZ+X75ZekLlOVfvTjc8FPJgaGiiIGKaiG5Py84vycVD1nCA1SyAABjCCFBQCV27OjYAAAAA==[0m[INFO] --- maven-surefire-plugin:2.11:test (default-test) @ gameoflife-web ---
[INFO] Tests are skipped.
[INFO] 
[8mha:AAAAYB+LCAAAAAAAAP9b85aBtbiIQSmjNKU4P0+vJLE4u1gvPjexLDVPzxdEGvvmZ+X75ZekLlOVfvTjc8FPJgaGiiIGKaiG5Py84vycVD1nCA1SyAABjCCFBQCV27OjYAAAAA==[0m[INFO] --- maven-surefire-plugin:2.11:test (unit-tests) @ gameoflife-web ---
[INFO] Surefire report directory: /Users/Shared/Jenkins/Home/workspace/game-of-life-default/gameoflife-web/target/surefire-reports

-------------------------------------------------------
 T E S T S
-------------------------------------------------------
objc[816]: Class JavaLaunchHelper is implemented in both /Users/Shared/Jenkins/Home/tools/hudson.model.JDK/8u102/jre/bin/java and /Users/Shared/Jenkins/Home/tools/hudson.model.JDK/8u102/jre/lib/libinstrument.dylib. One of the two will be used. Which one is undefined.
Running com.wakaleo.gameoflife.webtests.controllers.WhenCreatingANewGame
Tests run: 3, Failures: 0, Errors: 0, Skipped: 0, Time elapsed: 0.366 sec
Running com.wakaleo.gameoflife.webtests.controllers.WhenDisplayingTheHomePage
Tests run: 2, Failures: 0, Errors: 0, Skipped: 0, Time elapsed: 0.001 sec
Running com.wakaleo.gameoflife.webtests.controllers.WhenSpawningANewGeneration
Tests run: 2, Failures: 0, Errors: 0, Skipped: 0, Time elapsed: 0.028 sec

Results :

Tests run: 7, Failures: 0, Errors: 0, Skipped: 0

[INFO] 
[8mha:AAAAYB+LCAAAAAAAAP9b85aBtbiIQSmjNKU4P0+vJLE4u1gvPjexLDVPzxdEGvvmZ+X75ZekLlOVfvTjc8FPJgaGiiIGKaiG5Py84vycVD1nCA1SyAABjCCFBQCV27OjYAAAAA==[0m[INFO] --- maven-easyb-plugin:1.4:test (default) @ gameoflife-web ---
[INFO] /Users/Shared/Jenkins/Home/workspace/game-of-life-default/gameoflife-web/src/test/stories does not exists.  Skipping easyb testing
[INFO] 
[8mha:AAAAYB+LCAAAAAAAAP9b85aBtbiIQSmjNKU4P0+vJLE4u1gvPjexLDVPzxdEGvvmZ+X75ZekLlOVfvTjc8FPJgaGiiIGKaiG5Py84vycVD1nCA1SyAABjCCFBQCV27OjYAAAAA==[0m[INFO] --- maven-war-plugin:2.1.1:war (default-war) @ gameoflife-web ---
Downloading: https://repo.maven.apache.org/maven2/org/apache/maven/maven-archiver/2.4.1/maven-archiver-2.4.1.pom
3/4 KB         4/4 KB            Downloaded: https://repo.maven.apache.org/maven2/org/apache/maven/maven-archiver/2.4.1/maven-archiver-2.4.1.pom (4 KB at 4.8 KB/sec)
Downloading: https://repo.maven.apache.org/maven2/org/codehaus/plexus/plexus-archiver/1.0/plexus-archiver-1.0.pom
2/2 KB            Downloaded: https://repo.maven.apache.org/maven2/org/codehaus/plexus/plexus-archiver/1.0/plexus-archiver-1.0.pom (2 KB at 2.0 KB/sec)
Downloading: https://repo.maven.apache.org/maven2/org/codehaus/plexus/plexus-components/1.1.17/plexus-components-1.1.17.pom
3/6 KB   5/6 KB   6/6 KB            Downloaded: https://repo.maven.apache.org/maven2/org/codehaus/plexus/plexus-components/1.1.17/plexus-components-1.1.17.pom (6 KB at 5.5 KB/sec)
Downloading: https://repo.maven.apache.org/maven2/org/codehaus/plexus/plexus/2.0.5/plexus-2.0.5.pom
3/17 KB   5/17 KB   8/17 KB   11/17 KB   13/17 KB   16/17 KB   17/17 KB              Downloaded: https://repo.maven.apache.org/maven2/org/codehaus/plexus/plexus/2.0.5/plexus-2.0.5.pom (17 KB at 16.5 KB/sec)
Downloading: https://repo.maven.apache.org/maven2/org/codehaus/plexus/plexus-io/1.0/plexus-io-1.0.pom
2/2 KB              Downloaded: https://repo.maven.apache.org/maven2/org/codehaus/plexus/plexus-io/1.0/plexus-io-1.0.pom (2 KB at 1.3 KB/sec)
Downloading: https://repo.maven.apache.org/maven2/org/codehaus/plexus/plexus-archiver/1.2/plexus-archiver-1.2.pom
2/2 KB            Downloaded: https://repo.maven.apache.org/maven2/org/codehaus/plexus/plexus-archiver/1.2/plexus-archiver-1.2.pom (2 KB at 2.2 KB/sec)
Downloading: https://repo.maven.apache.org/maven2/org/codehaus/plexus/plexus-components/1.1.18/plexus-components-1.1.18.pom
3/6 KB   5/6 KB   6/6 KB            Downloaded: https://repo.maven.apache.org/maven2/org/codehaus/plexus/plexus-components/1.1.18/plexus-components-1.1.18.pom (6 KB at 5.7 KB/sec)
Downloading: https://repo.maven.apache.org/maven2/org/codehaus/plexus/plexus-io/1.0.1/plexus-io-1.0.1.pom
2/2 KB            Downloaded: https://repo.maven.apache.org/maven2/org/codehaus/plexus/plexus-io/1.0.1/plexus-io-1.0.1.pom (2 KB at 1.0 KB/sec)
Downloading: https://repo.maven.apache.org/maven2/com/thoughtworks/xstream/xstream/1.3.1/xstream-1.3.1.pom
3/12 KB   5/12 KB   8/12 KB   11/12 KB   12/12 KB              Downloaded: https://repo.maven.apache.org/maven2/com/thoughtworks/xstream/xstream/1.3.1/xstream-1.3.1.pom (12 KB at 9.7 KB/sec)
Downloading: https://repo.maven.apache.org/maven2/com/thoughtworks/xstream/xstream-parent/1.3.1/xstream-parent-1.3.1.pom
3/14 KB    5/14 KB   8/14 KB   11/14 KB   13/14 KB   14/14 KB              Downloaded: https://repo.maven.apache.org/maven2/com/thoughtworks/xstream/xstream-parent/1.3.1/xstream-parent-1.3.1.pom (14 KB at 13.8 KB/sec)
Downloading: https://repo.maven.apache.org/maven2/xpp3/xpp3_min/1.1.4c/xpp3_min-1.1.4c.pom
2/2 KB              Downloaded: https://repo.maven.apache.org/maven2/xpp3/xpp3_min/1.1.4c/xpp3_min-1.1.4c.pom (2 KB at 1.5 KB/sec)
Downloading: https://repo.maven.apache.org/maven2/org/apache/maven/shared/maven-filtering/1.0-beta-2/maven-filtering-1.0-beta-2.pom
3/4 KB   4/4 KB            Downloaded: https://repo.maven.apache.org/maven2/org/apache/maven/shared/maven-filtering/1.0-beta-2/maven-filtering-1.0-beta-2.pom (4 KB at 4.1 KB/sec)
Downloading: https://repo.maven.apache.org/maven2/org/codehaus/plexus/plexus-interpolation/1.6/plexus-interpolation-1.6.pom
3/3 KB   3/3 KB            Downloaded: https://repo.maven.apache.org/maven2/org/codehaus/plexus/plexus-interpolation/1.6/plexus-interpolation-1.6.pom (3 KB at 2.6 KB/sec)
Downloading: https://repo.maven.apache.org/maven2/org/apache/maven/maven-archiver/2.4.1/maven-archiver-2.4.1.jar
Downloading: https://repo.maven.apache.org/maven2/org/codehaus/plexus/plexus-archiver/1.2/plexus-archiver-1.2.jar
Downloading: https://repo.maven.apache.org/maven2/org/codehaus/plexus/plexus-io/1.0.1/plexus-io-1.0.1.jar
Downloading: https://repo.maven.apache.org/maven2/com/thoughtworks/xstream/xstream/1.3.1/xstream-1.3.1.jar
Downloading: https://repo.maven.apache.org/maven2/xpp3/xpp3_min/1.1.4c/xpp3_min-1.1.4c.jar
3/25 KB   3/25 KB   3/422 KB   3/25 KB   3/422 KB   3/50 KB   5/25 KB   3/422 KB   3/50 KB   5/25 KB   3/422 KB   5/50 KB   5/25 KB   5/422 KB   5/50 KB   8/25 KB   5/422 KB   5/50 KB   8/25 KB   5/422 KB   8/50 KB   8/25 KB   8/422 KB   8/50 KB   3/178 KB   8/25 KB   8/422 KB   8/50 KB   3/178 KB   11/25 KB   8/422 KB   8/50 KB   3/20 KB   3/178 KB   11/25 KB   8/422 KB   8/50 KB   3/20 KB   3/178 KB   11/25 KB   8/422 KB   11/50 KB   3/20 KB   3/178 KB   11/25 KB   11/422 KB   11/50 KB   3/20 KB   3/178 KB   13/25 KB   11/422 KB   11/50 KB   3/20 KB   5/178 KB   13/25 KB   11/422 KB   11/50 KB   5/20 KB   5/178 KB   13/25 KB   11/422 KB   11/50 KB   5/20 KB   5/178 KB   13/25 KB   13/422 KB   13/50 KB   5/20 KB   5/178 KB   13/25 KB   13/422 KB   13/50 KB   5/20 KB   5/178 KB   16/25 KB   13/422 KB   13/50 KB   8/20 KB   5/178 KB   16/25 KB   13/422 KB   13/50 KB   8/20 KB   8/178 KB   16/25 KB   13/422 KB   13/50 KB   8/20 KB   8/178 KB   16/25 KB   16/422 KB   13/50 KB   8/20 KB   8/178 KB   19/25 KB   16/422 KB   13/50 KB   11/20 KB   8/178 KB   19/25 KB   16/422 KB   13/50 KB   11/20 KB   11/178 KB   19/25 KB   16/422 KB   13/50 KB   11/20 KB   11/178 KB   19/25 KB   19/422 KB   13/50 KB   11/20 KB   11/178 KB   21/25 KB   19/422 KB   13/50 KB   13/20 KB   11/178 KB   21/25 KB   19/422 KB   13/50 KB   13/20 KB   11/178 KB   21/25 KB   19/422 KB   16/50 KB   13/20 KB   11/178 KB   21/25 KB   21/422 KB   16/50 KB   13/20 KB   11/178 KB   24/25 KB   21/422 KB   16/50 KB   16/20 KB   11/178 KB   24/25 KB   21/422 KB   16/50 KB   16/20 KB   11/178 KB   24/25 KB   24/422 KB   16/50 KB   16/20 KB   11/178 KB   24/25 KB   24/422 KB   19/50 KB   16/20 KB   13/178 KB   24/25 KB   24/422 KB   19/50 KB   16/20 KB   13/178 KB   25/25 KB   24/422 KB   19/50 KB   19/20 KB   13/178 KB   25/25 KB   24/422 KB   19/50 KB   19/20 KB   13/178 KB   25/25 KB   27/422 KB   19/50 KB   19/20 KB   13/178 KB   25/25 KB   29/422 KB   19/50 KB   20/20 KB   13/178 KB   25/25 KB   29/422 KB   19/50 KB   20/20 KB   13/178 KB   25/25 KB   32/422 KB   19/50 KB   20/20 KB   13/178 KB   25/25 KB   36/422 KB   19/50 KB   20/20 KB   13/178 KB   25/25 KB   40/422 KB   19/50 KB   20/20 KB   13/178 KB   25/25 KB   44/422 KB   19/50 KB   20/20 KB   13/178 KB   25/25 KB   48/422 KB   19/50 KB   20/20 KB   13/178 KB   25/25 KB   48/422 KB   21/50 KB   20/20 KB   16/178 KB   25/25 KB   48/422 KB   21/50 KB   20/20 KB   16/178 KB   25/25 KB   48/422 KB   24/50 KB   20/20 KB   19/178 KB   25/25 KB   48/422 KB   24/50 KB   20/20 KB   19/178 KB   25/25 KB   52/422 KB   24/50 KB   20/20 KB   19/178 KB   25/25 KB   56/422 KB   24/50 KB   20/20 KB   19/178 KB   25/25 KB   60/422 KB   24/50 KB   20/20 KB   19/178 KB   25/25 KB   64/422 KB   24/50 KB   20/20 KB   19/178 KB   25/25 KB   64/422 KB   27/50 KB   20/20 KB   19/178 KB   25/25 KB   64/422 KB   29/50 KB   20/20 KB   21/178 KB   25/25 KB   64/422 KB   29/50 KB   20/20 KB   21/178 KB   25/25 KB   68/422 KB   29/50 KB   20/20 KB   21/178 KB   25/25 KB   72/422 KB   29/50 KB   20/20 KB   21/178 KB   25/25 KB   76/422 KB   29/50 KB   20/20 KB   21/178 KB   25/25 KB   80/422 KB   29/50 KB   20/20 KB   21/178 KB   25/25 KB   80/422 KB   32/50 KB   20/20 KB   24/178 KB   25/25 KB   80/422 KB   32/50 KB   20/20 KB   27/178 KB   25/25 KB   80/422 KB   32/50 KB   20/20 KB   27/178 KB   25/25 KB   84/422 KB   32/50 KB   20/20 KB   27/178 KB   25/25 KB   88/422 KB   32/50 KB   20/20 KB   27/178 KB   25/25 KB   92/422 KB   32/50 KB   20/20 KB   27/178 KB   25/25 KB   96/422 KB   32/50 KB   20/20 KB   29/178 KB   25/25 KB   96/422 KB   32/50 KB   20/20 KB   29/178 KB   25/25 KB   100/422 KB   32/50 KB   20/20 KB   29/178 KB   25/25 KB   104/422 KB   32/50 KB   20/20 KB   29/178 KB   25/25 KB   108/422 KB   32/50 KB   20/20 KB   29/178 KB   25/25 KB   112/422 KB   32/50 KB   20/20 KB   32/178 KB   25/25 KB   112/422 KB   32/50 KB   20/20 KB   32/178 KB   25/25 KB   112/422 KB   36/50 KB   20/20 KB   32/178 KB   25/25 KB   112/422 KB   40/50 KB   20/20 KB   32/178 KB   25/25 KB   112/422 KB   44/50 KB   20/20 KB   32/178 KB   25/25 KB   112/422 KB   48/50 KB   20/20 KB   32/178 KB   25/25 KB   116/422 KB   48/50 KB   20/20 KB   32/178 KB   25/25 KB   120/422 KB   48/50 KB   20/20 KB   32/178 KB   25/25 KB   124/422 KB   48/50 KB   20/20 KB   32/178 KB   25/25 KB   128/422 KB   48/50 KB   20/20 KB   32/178 KB   25/25 KB   128/422 KB   50/50 KB   20/20 KB   32/178 KB   25/25 KB   132/422 KB   50/50 KB   20/20 KB   32/178 KB   25/25 KB   136/422 KB   50/50 KB   20/20 KB   32/178 KB   25/25 KB   140/422 KB   50/50 KB   20/20 KB   32/178 KB   25/25 KB   144/422 KB   50/50 KB   20/20 KB   32/178 KB   25/25 KB   148/422 KB   50/50 KB   20/20 KB   32/178 KB   25/25 KB   152/422 KB   50/50 KB   20/20 KB   32/178 KB   25/25 KB   156/422 KB   50/50 KB   20/20 KB   32/178 KB   25/25 KB   160/422 KB   50/50 KB                                                                                                                       Downloaded: https://repo.maven.apache.org/maven2/xpp3/xpp3_min/1.1.4c/xpp3_min-1.1.4c.jar (25 KB at 26.0 KB/sec)
Downloaded: https://repo.maven.apache.org/maven2/org/apache/maven/maven-archiver/2.4.1/maven-archiver-2.4.1.jar (20 KB at 20.9 KB/sec)
Downloading: https://repo.maven.apache.org/maven2/org/apache/maven/shared/maven-filtering/1.0-beta-2/maven-filtering-1.0-beta-2.jar
32/178 KB   164/422 KB   50/50 KB                         32/178 KB   168/422 KB   50/50 KB   32/178 KB   172/422 KB   50/50 KB   32/178 KB   176/422 KB   50/50 KB   36/178 KB   176/422 KB   50/50 KB   40/178 KB   176/422 KB   50/50 KB   44/178 KB   176/422 KB   50/50 KB   48/178 KB   176/422 KB   50/50 KB   48/178 KB   180/422 KB   50/50 KB   48/178 KB   184/422 KB   50/50 KB   48/178 KB   188/422 KB   50/50 KB   48/178 KB   192/422 KB   50/50 KB   48/178 KB   196/422 KB   50/50 KB   48/178 KB   200/422 KB   50/50 KB   48/178 KB   204/422 KB   50/50 KB   48/178 KB   208/422 KB   50/50 KB   48/178 KB   212/422 KB   50/50 KB   48/178 KB   216/422 KB   50/50 KB   48/178 KB   220/422 KB   50/50 KB   48/178 KB   224/422 KB   50/50 KB   48/178 KB   228/422 KB   50/50 KB   48/178 KB   232/422 KB   50/50 KB   48/178 KB   236/422 KB   50/50 KB   48/178 KB   240/422 KB   50/50 KB   52/178 KB   240/422 KB   50/50 KB   56/178 KB   240/422 KB   50/50 KB   60/178 KB   240/422 KB   50/50 KB   64/178 KB   240/422 KB   50/50 KB   64/178 KB   244/422 KB   50/50 KB   64/178 KB   248/422 KB   50/50 KB   64/178 KB   252/422 KB   50/50 KB   64/178 KB   256/422 KB   50/50 KB                                       Downloaded: https://repo.maven.apache.org/maven2/org/codehaus/plexus/plexus-io/1.0.1/plexus-io-1.0.1.jar (50 KB at 42.9 KB/sec)
64/178 KB   260/422 KB              64/178 KB   264/422 KB   64/178 KB   268/422 KB   64/178 KB   272/422 KB   64/178 KB   276/422 KB   64/178 KB   280/422 KB   64/178 KB   284/422 KB   64/178 KB   288/422 KB   64/178 KB   292/422 KB   64/178 KB   296/422 KB   64/178 KB   300/422 KB   64/178 KB   304/422 KB   64/178 KB   308/422 KB   64/178 KB   312/422 KB   64/178 KB   316/422 KB   64/178 KB   320/422 KB   68/178 KB   320/422 KB   72/178 KB   320/422 KB   76/178 KB   320/422 KB   80/178 KB   320/422 KB   80/178 KB   324/422 KB   80/178 KB   328/422 KB   80/178 KB   332/422 KB   80/178 KB   336/422 KB   80/178 KB   336/422 KB   3/33 KB   80/178 KB   336/422 KB   5/33 KB   80/178 KB   336/422 KB   8/33 KB   80/178 KB   340/422 KB   8/33 KB   80/178 KB   344/422 KB   8/33 KB   80/178 KB   348/422 KB   8/33 KB   80/178 KB   352/422 KB   8/33 KB   80/178 KB   352/422 KB   11/33 KB   80/178 KB   352/422 KB   13/33 KB   80/178 KB   352/422 KB   16/33 KB   80/178 KB   356/422 KB   16/33 KB   80/178 KB   360/422 KB   16/33 KB   80/178 KB   364/422 KB   16/33 KB   80/178 KB   368/422 KB   16/33 KB   80/178 KB   368/422 KB   19/33 KB   80/178 KB   368/422 KB   21/33 KB   80/178 KB   368/422 KB   24/33 KB   80/178 KB   368/422 KB   27/33 KB   80/178 KB   368/422 KB   29/33 KB   80/178 KB   372/422 KB   29/33 KB   80/178 KB   376/422 KB   29/33 KB   80/178 KB   380/422 KB   29/33 KB   80/178 KB   384/422 KB   29/33 KB   80/178 KB   384/422 KB   32/33 KB   80/178 KB   384/422 KB   33/33 KB   84/178 KB   384/422 KB   33/33 KB   88/178 KB   384/422 KB   33/33 KB   92/178 KB   384/422 KB   33/33 KB   96/178 KB   384/422 KB   33/33 KB   96/178 KB   388/422 KB   33/33 KB   96/178 KB   392/422 KB   33/33 KB   96/178 KB   396/422 KB   33/33 KB   96/178 KB   400/422 KB   33/33 KB   96/178 KB   404/422 KB   33/33 KB   96/178 KB   408/422 KB   33/33 KB   96/178 KB   412/422 KB   33/33 KB   96/178 KB   416/422 KB   33/33 KB   96/178 KB   420/422 KB   33/33 KB   96/178 KB   422/422 KB   33/33 KB   100/178 KB   422/422 KB   33/33 KB   104/178 KB   422/422 KB   33/33 KB   108/178 KB   422/422 KB   33/33 KB   112/178 KB   422/422 KB   33/33 KB   116/178 KB   422/422 KB   33/33 KB   120/178 KB   422/422 KB   33/33 KB   124/178 KB   422/422 KB   33/33 KB   128/178 KB   422/422 KB   33/33 KB                                        Downloaded: https://repo.maven.apache.org/maven2/org/apache/maven/shared/maven-filtering/1.0-beta-2/maven-filtering-1.0-beta-2.jar (33 KB at 18.0 KB/sec)
                                     Downloaded: https://repo.maven.apache.org/maven2/com/thoughtworks/xstream/xstream/1.3.1/xstream-1.3.1.jar (422 KB at 224.7 KB/sec)
132/178 KB                           136/178 KB   140/178 KB   144/178 KB   147/178 KB   149/178 KB   152/178 KB   155/178 KB   157/178 KB   160/178 KB   163/178 KB   165/178 KB   168/178 KB   171/178 KB   173/178 KB   176/178 KB   178/178 KB                Downloaded: https://repo.maven.apache.org/maven2/org/codehaus/plexus/plexus-archiver/1.2/plexus-archiver-1.2.jar (178 KB at 66.1 KB/sec)
[INFO] Packaging webapp
[INFO] Assembling webapp [gameoflife-web] in [/Users/Shared/Jenkins/Home/workspace/game-of-life-default/gameoflife-web/target/gameoflife]
[INFO] Processing war project
[INFO] Copying webapp resources [/Users/Shared/Jenkins/Home/workspace/game-of-life-default/gameoflife-web/src/main/webapp]
[INFO] Webapp assembled in [43 msecs]
[INFO] Building war: /Users/Shared/Jenkins/Home/workspace/game-of-life-default/gameoflife-web/target/gameoflife.war
[INFO] WEB-INF/web.xml already added, skipping
[INFO] ------------------------------------------------------------------------
[INFO] Reactor Summary:
[INFO] 
[INFO] gameoflife ......................................... SUCCESS [  1.926 s]
[INFO] gameoflife-build ................................... SUCCESS [ 48.854 s]
[INFO] gameoflife-core .................................... SUCCESS [  6.080 s]
[INFO] gameoflife-web ..................................... SUCCESS [ 59.647 s]
[INFO] ------------------------------------------------------------------------
[INFO] BUILD SUCCESS
[INFO] ------------------------------------------------------------------------
[INFO] Total time: 01:56 min
[INFO] Finished at: 2016-10-11T12:28:15+07:00
[INFO] Final Memory: 30M/452M
[INFO] ------------------------------------------------------------------------
Finished: SUCCESS
